6030.29 6047.38 6064.47 6081.56 6098.65 6115.73 6132.81 6149.89 6166.97 6184.05 6201.12 
6011.54 6028.47 6045.39 6062.31 6079.22 6096.12 6113.03 6129.92 6146.81 6163.7 6180.58 
6114.98 6118.54 6122.1 6125.68 6129.27 6132.87 6136.49 6140.11 6143.74 6147.39 6151.04 
6007.94 6022.13 6036.32 6050.52 6064.72 6078.94 6093.15 6107.37 6121.6 6135.84 6150.08 
6142.73 6133.75 6124.78 6115.82 6106.86 6097.9 6088.95 6080.01 6071.07 6062.14 6053.21 
6039.11 6054 6068.91 6083.82 6098.74 6113.67 6128.6 6143.55 6158.5 6173.47 6188.44 
6083.19 6089.73 6096.28 6102.83 6109.4 6115.97 6122.55 6129.14 6135.73 6142.34 6148.95 
6125.26 6127.19 6129.13 6131.06 6132.99 6134.92 6136.85 6138.79 6140.72 6142.65 6144.58 
6083.02 6079.61 6076.19 6072.77 6069.35 6065.93 6062.51 6059.09 6055.67 6052.24 6048.81 
6099.71 6105.89 6112.08 6118.27 6124.48 6130.68 6136.9 6143.12 6149.35 6155.58 6161.82 
6100.53 6105.87 6111.21 6116.55 6121.89 6127.22 6132.56 6137.89 6143.23 6148.56 6153.9 
6086.49 6093.22 6099.93 6106.63 6113.32 6120 6126.68 6133.34 6140 6146.64 6153.28 
6038.8 6052.57 6066.34 6080.12 6093.9 6107.69 6121.48 6135.28 6149.09 6162.9 6176.71 
6157.67 6155.28 6152.89 6150.5 6148.12 6145.74 6143.36 6140.99 6138.62 6136.25 6133.88 
6092.57 6099.12 6105.66 6112.19 6118.72 6125.24 6131.75 6138.26 6144.75 6151.24 6157.73 
6058.61 6074.93 6091.27 6107.62 6123.99 6140.36 6156.75 6173.15 6189.56 6205.99 6222.43 
6114.56 6118.81 6123.07 6127.34 6131.62 6135.91 6140.2 6144.51 6148.82 6153.14 6157.47 
6136.24 6132.91 6129.58 6126.24 6122.9 6119.55 6116.2 6112.85 6109.49 6106.13 6102.77 
6124.03 6123.89 6123.75 6123.62 6123.48 6123.34 6123.2 6123.06 6122.92 6122.78 6122.63 
6067.76 6079.22 6090.7 6102.17 6113.66 6125.15 6136.65 6148.15 6159.66 6171.18 6182.7 
6014.67 6032.99 6051.31 6069.64 6087.98 6106.32 6124.66 6143.02 6161.37 6179.73 6198.1 
6049.37 6062.95 6076.52 6090.11 6103.7 6117.3 6130.91 6144.53 6158.15 6171.78 6185.42 
6059.38 6067.72 6076.07 6084.42 6092.78 6101.13 6109.49 6117.86 6126.23 6134.6 6142.97 
6092.78 6093.53 6094.28 6095.04 6095.79 6096.55 6097.3 6098.06 6098.82 6099.58 6100.34 
6034.97 6046.08 6057.2 6068.32 6079.44 6090.56 6101.68 6112.8 6123.92 6135.04 6146.15 
6073.66 6077.34 6081.01 6084.68 6088.34 6092 6095.65 6099.29 6102.94 6106.57 6110.21 
6081.22 6084.39 6087.56 6090.74 6093.91 6097.09 6100.27 6103.44 6106.62 6109.8 6112.98 
6064.09 6069.8 6075.52 6081.25 6086.99 6092.73 6098.49 6104.26 6110.03 6115.82 6121.61 
6147.21 6148.62 6150.04 6151.47 6152.91 6154.35 6155.8 6157.26 6158.72 6160.19 6161.67 
6123.78 6121.03 6118.28 6115.53 6112.79 6110.05 6107.31 6104.58 6101.85 6099.12 6096.39 
6095.8 6102.09 6108.37 6114.64 6120.9 6127.15 6133.39 6139.62 6145.84 6152.06 6158.26 
6131.37 6131.37 6131.36 6131.33 6131.29 6131.23 6131.14 6131.05 6130.93 6130.8 6130.65 
6071.64 6080.11 6088.6 6097.1 6105.61 6114.13 6122.66 6131.2 6139.75 6148.31 6156.88 
6090.7 6096.32 6101.94 6107.57 6113.2 6118.84 6124.48 6130.13 6135.78 6141.44 6147.1 
6021.12 6040.12 6059.12 6078.11 6097.11 6116.1 6135.09 6154.08 6173.06 6192.04 6211.02 
6161.28 6152.42 6143.56 6134.69 6125.82 6116.95 6108.07 6099.19 6090.3 6081.41 6072.51 
6056.18 6065.11 6074.04 6082.97 6091.91 6100.85 6109.79 6118.74 6127.68 6136.63 6145.58 
6150.1 6144.53 6138.95 6133.38 6127.8 6122.23 6116.66 6111.08 6105.51 6099.94 6094.38 
6064.54 6075.73 6086.92 6098.12 6109.32 6120.54 6131.76 6142.98 6154.22 6165.46 6176.71 
6095.67 6096.19 6096.71 6097.22 6097.72 6098.23 6098.72 6099.21 6099.7 6100.18 6100.65 
6005.02 6026.11 6047.19 6068.26 6089.32 6110.36 6131.39 6152.41 6173.41 6194.41 6215.39 
6114.49 6118.28 6122.08 6125.88 6129.68 6133.48 6137.29 6141.1 6144.91 6148.73 6152.54 
6115.22 6113.48 6111.73 6109.97 6108.21 6106.43 6104.65 6102.86 6101.06 6099.26 6097.44 
6116.23 6115.46 6114.7 6113.95 6113.2 6112.46 6111.74 6111.02 6110.3 6109.6 6108.91 
6066.73 6080.91 6095.1 6109.29 6123.5 6137.71 6151.92 6166.15 6180.38 6194.61 6208.86 
6112.33 6112.49 6112.64 6112.78 6112.91 6113.03 6113.15 6113.25 6113.34 6113.43 6113.5 
6141.06 6144.17 6147.28 6150.4 6153.52 6156.65 6159.78 6162.91 6166.05 6169.19 6172.33 
6109.51 6115.2 6120.91 6126.63 6132.36 6138.1 6143.85 6149.61 6155.38 6161.15 6166.94 
6108.05 6114.62 6121.2 6127.78 6134.37 6140.95 6147.54 6154.13 6160.72 6167.31 6173.91 
6076.96 6084.35 6091.74 6099.14 6106.54 6113.95 6121.37 6128.8 6136.23 6143.67 6151.11 
6111.37 6117.11 6122.85 6128.59 6134.34 6140.08 6145.83 6151.57 6157.32 6163.07 6168.82 
6063.04 6083.9 6104.78 6125.67 6146.58 6167.5 6188.44 6209.39 6230.36 6251.34 6272.34 
6043.68 6055.58 6067.48 6079.38 6091.28 6103.19 6115.1 6127.01 6138.92 6150.83 6162.75 
6053.37 6065.61 6077.85 6090.08 6102.31 6114.55 6126.78 6139 6151.23 6163.46 6175.68 
6051.43 6062.46 6073.49 6084.52 6095.56 6106.59 6117.63 6128.66 6139.7 6150.73 6161.77 
6039.52 6049.2 6058.9 6068.61 6078.33 6088.06 6097.79 6107.54 6117.3 6127.07 6136.85 
6083.04 6088.52 6093.99 6099.46 6104.92 6110.37 6115.82 6121.26 6126.69 6132.12 6137.55 
6083.97 6094.8 6105.62 6116.43 6127.24 6138.04 6148.83 6159.61 6170.39 6181.16 6191.93 
6161.48 6160.16 6158.85 6157.54 6156.25 6154.97 6153.69 6152.43 6151.17 6149.93 6148.7 
6086.83 6093.8 6100.78 6107.76 6114.74 6121.72 6128.71 6135.69 6142.68 6149.66 6156.65 
6172.83 6167.1 6161.38 6155.67 6149.97 6144.28 6138.6 6132.93 6127.27 6121.62 6115.99 
6132.05 6129.3 6126.54 6123.79 6121.03 6118.27 6115.51 6112.74 6109.98 6107.21 6104.44 
6140.25 6136.75 6133.25 6129.76 6126.27 6122.78 6119.31 6115.83 6112.36 6108.89 6105.43 
6117.12 6115.92 6114.7 6113.48 6112.25 6111.01 6109.77 6108.52 6107.26 6106 6104.73 
6114.5 6117.96 6121.42 6124.88 6128.33 6131.78 6135.22 6138.66 6142.09 6145.51 6148.94 
6095.43 6095.02 6094.61 6094.2 6093.79 6093.38 6092.98 6092.57 6092.17 6091.77 6091.38 
6148.87 6148.75 6148.63 6148.51 6148.38 6148.26 6148.14 6148.01 6147.89 6147.76 6147.64 
6066.12 6073.49 6080.86 6088.23 6095.59 6102.94 6110.28 6117.62 6124.95 6132.28 6139.6 
6083.33 6086.35 6089.38 6092.41 6095.46 6098.51 6101.56 6104.62 6107.69 6110.77 6113.85 
6051.9 6063.64 6075.37 6087.09 6098.81 6110.53 6122.24 6133.94 6145.64 6157.33 6169.02 
6050.09 6068.49 6086.89 6105.29 6123.7 6142.1 6160.51 6178.92 6197.33 6215.74 6234.15 
6038.21 6055.27 6072.32 6089.38 6106.44 6123.5 6140.55 6157.61 6174.67 6191.73 6208.79 
6074.92 6080.99 6087.07 6093.14 6099.21 6105.29 6111.36 6117.43 6123.5 6129.57 6135.64 
6106.16 6113.59 6120.99 6128.38 6135.74 6143.08 6150.4 6157.7 6164.98 6172.23 6179.46 
6135.62 6131.59 6127.56 6123.52 6119.47 6115.42 6111.37 6107.31 6103.25 6099.19 6095.12 
6177.88 6166.2 6154.52 6142.84 6131.16 6119.49 6107.82 6096.14 6084.47 6072.8 6061.13 
6089.89 6091.75 6093.6 6095.44 6097.27 6099.09 6100.9 6102.7 6104.5 6106.28 6108.05 
6186.38 6180.66 6174.94 6169.22 6163.51 6157.8 6152.1 6146.39 6140.69 6135 6129.3 
6067.76 6071.44 6075.12 6078.8 6082.49 6086.18 6089.87 6093.56 6097.26 6100.97 6104.67 
6195.64 6182.64 6169.65 6156.66 6143.69 6130.72 6117.75 6104.8 6091.85 6078.91 6065.97 
6045.35 6053.12 6060.88 6068.64 6076.39 6084.13 6091.88 6099.62 6107.35 6115.08 6122.81 
6060.83 6069.06 6077.28 6085.51 6093.74 6101.98 6110.22 6118.47 6126.71 6134.97 6143.22 
6099.88 6105.65 6111.4 6117.14 6122.87 6128.58 6134.28 6139.97 6145.64 6151.3 6156.94 
6043.12 6055.26 6067.4 6079.54 6091.68 6103.82 6115.96 6128.11 6140.25 6152.39 6164.54 
6060.22 6074.86 6089.5 6104.15 6118.79 6133.43 6148.07 6162.72 6177.36 6192 6206.64 
6094.24 6099.96 6105.68 6111.41 6117.15 6122.9 6128.65 6134.41 6140.17 6145.94 6151.72 
6101.56 6110.73 6119.9 6129.07 6138.24 6147.41 6156.59 6165.77 6174.95 6184.13 6193.31 
6090.68 6098.62 6106.56 6114.51 6122.45 6130.4 6138.35 6146.3 6154.26 6162.21 6170.17 
6067.69 6073.76 6079.84 6085.93 6092.02 6098.12 6104.22 6110.33 6116.44 6122.56 6128.69 
6098.81 6105.98 6113.14 6120.31 6127.48 6134.65 6141.83 6149.01 6156.19 6163.38 6170.57 
6043.05 6061.33 6079.6 6097.87 6116.14 6134.41 6152.68 6170.94 6189.2 6207.46 6225.72 
6062.75 6077.75 6092.76 6107.77 6122.77 6137.77 6152.77 6167.77 6182.76 6197.76 6212.75 
6170.2 6165.48 6160.75 6156 6151.25 6146.48 6141.7 6136.91 6132.11 6127.3 6122.48 
6036.11 6049.94 6063.79 6077.64 6091.5 6105.38 6119.26 6133.16 6147.07 6160.98 6174.91 
6123.77 6121.29 6118.8 6116.32 6113.83 6111.34 6108.85 6106.36 6103.86 6101.36 6098.86 
6104.97 6106.81 6108.64 6110.48 6112.32 6114.17 6116.02 6117.88 6119.74 6121.6 6123.47 
6048.37 6064.18 6080 6095.83 6111.67 6127.51 6143.37 6159.23 6175.1 6190.97 6206.86 
6073.46 6087.74 6102.03 6116.33 6130.64 6144.97 6159.32 6173.67 6188.04 6202.43 6216.82 
6038.46 6052.12 6065.78 6079.42 6093.06 6106.7 6120.32 6133.94 6147.56 6161.16 6174.76 
6110.47 6109.31 6108.15 6106.99 6105.82 6104.66 6103.49 6102.32 6101.15 6099.98 6098.81 
6124.27 6130.12 6135.97 6141.83 6147.7 6153.58 6159.47 6165.36 6171.27 6177.19 6183.12 
6048.62 6059.46 6070.29 6081.12 6091.96 6102.79 6113.62 6124.45 6135.28 6146.11 6156.94 
6055.95 6066.62 6077.28 6087.94 6098.6 6109.25 6119.9 6130.54 6141.18 6151.82 6162.45 
6033.93 6046.79 6059.65 6072.51 6085.38 6098.25 6111.12 6124 6136.88 6149.76 6162.64 
6085.86 6089.49 6093.12 6096.75 6100.39 6104.03 6107.67 6111.32 6114.97 6118.63 6122.29 
6106.18 6104.65 6103.13 6101.62 6100.1 6098.6 6097.09 6095.59 6094.1 6092.61 6091.12 
6072.39 6079.23 6086.07 6092.92 6099.78 6106.64 6113.5 6120.37 6127.25 6134.13 6141.01 
6094.62 6102.85 6111.07 6119.29 6127.5 6135.71 6143.92 6152.13 6160.33 6168.53 6176.72 
6069.96 6079.72 6089.5 6099.28 6109.06 6118.85 6128.64 6138.44 6148.24 6158.05 6167.86 
6111.04 6110.96 6110.87 6110.79 6110.7 6110.61 6110.53 6110.44 6110.36 6110.27 6110.19 
6079.41 6089.44 6099.46 6109.46 6119.46 6129.45 6139.43 6149.39 6159.35 6169.3 6179.23 
6092.44 6094.74 6097.04 6099.34 6101.64 6103.95 6106.25 6108.56 6110.87 6113.19 6115.5 
6081.12 6089.31 6097.51 6105.72 6113.93 6122.15 6130.38 6138.61 6146.86 6155.1 6163.36 
6046.1 6061.06 6076.04 6091.04 6106.04 6121.07 6136.11 6151.16 6166.23 6181.32 6196.42 
6116.51 6119.21 6121.88 6124.55 6127.2 6129.83 6132.44 6135.04 6137.62 6140.19 6142.74 
6065.16 6077 6088.84 6100.7 6112.57 6124.45 6136.35 6148.26 6160.18 6172.11 6184.06 
6084.19 6092.05 6099.92 6107.79 6115.68 6123.57 6131.46 6139.37 6147.27 6155.19 6163.11 
6058.08 6064.3 6070.52 6076.72 6082.92 6089.1 6095.28 6101.45 6107.6 6113.75 6119.89 
6017.82 6032.1 6046.39 6060.69 6075 6089.32 6103.65 6117.99 6132.34 6146.7 6161.07 
6209.62 6191.6 6173.58 6155.55 6137.53 6119.49 6101.46 6083.42 6065.39 6047.34 6029.3 
6083.51 6092.97 6102.44 6111.92 6121.4 6130.89 6140.39 6149.89 6159.41 6168.92 6178.45 
6169.43 6163.17 6156.91 6150.65 6144.39 6138.13 6131.87 6125.62 6119.36 6113.11 6106.86 
6085.22 6097.84 6110.46 6123.09 6135.72 6148.35 6160.99 6173.63 6186.27 6198.92 6211.57 
6098.31 6094.66 6091.02 6087.4 6083.79 6080.19 6076.61 6073.04 6069.49 6065.95 6062.43 
6057.26 6068.67 6080.1 6091.53 6102.98 6114.44 6125.92 6137.41 6148.91 6160.42 6171.95 
6100.49 6105.26 6110.03 6114.8 6119.57 6124.34 6129.11 6133.88 6138.65 6143.42 6148.19 
6122.62 6125.13 6127.64 6130.17 6132.7 6135.25 6137.8 6140.37 6142.94 6145.53 6148.12 
6093.1 6102.7 6112.29 6121.88 6131.46 6141.03 6150.59 6160.15 6169.7 6179.23 6188.77 
6097.62 6104.24 6110.87 6117.5 6124.13 6130.76 6137.39 6144.02 6150.66 6157.3 6163.94 
6110.38 6110.14 6109.9 6109.67 6109.43 6109.2 6108.97 6108.75 6108.52 6108.3 6108.08 
6067.86 6080.49 6093.1 6105.72 6118.32 6130.92 6143.51 6156.09 6168.67 6181.23 6193.8 
6090.5 6093.19 6095.88 6098.58 6101.28 6103.98 6106.69 6109.4 6112.11 6114.82 6117.54 
6063.24 6062.69 6062.15 6061.62 6061.11 6060.6 6060.11 6059.63 6059.16 6058.7 6058.25 
6060.23 6068.84 6077.44 6086.05 6094.65 6103.26 6111.86 6120.46 6129.06 6137.66 6146.25 
6138.4 6139.74 6141.08 6142.41 6143.73 6145.05 6146.36 6147.67 6148.97 6150.26 6151.55 
6073.69 6081.79 6089.9 6098.01 6106.12 6114.24 6122.35 6130.47 6138.59 6146.71 6154.84 
6065.58 6072.01 6078.45 6084.89 6091.33 6097.77 6104.21 6110.65 6117.09 6123.53 6129.97 
6045.8 6052.11 6058.42 6064.74 6071.05 6077.37 6083.68 6090 6096.32 6102.63 6108.95 
6066.43 6077.78 6089.13 6100.47 6111.8 6123.12 6134.44 6145.74 6157.04 6168.33 6179.61 
6097.06 6098.3 6099.54 6100.77 6102 6103.21 6104.42 6105.62 6106.82 6108 6109.18 
6122.87 6119.98 6117.08 6114.15 6111.21 6108.24 6105.26 6102.26 6099.24 6096.2 6093.15 
6012.79 6029.45 6046.11 6062.76 6079.41 6096.05 6112.68 6129.31 6145.93 6162.55 6179.16 
6091.73 6095.31 6098.9 6102.49 6106.08 6109.68 6113.28 6116.88 6120.49 6124.1 6127.71 
6031.31 6044.39 6057.47 6070.55 6083.64 6096.74 6109.83 6122.94 6136.05 6149.16 6162.28 
6084.47 6095.31 6106.14 6116.97 6127.79 6138.61 6149.42 6160.24 6171.04 6181.85 6192.65 
6106.03 6113.77 6121.51 6129.26 6137.01 6144.76 6152.52 6160.27 6168.03 6175.8 6183.56 
6032.71 6053.09 6073.46 6093.83 6114.21 6134.58 6154.95 6175.32 6195.69 6216.06 6236.43 
6067.72 6076.85 6085.98 6095.1 6104.21 6113.32 6122.42 6131.51 6140.6 6149.68 6158.76 
6101.48 6103.5 6105.52 6107.53 6109.55 6111.57 6113.59 6115.61 6117.63 6119.65 6121.67 
6159.79 6159.94 6160.08 6160.21 6160.32 6160.43 6160.52 6160.6 6160.67 6160.73 6160.78 
6047.67 6057.66 6067.63 6077.6 6087.56 6097.5 6107.43 6117.35 6127.26 6137.16 6147.05 
6091.69 6097.89 6104.09 6110.3 6116.51 6122.72 6128.93 6135.15 6141.37 6147.59 6153.81 
6053.38 6069.28 6085.17 6101.05 6116.92 6132.79 6148.65 6164.49 6180.33 6196.17 6211.99 
6049.73 6056.92 6064.12 6071.31 6078.5 6085.69 6092.88 6100.06 6107.25 6114.44 6121.62 
6032.15 6047.1 6062.06 6077 6091.94 6106.88 6121.81 6136.73 6151.64 6166.55 6181.46 
6027.62 6043.45 6059.28 6075.12 6090.96 6106.8 6122.65 6138.49 6154.35 6170.2 6186.06 
6090.85 6096.34 6101.83 6107.31 6112.78 6118.25 6123.72 6129.17 6134.63 6140.08 6145.52 
6118.59 6120.77 6122.95 6125.14 6127.34 6129.55 6131.77 6134 6136.23 6138.48 6140.74 
6019.72 6031.54 6043.37 6055.19 6067.02 6078.86 6090.7 6102.54 6114.38 6126.23 6138.08 
6145.59 6142.88 6140.17 6137.45 6134.73 6132.01 6129.28 6126.55 6123.82 6121.08 6118.35 
6110.92 6116.87 6122.83 6128.8 6134.78 6140.77 6146.77 6152.77 6158.79 6164.81 6170.85 
6167.85 6157.5 6147.15 6136.8 6126.45 6116.1 6105.75 6095.4 6085.06 6074.71 6064.36 
6113.27 6119.04 6124.82 6130.62 6136.42 6142.24 6148.07 6153.91 6159.76 6165.62 6171.5 
6059.82 6067.18 6074.55 6081.92 6089.29 6096.67 6104.05 6111.44 6118.83 6126.22 6133.62 
6171.82 6165.23 6158.63 6152.03 6145.42 6138.81 6132.19 6125.56 6118.92 6112.28 6105.63 
6085.48 6091.66 6097.84 6104.01 6110.18 6116.35 6122.52 6128.69 6134.85 6141.01 6147.17 
6071.68 6080.96 6090.25 6099.54 6108.82 6118.11 6127.41 6136.7 6145.99 6155.29 6164.58 
6123.71 6126.2 6128.69 6131.19 6133.7 6136.2 6138.72 6141.24 6143.76 6146.29 6148.82 
6050.32 6062.54 6074.75 6086.96 6099.16 6111.35 6123.53 6135.7 6147.87 6160.03 6172.18 
6087.43 6099.57 6111.73 6123.91 6136.09 6148.29 6160.51 6172.74 6184.98 6197.23 6209.5 
6147.33 6145.28 6143.23 6141.18 6139.14 6137.1 6135.06 6133.02 6130.99 6128.96 6126.93 
6160.43 6155.25 6150.08 6144.9 6139.73 6134.57 6129.4 6124.24 6119.07 6113.91 6108.75 
6066.97 6069.71 6072.46 6075.21 6077.97 6080.73 6083.5 6086.27 6089.04 6091.82 6094.61 
6126.57 6129.16 6131.78 6134.41 6137.05 6139.72 6142.4 6145.1 6147.82 6150.56 6153.31 
6067.06 6076.75 6086.43 6096.1 6105.76 6115.41 6125.06 6134.7 6144.32 6153.94 6163.55 
6034.38 6044.27 6054.17 6064.07 6073.98 6083.89 6093.81 6103.73 6113.66 6123.59 6133.53 
6043.97 6058.95 6073.93 6088.91 6103.89 6118.87 6133.85 6148.83 6163.81 6178.79 6193.77 
6115.78 6112.57 6109.36 6106.16 6102.97 6099.78 6096.6 6093.42 6090.25 6087.09 6083.93 
6123.42 6119.51 6115.6 6111.69 6107.79 6103.89 6100 6096.11 6092.22 6088.34 6084.46 
6137.42 6128.87 6120.31 6111.75 6103.19 6094.63 6086.07 6077.51 6068.94 6060.37 6051.8 
6074.96 6081.14 6087.33 6093.52 6099.72 6105.93 6112.14 6118.36 6124.59 6130.82 6137.06 
6066.4 6079.42 6092.43 6105.44 6118.45 6131.45 6144.45 6157.45 6170.44 6183.43 6196.41 
6057.62 6066.78 6075.93 6085.08 6094.22 6103.36 6112.5 6121.63 6130.75 6139.88 6148.99 
6098.84 6100.84 6102.86 6104.88 6106.91 6108.95 6110.99 6113.05 6115.11 6117.17 6119.25 
6129.68 6130.91 6132.14 6133.37 6134.59 6135.81 6137.02 6138.24 6139.45 6140.66 6141.86 
6085.03 6093.98 6102.93 6111.87 6120.8 6129.73 6138.64 6147.56 6156.46 6165.36 6174.25 
6031.02 6044.77 6058.51 6072.23 6085.95 6099.65 6113.34 6127.02 6140.69 6154.34 6167.98 
6100.62 6109.8 6119 6128.2 6137.41 6146.64 6155.88 6165.12 6174.38 6183.65 6192.93 
6121.93 6123.18 6124.43 6125.68 6126.92 6128.16 6129.4 6130.63 6131.86 6133.09 6134.32 
6048.98 6065.36 6081.73 6098.11 6114.49 6130.87 6147.26 6163.64 6180.03 6196.43 6212.82 
6045.71 6063.27 6080.83 6098.41 6115.98 6133.57 6151.16 6168.76 6186.36 6203.98 6221.59 
6087.4 6097.82 6108.22 6118.61 6128.99 6139.37 6149.73 6160.09 6170.44 6180.77 6191.1 
6105.61 6108.86 6112.11 6115.35 6118.59 6121.83 6125.06 6128.29 6131.51 6134.73 6137.95 
6088.96 6094.81 6100.65 6106.49 6112.31 6118.13 6123.94 6129.74 6135.53 6141.31 6147.09 
6016.76 6028.68 6040.62 6052.57 6064.52 6076.48 6088.46 6100.44 6112.42 6124.42 6136.43 
6141.87 6140.16 6138.46 6136.76 6135.07 6133.39 6131.72 6130.05 6128.39 6126.75 6125.11 
6041.52 6053.38 6065.24 6077.09 6088.93 6100.78 6112.62 6124.46 6136.29 6148.12 6159.95 
6163.36 6162.37 6161.39 6160.42 6159.45 6158.48 6157.52 6156.57 6155.62 6154.67 6153.73 
6107.01 6113.24 6119.48 6125.73 6131.98 6138.24 6144.5 6150.77 6157.04 6163.32 6169.6 
6065.29 6078.72 6092.15 6105.57 6119 6132.43 6145.85 6159.28 6172.7 6186.12 6199.54 
1827.05 2576.14 3393.75 4271.72 5191.49 6128.98 7060.37 7967.4 8841.02 9682.35 10501.2 
1798.05 2551.54 3344.66 4190.51 5090.89 6035.48 7003.77 7969.24 8904.94 9789.27 10610.5 
1740.01 2504.71 3339.17 4218.66 5122.06 6034.96 6950.68 7869.22 8794.33 9729.69 10675.1 
1788.04 2581.99 3399.43 4249.52 5133.91 6046.24 6973.26 7897.73 8802.27 9673.52 10505.6 
1749.83 2531.9 3364.73 4238.94 5143.47 6066.21 6994.91 7918.2 8826.58 9712.85 10572.2 
1891.91 2591.06 3376.96 4230.7 5131.87 6061.46 7003.36 7944.34 8872.86 9777.4 10645.1 
1774.84 2560.34 3381.89 4238.39 5124.87 6033.68 6956.15 7884.46 8813.65 9743.08 10677.3 
1766.29 2580.05 3430.91 4313.56 5218.35 6134.05 7050.42 7959.98 8858.8 9746.33 10624.6 
1816.81 2589.24 3409.93 4273.11 5169.02 6085.07 7007.1 7920.47 8811.03 9666.3 10476.5 
1703.7 2546.22 3421.13 4315.89 5217.59 6116.4 7008.27 7896.18 8789.28 9699.98 10639.7 
1661.76 2520.11 3387.02 4260.15 5142.11 6037.96 6951.86 7883.91 8828.02 9771.33 10695.5 
1879.21 2623.13 3435.03 4302.06 5207.48 6132.57 7058.61 7968.63 8848.93 9690.14 10487.8 
1775.35 2537.41 3352.74 4217.1 5121.15 6051.62 6992.89 7928.65 8843.24 9722.63 10555.1 
1763.61 2530.21 3353.76 4223.8 5127.75 6052.59 6986.07 7917.16 8836 9733.67 10602.2 
1779.37 2581.75 3425.96 4301.3 5195.5 6097.74 7001.33 7905.36 8814.9 9739.64 10691.2 
1951.03 2626.8 3396.82 4245.51 5151.04 6088.88 7035.54 7971.68 8884.46 9768.51 10625.7 
1910.1 2621.04 3384.12 4201.17 5070.56 5985.57 6933.55 7896.38 8852.22 9778.26 10654 
1785.24 2587.27 3413.61 4266.68 5146.35 6049.33 6969.23 7897.26 8823.4 9737.74 10631.7 
1732.9 2562.37 3398.09 4248.85 5119.81 6011.76 6921.99 7845.74 8777.66 9712.32 10643.5 
1860.46 2609.85 3423.24 4282.62 5172.4 6080.21 6996.98 7916.89 8837.26 9758.64 10684.8 
1764.33 2512.96 3322.1 4185.37 5089.96 6019.47 6957.42 7890.84 8813.15 9725.63 10637.3 
1757.47 2559.66 3397.49 4271.12 5175.2 6098.72 7026.97 7944.71 8839.62 9704.42 10537.2 
1753.08 2572.81 3419.64 4287.28 5171.1 6067.24 6972.03 7882.15 8795.19 9710.47 10629.5 
1675.66 2535.83 3418.08 4317.55 5228.15 6142.8 7054.31 7956.65 8846.21 9722.42 10587.6 
1881.14 2626.28 3427.89 4282.96 5180.67 6104.66 7036.09 7956.83 8852.3 9713.54 10538.2 
1840.45 2587.23 3370.2 4197.56 5071.13 5985.35 6927.28 7877.49 8811.95 9704.7 10531 
1807.77 2553.16 3371.26 4244.86 5152.79 6074.91 6996.11 7908.64 8812.03 9711.18 10613.1 
1776.45 2577.11 3411.92 4279.69 5174.51 6087.41 7008.27 7927.4 8836.4 9728.25 10596.7 
1794.71 2574.6 3410.62 4287.21 5188.89 6102.8 7020.34 7937.56 8854.45 9773.38 10697.3 
1767.59 2509.35 3319.28 4182.03 5083.56 6011.15 6952.48 7894.46 8822.73 9722.35 10579.7 
1624.81 2539.32 3432.34 4315.19 5199.07 6092.97 7001.48 7922.95 8848.53 9762.5 10644.2 
1891.91 2608.79 3383.88 4216.83 5101.11 6024.07 6968.31 7914.51 8845.13 9748.17 10620.2 
1788.02 2555.83 3372.75 4231.6 5123.28 6038.16 6967.04 7901.83 8835.85 9764.17 10683.9 
1823.83 2586.83 3400.61 4263.79 5167.62 6098.49 7040.49 7977.58 8894.88 9779.41 10620.3 
1829.51 2591.75 3415.87 4283.24 5175.61 6079.02 6985.86 7894.51 8806.76 9723.93 10643 
1716.47 2545.54 3381.04 4232.42 5104.18 5996.65 6907.52 7833.58 8772.2 9722.24 10684.2 
1783.81 2563.31 3373.83 4223.96 5113 6031.68 6964.71 7894.39 8804.57 9684.05 10528.7 
1829.68 2606.05 3427.5 4287.87 5179.02 6092.4 7019.51 7951.31 8876.78 9781.49 10646.8 
1873.71 2623.89 3446.3 4314.9 5207.37 6108.04 7009.08 7910.05 8815.59 9732.1 10664 
1716.77 2519.63 3359.39 4236.19 5144.15 6072.61 7007.9 7935.42 8841.53 9714.91 10547.6 
1784.76 2531.41 3354.1 4237.63 5162.8 6109.1 7056.79 7988.24 8888.33 9744.43 10546.2 
1827.5 2609.3 3419.02 4263.82 5143.92 6052.38 6976.4 7899.86 8806.75 9684.61 10527.5 
1904.01 2625.58 3430.96 4297.34 5200.49 6118.16 7032.73 7932.98 8814.57 9679.34 10533.6 
1793.73 2576.72 3400.87 4262.15 5155.48 6074.19 7009.25 7948.71 8877.65 9779 10635.3 
1747.7 2556 3418.88 4315.39 5226.55 6138.69 7045.11 7945.79 8845.05 9747.84 10655.8 
1665.01 2515.08 3402.9 4309.96 5220.34 6124.07 7018.6 7908.1 8801.14 9707.33 10634.2 
1773.39 2575.58 3401.42 4255.2 5137.82 6046.32 6974.37 7913.59 8855.18 9791.53 10717.3 
1725.93 2486.38 3319.57 4209.22 5135.54 6078.29 7019.7 7946.64 8851.49 9731.37 10586.3 
1692.81 2551.64 3403 4259.66 5131.56 6023.42 6933.5 7854.03 8773.57 9680.63 10567.9 
1805.89 2561.12 3367.76 4226.55 5128.45 6057.57 6995.26 7924.35 8832.74 9715.65 10576.1 
1882.93 2636.11 3433.98 4278.97 5165.08 6079.91 7007.31 7930.42 8834.45 9709.02 10549.6 
1872.25 2605.97 3401.25 4252.14 5144.75 6061.87 6988 7913.63 8837.81 9768.55 10721.1 
1795.4 2593.5 3423.12 4282.43 5169.15 6078.68 7002.87 7929.83 8845.19 9734.53 10586.4 
2012.17 2640.97 3369.07 4181.62 5060 5983.57 6931.78 7886.26 8832.41 9760.02 10662.9 
1806.45 2544.04 3362.82 4241.55 5157.61 6090.13 7021.97 7940.16 8835.3 9700.35 10529.6 
1827.51 2583.49 3395.23 4257.53 5159.09 6084.59 7017.39 7942.26 8847.75 9727.44 10580.1 
1698.63 2555.23 3428.96 4310.35 5193.37 6076.28 6961.65 7855.61 8766.08 9700.42 10662.7 
1873.8 2624.45 3436.89 4294.89 5179.26 6073.86 6970.15 7869.33 8781.76 9724.26 10716 
1698.19 2576.27 3439.48 4303.16 5176.45 6062.6 6961.12 7870.83 8792.9 9732.59 10699.4 
1772.66 2571.41 3396.95 4258.54 5157.21 6084.48 7023.78 7953.88 8853.14 9703.46 10492.7 
1716.73 2507.31 3356.43 4252.67 5177.05 6108.93 7031.77 7937.19 8826.82 9711.69 10609.6 
1685.31 2556.06 3428.12 4303.17 5184.79 6076.84 6981.76 7898.76 8822.56 9742.91 10645 
1757.02 2600.31 3433.72 4277.12 5145.58 6046.42 6977.46 7927.27 8877.63 9807.92 10700.4 
1703.7 2549.11 3414.05 4294.23 5187.61 6092.53 7006.33 7924.77 8842.45 9753.79 10654.3 
1872.29 2599.62 3398.45 4259.22 5166.1 6099.28 7037.27 7958.76 8844.14 9676.79 10444.2 
1833.19 2608.07 3397.65 4221.81 5091.21 6005.85 6955.82 7923.76 8888.75 9830.35 10732.3 
1835.28 2600.07 3403.9 4246.29 5124.54 6033.39 6965.31 7911.45 8862.77 9810.97 10748.9 
1746.09 2571.56 3418.39 4287.27 5175.48 6078.04 6988.84 7901.71 8811.34 9714.06 10608.6 
1703.98 2523.97 3365.53 4230.13 5115.56 6017.42 6930.5 7850.07 8772.91 9698.02 10627.2 
1745.45 2531.6 3359.04 4230.45 5141.37 6079.72 7027.35 7963.47 8869.13 9731.81 10548.6 
1835.95 2555.55 3351.2 4201.09 5086.71 5993.9 6913.05 7838.54 8767.34 9696.97 10623.2 
1847.4 2591.25 3392.41 4242.89 5131.56 6045.82 6973.07 7901.84 8822.44 9727.18 10610.4 
1710.39 2544.15 3405.35 4283.66 5171 6063.07 6959.85 7864.76 8782.59 9716.79 10666.6 
1720.31 2582.43 3447.33 4319.86 5203.98 6101.06 7008.8 7921.23 8830 9726.66 10605.3 
1726.51 2531.34 3368.2 4232.36 5117.96 6018.79 6930.06 7850.42 8783.56 9738.5 10728.2 
1782.62 2542.47 3358.73 4224.47 5128.24 6056.4 6995.31 7932.87 8859.65 9769.64 10660.7 
1810.4 2598.54 3401.97 4240.72 5123.23 6044.32 6986.49 7924.42 8831.23 9685.11 10474.5 
1715.74 2519.47 3365.6 4244.54 5145.86 6060.88 6984.32 7914.76 8853.9 9804.85 10770.1 
1816.55 2525.62 3315.79 4175.26 5087.24 6032.34 6991.25 7947.35 8888.87 9810.22 10712.2 
1718.9 2502.48 3339.11 4220.28 5136.91 6078.15 7030.26 7975.92 8894.85 9765.77 10569.5 
1789.24 2603.07 3424.18 4263.48 5129.21 6024.66 6946.69 7885.43 8825.32 9747.59 10633.6 
1743.94 2569.14 3416.66 4282.97 5161.62 6046.09 6933.23 7826.3 8736.45 9681.88 10684.6 
1856.73 2627.55 3453.29 4315.33 5197.63 6088.77 6983.07 7880.54 8785.6 9704.75 10643.5 
1737.33 2552.17 3404.19 4290.72 5203.36 6129.02 7052.66 7961.1 8846.73 9710.2 10561.1 
1836.34 2594.28 3403.14 4265.17 5171.29 6104.23 7043.22 7968.91 8867.53 9733.58 10570.4 
1765.16 2554.46 3381.4 4248.06 5147 6065.8 6992.01 7917.07 8838.17 9757.86 10681.8 
1706.3 2570.97 3438.25 4306.54 5176.79 6052.66 6939.75 7843.94 8769.53 9717.67 10685.7 
1938.36 2625.98 3389.06 4225.17 5121.52 6056.85 7005.28 7941.62 8846.69 9711.81 10541 
1866.53 2590.88 3370.26 4211.06 5108.02 6046.04 7004.24 7961.25 8900.27 9812.66 10699.2 
1659.35 2546.26 3427.63 4310.09 5198.64 6095.58 6999.93 7907.77 8813.6 9712.75 10604.1 
1903.08 2611.1 3410.74 4276.35 5182.73 6108.83 7039.95 7968.13 8890.75 9807.58 10717.4 
1818.17 2577.25 3390.03 4253.29 5155.28 6079.63 7010.39 7936.82 8856.53 9776.14 10709.2 
1725.96 2557.8 3402.83 4265.49 5146.81 6044.95 6956.4 7877.27 8804.54 9736.78 10674.3 
1810.11 2583.72 3401 4263.12 5162.6 6084.76 7010.94 7922.74 8806.16 9654.82 10471.3 
1754.82 2581.03 3423.41 4278.65 5145.43 6024.68 6918.95 7830.97 8761.57 9707.43 10659.5 
1818.53 2563.31 3374.37 4238.9 5141.82 6067.56 7001.09 7928.3 8835.86 9711.1 10542.2 
1833.77 2574.65 3365.04 4209.16 5102.49 6032.6 6981.52 7929.18 8857.06 9751.31 10604.6 
1729.56 2486.64 3307.38 4184.55 5101.76 6037.8 6972.11 7890.34 8788.52 9674.88 10568.8 
1782.18 2536.14 3375.81 4272.3 5197.86 6129.93 7053.83 7963.6 8861.04 9753.18 10648.9 
1764.91 2590.79 3449.12 4328.36 5219.88 6117.75 7017.75 7916.08 8808.06 9687.44 10546.3 
1703.58 2511.92 3358.28 4235.91 5136.4 6051.51 6974.49 7900.29 8824.53 9741.59 10642.4 
1731.8 2525.2 3359.76 4231.64 5130.8 6046.02 6969.28 7898.08 8835.28 9786.57 10756.7 
1730.49 2536.27 3386.25 4263.98 5157.8 6061.26 6971.37 7885.23 8796.38 9692.26 10553.6 
1812.46 2589.28 3401.1 4250.18 5133.69 6043.94 6969.79 7898.75 8819.33 9722.63 10603.2 
1798.81 2581.36 3405.38 4268.35 5163.59 6081.4 7010.26 7937.8 8851.55 9739.5 10590.7 
1737.2 2564.59 3436.95 4334.74 5242.07 6148.64 7049.69 7944.13 8831.52 9709.17 10570.2 
1696.19 2544.61 3398.1 4263.58 5146.35 6048.06 6965.56 7891 8813.13 9719.31 10597.8 
1852.14 2570.4 3365.18 4225.67 5134.66 6072.01 7017.68 7953.75 8865.3 9740.45 10570.1 
1856.66 2580.48 3370.19 4218.97 5115.35 6043.86 6985.97 7921.24 8828.57 9687.51 10479.7 
1712.36 2522.23 3353.34 4210.55 5093.89 5998.86 6917.4 7839.29 8753.88 9651.98 10527.6 
1887.32 2611 3402.58 4255.87 5157.17 6088.47 7031.38 7970.87 8897.74 9809.2 10707.7 
1653.74 2503.58 3360.67 4233.42 5126.16 6038.37 6965.25 7899.17 8831.44 9753.99 10660.4 
1707.61 2559.12 3427.48 4307.1 5193.55 6084.77 6981.64 7887.66 8807.89 9747.26 10708.8 
1701.53 2479.06 3307.42 4178.77 5083.99 6011.93 6949.37 7882.01 8795.91 9679.18 10523.1 
1732.24 2570.54 3415.09 4273.05 5152.73 6059.11 6990.2 7935.22 8874.88 9783.81 10634.4 
1848.7 2645.06 3455.36 4286.95 5144.72 6029.91 6939.56 7866.93 8802.95 9738.5 10666.9 
1942.13 2668.04 3426.27 4233.07 5095.21 6007.51 6952.92 7905.23 8833.94 9710.09 10511.9 
1689.51 2503.72 3341.35 4205.48 5094.56 6003.47 6925.39 7853.82 8783.96 9712.83 10638.3 
1854.78 2638.73 3434.45 4256.89 5115.42 6011.42 6937.33 7877.18 8808.7 9706.65 10546.8 
1870.21 2616.74 3404.51 4234.9 5103.8 6002.68 6920.18 7843.83 8761.5 9662.47 10538.1 
1866.48 2550.33 3336.05 4199.13 5111.15 6044.8 6977.96 7896.72 8796.85 9683.9 10571.9 
1688.69 2464.87 3292.35 4172.45 5096.46 6048.26 7008.26 7957.74 8882.55 9775.19 10635.3 
1712.53 2539.11 3372.16 4224.69 5103.73 6008.82 6932.64 7863.18 8787.14 9693.39 10575.6 
1743.25 2570.79 3417.68 4284.87 5171.05 6072.26 6982.13 7892.49 8794.65 9680.93 10546.2 
1869.9 2599.1 3403.51 4268.89 5175 6100.37 7026.78 7942.41 8842.88 9730.16 10609.8 
1895.3 2616.84 3409.71 4267.42 5174.23 6108.73 7048.02 7971.89 8865.99 9723.7 10546.3 
1795.86 2537.18 3350.32 4223.87 5139.05 6073.99 7008.3 7926.67 8820.94 9690.21 10539.2 
1877.29 2605.65 3406.42 4259.53 5146.74 6054.81 6976.34 7908.7 8851.49 9803.8 10762.1 
1721.34 2492.95 3309.36 4170.43 5071.48 6002.96 6951.08 7899.43 8831.18 9731.64 10590.4 
1830.82 2587.96 3400.88 4260.34 5154.75 6071.67 6999.21 7927.4 8849.08 9760.37 10660.5 
1800.17 2581.14 3415.66 4281.82 5166.74 6065.14 6976.34 7900.5 8834.96 9771.73 10696.4 
1818.53 2531.62 3336.67 4213.89 5139.62 6088.37 7035.25 7958.51 8841.95 9676.63 10461.6 
1755.39 2611.43 3450.04 4287.03 5136.84 6009.9 6910.5 7835.6 8775.15 9713.95 10634.7 
1705.03 2520.5 3374.14 4252.58 5144.03 6040.4 6938.69 7841.35 8755.41 9690.61 10656.7 
1796.64 2566.16 3411.18 4304.67 5219.38 6133.24 7033.32 7917.3 8792.19 9670.81 10566.8 
1952.09 2640.09 3410 4250.8 5143.88 6066.29 6995.06 7911.69 8805.65 9676.14 10531.5 
1850.35 2556.16 3350.06 4215.84 5131.37 6072.19 7015.02 7940.56 8834.98 9690.12 10502.4 
1771.37 2568.23 3399.35 4257.87 5137.61 6033.1 6939.11 7849.76 8757.49 9652.24 10521.2 
1898.02 2640.97 3426.33 4254 5119.47 6016.11 6937.63 7879.7 8840.3 9818.61 10812.9 
1804.86 2581.94 3393.69 4237.49 5111.56 6013.6 6939.75 7883.93 8837.34 9788.26 10721.9 
1890.26 2584.85 3365.15 4217.69 5123.96 6062.24 7009.43 7942.63 8840.29 9682.87 10453.3 
1899.41 2593.68 3393.37 4266.33 5179.86 6106.46 7027.72 7935.62 8831.27 9721.58 10615 
1741.08 2570.49 3414.11 4277.98 5166.15 6077.67 7004.47 7930.8 8834.67 9691.24 10477.4 
1871.75 2632.69 3438.57 4282.89 5157.47 6054.94 6970.75 7904.07 8857.37 9834.88 10840.4 
1869.46 2602.55 3409.17 4272.29 5174.45 6098.86 7029.42 7949.84 8842.58 9688.16 10465.5 
1863.2 2602.71 3379.75 4204.12 5078.3 5996.85 6946.76 7908.78 8859.8 9776.19 10637.5 
1936.05 2607.6 3375.23 4223.07 5129.51 6069.56 7017.46 7949.31 8845.37 9691.55 10480.1 
1902.8 2598.51 3377.79 4227.48 5129.7 6064.16 7010.78 7951.78 8873.08 9764.79 10620.7 
1767.1 2552.68 3388.92 4263.76 5162.35 6071.49 6983.49 7898.35 8823.56 9771.41 10754.6 
1694.72 2485.99 3324.66 4206.31 5120.93 6055.02 6994.08 7925.09 8838.32 9728.43 10594.6 
1807.98 2598.88 3441.04 4318.68 5214.23 6112.95 7007.04 7898.34 8798.63 9727.47 10707.8 
1879.28 2652.23 3455.91 4291.43 5154.69 6039.09 6938.5 7849.6 8772.95 9712.43 10673.4 
1771.38 2539.36 3369.45 4248.64 5162.37 6096.66 7039.24 7979.77 8909.28 9819.56 10702.8 
1762.16 2503.36 3317.38 4192.54 5109.42 6045.62 6980.86 7901.32 8802.2 9687.96 10570.3 
1663.97 2491.89 3355.7 4246.6 5154.88 6071.24 6988.28 7901.89 8812.49 9725.67 10652 
1760.14 2565.22 3394.13 4246.65 5121.97 6018.15 6931.36 7855.22 8780.85 9697.76 10595.6 
1758.39 2516.63 3356.27 4254.9 5185.47 6122.36 7046.35 7947.68 8826.75 9692.69 10560.3 
1745.39 2535.31 3363.12 4230.42 5133.27 6062.13 7002.76 7938.07 8850.69 9725.87 10554.1 
1747.41 2559.7 3406.88 4283.36 5182.31 6095.63 7014.51 7930.26 8835.8 9727.12 10604.7 
1753.87 2572.26 3428.02 4309.3 5204.88 6106.77 7011.63 7920.46 8836.6 9762.6 10697 
1830.27 2506.99 3295.07 4165.71 5088.09 6033.55 6979.51 7912.63 8830.5 9741.66 10663.5 
1641.13 2472.02 3337.88 4238.39 5165.76 6107.02 7047.41 7973.85 8877.4 9754.12 10604.2 
1754.81 2551.48 3374.79 4228.28 5114.08 6030.8 6971.66 7923.65 8867.7 9780.32 10636.4 
1720.87 2556.9 3412.62 4293.13 5196.07 6113.66 7035.52 7951.79 8855.72 9745.51 10624.9 
1563.53 2453.45 3356.27 4264.11 5172.3 6079.35 6985.85 7892.23 8796.5 9692.4 10568.8 
1858.95 2586.46 3381.76 4230.65 5116.63 6024.2 6941.57 7862.31 8785.88 9716.85 10663.3 
1779.29 2580.78 3396.83 4241.47 5120.61 6032.43 6969.26 7920.59 8876.17 9828.73 10775.6 
1851.6 2565.56 3341.53 4186.98 5095.3 6047.96 7018.96 7980.27 8906.88 9780.38 10590.4 
1717.31 2549.28 3401.39 4275.22 5169.22 6079.3 6999.8 7924.65 8848.39 9766.82 10677.2 
1802.37 2559.57 3370.51 4227.48 5123.14 6049.58 6997.27 7954.7 8908.66 9845.49 10752.8 
1696.41 2514.13 3371.39 4259.59 5168.25 6087.34 7009.67 7932.89 8860.41 9800.94 10766.7 
1825.23 2560 3348.52 4193.01 5088.52 6022.84 6977.61 7930.47 8858.15 9739.96 10561.1 
1733.6 2554.45 3387.24 4245.38 5133.66 6048.66 6980.85 7917.44 8845.56 9755.15 10640.9 
1697.88 2528.8 3373.86 4242.65 5140.68 6066.65 7011.07 7956.98 8882.64 9765.76 10588.3 
1671.87 2517.21 3384.87 4275.78 5188.08 6117.17 7055.74 7993.89 8919.22 9817.15 10671.7 
1603.08 2484.31 3376.56 4272.58 5170.25 6071.29 6979.25 7897.1 8825.15 9759.87 10693.7 
1677.46 2534.93 3408.65 4297.24 5197.7 6106.44 7020 7935.55 8851 9765.02 10676.9 
1723.6 2497.36 3325.39 4204 5123.49 6068.79 7021.16 7960.89 8870.64 9738.7 10561.5 
1804.4 2605.81 3437.06 4296.22 5180.82 6087.28 7010.04 7940.54 8866.47 9771.46 10635.7 
1745.18 2528.73 3354.88 4229.16 5145.43 6088.17 7036.85 7970.98 8874.66 9739.32 10564.3 
1773.75 2607.13 3464.74 4340.57 5229.71 6128.02 7031.22 7933.87 8828.78 9707.06 10559.1 
1939.48 2660.6 3425.22 4238.08 5099.47 6004.33 6942.17 7897.98 8854.31 9794.45 10705.9 
1786.67 2554.46 3366.26 4220.88 5111.8 6028.23 6956.88 7884.21 8798.61 9692.3 10562.3 
1951.51 2643.07 3402.78 4223.96 5094.76 5999.78 6922.26 7846.19 8758.13 9648.3 10510.8 
1759.93 2545.49 3381.43 4254.6 5152.4 6064.4 6983.39 7905.45 8829.4 9755.63 10684.8 
1874.88 2606.57 3402.63 4251.49 5140.36 6055.96 6984.75 7912.6 8824.37 9703.7 10533.4 
1760.95 2547.8 3395.03 4282.48 5191.89 6109.83 7028.57 7944.99 8858.38 9768.09 10672 
1829.73 2593.71 3408.08 4271.45 5173.96 6100.42 7034.24 7960.85 8870.1 9757.17 10622.1 
1752.02 2578.44 3413.88 4268.53 5145.89 6043.47 6954.91 7872.63 8790.32 9704.54 10615.2 
1749.78 2502.76 3335.7 4227.42 5153.32 6091.06 7024.93 7947.77 8860.08 9766.94 10673.6 
1683.58 2511.73 3386.14 4289.85 5205.98 6120.79 7025.3 7915.31 8789.8 9648.62 10490.1 
1651.08 2484.8 3349.61 4241.46 5154.71 6082.62 7017.08 7947.78 8861.51 9742.15 10571.7 
1870.09 2613.75 3398.18 4236.01 5126.11 6055.88 7005.37 7951.87 8874.19 9755.75 10586.3 
1968.7 2685.43 3458.93 4284.75 5152.79 6050.98 6968.57 7898.24 8836.88 9784.74 10743.8 
1850.64 2603.02 3416.82 4285.01 5196.46 6135.54 7082.69 8016.06 8914.16 9758.89 10538.5 
1781.77 2588.89 3408.98 4254.86 5131.85 6038.32 6967.61 7910.79 8859.44 9807.93 10754.6 
1777.59 2554.26 3382.95 4255.11 5157.7 6076.95 7001.29 7923.26 8839.9 9752.16 10663.5 
1796.53 2589.45 3426.09 4291.29 5172.69 6062.51 6958.58 7864.2 8787.02 9736.89 10723.1 
1876.95 2621.6 3435.27 4301.22 5201.05 6116.4 7031.17 7933.58 8817.57 9682.97 10534.3 
1811.2 2629.16 3464.39 4319.32 5193.3 6083.38 6985.91 7898.79 8823.72 9767.88 10744.3 
6067.16 6123.81 6144.45 6147.2 6145.18 6145.23 6148.64 6153.44 6157.41 6160.78 6167.81 
6318.73 6169.61 6110.89 6105.63 6125.09 6150.34 6170.72 6180.23 6173.3 6141.52 6072.12 
6158.52 6134.32 6116.74 6107.27 6105.55 6109.53 6116.62 6125.19 6135.63 6150.32 6172.34 
6143.58 6094.37 6099.29 6125.65 6148.18 6154.71 6146.6 6134.25 6129.94 6141.03 6166.24 
6005.64 6025.59 6059.84 6098.74 6133.09 6156.2 6163.9 6152.74 6117.68 6050.9 5942.66 
6178.04 6070.77 6037.5 6058.23 6109.11 6166.36 6209.68 6224.54 6203.01 6143.22 6047.94 
6151.19 6112.57 6078.55 6055.41 6044.99 6046.46 6057.91 6076.82 6099.58 6120.32 6130.21 
6236.9 6116.87 6054.72 6047.04 6079.02 6128.94 6173.96 6195.78 6184.64 6141 6074.52 
6194.13 6157.37 6138.5 6139.03 6153.38 6171.09 6180.45 6172.62 6145.22 6104.32 6064.32 
6350.47 6165.53 6076.65 6062.94 6094.78 6141.16 6176.31 6184.07 6158.64 6102.13 6020.01 
6232.71 6136.89 6076.46 6061.17 6088.64 6144.83 6206.42 6244.94 6232.12 6145.73 5974.94 
6072.45 6025.16 6005.45 6012.43 6041.8 6084.96 6128.74 6156.79 6152.97 6106.55 6017.59 
6272.86 6158.72 6089.52 6059.93 6059.74 6075.04 6091.59 6099.03 6094.52 6084.11 6080.89 
6135.49 6028.31 6004.59 6033.23 6083.63 6130.16 6155.86 6154.52 6130.29 6094.44 6060.1 
6394.59 6234.67 6137.81 6097.46 6098.97 6123.29 6151.56 6168.76 6165.02 6133.95 6069.06 
6356.14 6152.31 6051.81 6037.44 6077.81 6136.07 6179.78 6189.04 6160.73 6107.83 6054.41 
6115.49 6083.38 6070.35 6075.43 6095.57 6124.53 6153.08 6170.81 6169.3 6145.62 6105.01 
6127.2 6078.64 6060.27 6066.5 6089.74 6120.9 6149.93 6166.25 6159.14 6117.9 6032.32 
6193.75 6135.04 6122.62 6132.33 6146.15 6153.87 6152.25 6141.76 6122.05 6087.47 6024.34 
6180.09 6091.19 6067.89 6084.68 6117.32 6146.65 6161.34 6159.17 6146.19 6134.01 6135.57 
6210.67 6121.65 6070.77 6054.28 6063.96 6089.29 6119.09 6142.46 6149.38 6131.47 6083.26 
6296.92 6175.61 6090.69 6045.14 6036.46 6056.17 6091.4 6127.88 6152.88 6157.1 6134.66 
6109.94 6059.37 6027.8 6019.86 6034.57 6066.34 6106.91 6147.82 6182.98 6210.57 6233.96 
6318.88 6168.45 6073.12 6032.31 6034.21 6060.37 6092.11 6116.59 6130.55 6140.63 6160.25 
6122.23 6086.8 6087.99 6107.68 6129.57 6141.74 6139.36 6126.64 6116.92 6130.1 6187.52 
6200.68 6152.96 6142.93 6148.04 6151.45 6144.45 6126.06 6100.19 6071.16 6039.33 5998.23 
6293.6 6158.21 6094.95 6082.82 6100.99 6131.6 6161.17 6180.43 6182.96 6163.51 6116.59 
6313 6143.79 6036.42 5991.48 5999.47 6043.5 6103.2 6158.74 6194.05 6198.47 6167 
6351.62 6179.21 6081.18 6053.28 6078.13 6128.47 6173.52 6186.72 6152.58 6070.59 5954.82 
6229.18 6150.03 6092.48 6069.95 6081.43 6114.23 6150.19 6173.03 6174.49 6157.47 6135.08 
6163.41 6083.64 6052.01 6061.96 6100.83 6150.82 6191.43 6202.93 6170.18 6085.66 5950.94 
6238.13 6145.76 6081.54 6044.28 6032.22 6042.52 6069.53 6102.71 6125.07 6113.32 6040.38 
6090.56 6032 6016.84 6036.2 6078.06 6128.03 6170.32 6189.26 6171.64 6109.55 6003.15 
6237.58 6094.63 6051.6 6068.22 6106.63 6139.05 6152.26 6148.19 6141 6151.75 6202.31 
6197.45 6153.39 6122.87 6106.73 6103.28 6108.47 6116.34 6119.68 6111.03 6083.9 6034 
6228.55 6106.6 6040.21 6024.79 6050.29 6101.65 6159.77 6202.87 6208.35 6154.95 6025.16 
6112.49 6080.1 6071.4 6085.49 6118.35 6161.9 6203.12 6224.24 6204.87 6126.22 5976.49 
6243.8 6119.49 6058.47 6047.1 6065.92 6095.62 6122.06 6138.63 6145.12 6143.8 6134.33 
6202.34 6058.47 5981.98 5963.08 5987.19 6036.81 6093.94 6142.21 6168.1 6160.89 6111.59 
6240.13 6177.98 6135.33 6106.19 6090.04 6088.71 6102.42 6125.82 6145.32 6138.25 6074.56 
6008.35 6090.54 6123.26 6128.29 6122.48 6116.54 6115.77 6121.97 6135.78 6158.54 6193.25 
6241.13 6142.71 6087.88 6064.84 6065.06 6081.82 6108.02 6134.09 6146.67 6128.37 6058.91 
6214.61 6131.24 6082.32 6066.5 6077.4 6105.1 6137.54 6160.52 6156.18 6100.74 5963.06 
6207.6 6122.77 6064.74 6041.17 6054.88 6099.39 6156.96 6200.1 6196.45 6115.62 5936.41 
6088.02 6062.79 6062.33 6081.26 6113.28 6150.4 6182.85 6199.68 6189.85 6143.53 6053.15 
6205.99 6140.14 6116.64 6121.39 6138.22 6152.32 6153.87 6140.57 6118.18 6098.54 6095.54 
6272.16 6165.56 6100.14 6073.61 6078.41 6101.77 6126.95 6135.95 6113.19 6049.41 5944.65 
6183.43 6066.12 6025.41 6037.1 6076.3 6120.18 6150.4 6154.8 6127.93 6069.97 5984.37 
6290.12 6201.46 6122.72 6070.24 6051.2 6062.96 6094.64 6130.45 6154.01 6152.69 6120.96 
6125.19 6079.87 6067.41 6076.77 6097.54 6121.08 6140.53 6150.26 6145.66 6123.9 6085.55 
6142.82 6074.03 6042.42 6037.4 6046.29 6058.94 6070 6078.49 6085.26 6090.09 6089.9 
6265 6135.41 6082.14 6082.12 6111.82 6149.73 6177.25 6178.27 6138.6 6045.98 5891.26 
6187.43 6117.13 6076.82 6064.56 6075.55 6100.14 6124.33 6132.48 6110.95 6051.34 5951.72 
6100.85 6061.83 6038.82 6034.83 6051.17 6084.41 6124.43 6154.28 6152.34 6096.22 5967.75 
6118.37 6082.39 6058.23 6050.53 6060.96 6087.26 6122.06 6151.83 6157.07 6114.4 6000.77 
6309.8 6161.91 6075.99 6048.84 6069.91 6121.25 6179.08 6216.91 6209.37 6135.92 5983.63 
6224.73 6108.14 6066.96 6066.94 6079.54 6087.16 6083.82 6071.16 6050.92 6016.69 5948.08 
6183.01 6116.97 6086.35 6080.58 6088.53 6100.36 6109.52 6114.54 6119.92 6135.52 6174.44 
6192.81 6074.41 6011.63 5991.69 6004.3 6040.06 6088.31 6135.46 6164.68 6157.4 6096.14 
6057.32 6074.62 6099.09 6121.31 6138.61 6152.13 6162.69 6167.33 6157.58 6120.19 6040.11 
6192.51 6108.49 6072.85 6070.86 6087.62 6110.93 6132.99 6150.71 6164.8 6177.96 6192.98 
6255.17 6154.33 6099.57 6090.32 6114.01 6150.41 6178.88 6186.3 6173.28 6156.36 6165.33 
6245.03 6162.6 6104.18 6072 6067.2 6086.96 6122.69 6159.64 6178.2 6156.32 6072.74 
6265.74 6124.08 6062.52 6059.92 6093.57 6141.26 6183.3 6204.56 6196.09 6156.06 6089.41 
6131.16 6091.23 6088.23 6105.25 6128 6147 6157.97 6160.29 6154.21 6137.82 6105 
6130.72 6076.36 6057.71 6059.82 6071.68 6086.57 6100.41 6108.98 6105.05 6076.65 6007.39 
6219.65 6144.34 6108.65 6101.51 6109.97 6121.14 6124.75 6115.32 6093.49 6065.78 6042.61 
6180.38 6124.56 6091.9 6082.04 6091.46 6113.64 6139.7 6159.73 6164.95 6150.39 6117.52 
6116.24 6051.93 6042.3 6068.96 6110.76 6148.49 6168.98 6167.56 6148.11 6120.85 6098.38 
6304.02 6108.96 6011.8 5997.8 6039.81 6104.35 6158.39 6175.56 6140.68 6052.29 5922.58 
6103.03 6130.41 6141.09 6140.63 6133.92 6124.57 6115.22 6108.28 6106.52 6112.96 6129.86 
6215.77 6115.6 6069.29 6066.18 6092.9 6134.82 6176.5 6202.04 6196.27 6147.48 6051.26 
5986.41 6063.74 6106.92 6122.73 6123.08 6120.46 6123 6130.29 6131.16 6103.99 6019.9 
6186.99 6166.19 6135.77 6113.12 6108.19 6122.26 6148.73 6175.4 6187.24 6168.95 6107 
6206.66 6076.87 6008.93 5997.46 6029.63 6085.5 6141.06 6173.1 6164.69 6109.14 6011.26 
6181.24 6147.41 6125.11 6112.83 6112.36 6124.96 6146.92 6166.13 6161.09 6102.99 5960.61 
6273.17 6142.61 6077.67 6068.35 6096.04 6136.94 6167.34 6168.94 6132.89 6061.14 5964.77 
6251.65 6147.65 6064.71 6016.99 6008.82 6033.41 6073.93 6107.12 6108.92 6060.88 5956 
6269.43 6156.75 6092.22 6069.63 6076.95 6099.03 6121.48 6134.26 6133.62 6121.51 6102.59 
6219.24 6118.84 6044.87 6013.01 6025.99 6072.66 6130.32 6170.23 6164.75 6094.63 5954.58 
6136.39 6129.42 6118.35 6102.9 6088.66 6082.3 6087.14 6100.65 6114.57 6117.31 6097.42 
6201.23 6114.76 6080.73 6084.84 6112.3 6148.73 6180.43 6194.02 6176.23 6114.06 5995.81 
6224.81 6158.23 6119.94 6105.95 6110.78 6127.23 6145.85 6154.55 6139.29 6086.13 5984.42 
6189.73 6137.01 6112.41 6107.08 6114.89 6131.37 6152.21 6171.85 6182.96 6176.87 6144.84 
6192.12 6121.24 6071.46 6048.15 6052.97 6081.26 6121.6 6157.43 6170.17 6142.94 6063.52 
6163.51 6110.86 6084.29 6071.7 6068.99 6077.2 6097.27 6124.61 6145.9 6139.53 6079.95 
6301.8 6153.01 6074.06 6051.74 6065.96 6095.2 6121.2 6131.37 6118.72 6079.94 6012.74 
6155.99 6119.62 6110.93 6113.35 6115.44 6111.77 6102.31 6090.18 6077.91 6063.19 6035.34 
6252.26 6188.57 6147.16 6117.87 6096.24 6083.27 6083.52 6102.33 6143.21 6206.25 6287.84 
6111.71 6120 6095.17 6063.34 6041.57 6036.1 6044.51 6060.12 6076.33 6088.79 6094.8 
6220.75 6123.45 6069.73 6050.5 6057.24 6080.62 6109.52 6131.26 6133.24 6105.49 6043.18 
6227.12 6135.13 6095.32 6089.78 6105.3 6131.53 6158.43 6174.67 6167.68 6125.69 6040.76 
6245.86 6150.99 6091.72 6062.71 6059.54 6077.43 6109.02 6142.52 6161.64 6148.15 6086.42 
6246.83 6121.66 6073.89 6075.67 6102.91 6137.23 6165.67 6178.45 6165.52 6112.88 6000.19 
6308.15 6151.4 6075.94 6063.44 6089.94 6130.73 6165.19 6180.35 6171.75 6141.63 6094.83 
6117.36 6057.05 6049.06 6072 6107.65 6141.56 6162.91 6164.56 6143.99 6105.12 6060.09 
6257.07 6157.46 6100.45 6077.95 6081.34 6101.29 6127.62 6149.31 6154.49 6130.57 6064.48 
6092.39 6089.28 6107.62 6126.19 6134 6130.39 6122.22 6119.35 6130.02 6157.67 6199.91 
6259.75 6100.28 6035.55 6033.62 6064.49 6103.44 6132.05 6137.43 6110.28 6043.02 5928.65 
6125.99 6066.69 6050.5 6061.17 6084.31 6109.45 6130.52 6145.23 6154.22 6160.72 6170.77 
6313.53 6139.46 6049.05 6026.23 6052.52 6107.11 6167.31 6209.99 6213.96 6162.9 6048.09 
6342.8 6206.28 6100.02 6038.26 6025.78 6055.17 6107.53 6156.45 6174.51 6140.25 6043.84 
6154.61 6089.78 6051.77 6043.25 6059.39 6090.02 6122.9 6146.55 6151.5 6129.75 6072.85 
6196.05 6092.76 6043.66 6039.04 6063.36 6099.59 6133.37 6155.6 6162.99 6156.65 6139.43 
6146.42 6098.58 6079.08 6083.86 6105.56 6133.94 6157.1 6163.19 6142.35 6088.5 6000.32 
6113.92 6026.38 6011.83 6044.5 6097.35 6146.33 6174.46 6174.98 6152.57 6122.12 6104.9 
6252.89 6124.71 6067.3 6062.56 6089.43 6127.66 6160.7 6177 6169.66 6134.78 6069.31 
6098.78 6083.9 6046.36 6016.23 6011.59 6035.2 6075.8 6113.74 6129.02 6109.26 6055.28 
6232.29 6113.38 6049.01 6024.91 6030.82 6058.61 6098.99 6138.77 6160.46 6144.89 6076.31 
6258.5 6157.09 6088.24 6054.29 6049.99 6064.34 6084.36 6099.59 6106.28 6109.9 6125.02 
6123.78 6074.43 6061.55 6070.26 6086.94 6102.12 6112.24 6119.72 6131.24 6154.72 6195.8 
6280.31 6123.26 6061.1 6058.52 6083.76 6114.15 6138.47 6155.76 6171.29 6191.33 6218.12 
6228.2 6074.26 5990.1 5966.88 5990.31 6040.99 6095.95 6131.41 6126.4 6066.26 5945.19 
6212.87 6111.98 6059.89 6041.52 6045.35 6063.42 6090.23 6120.98 6150.13 6170.77 6174.93 
6193.35 6092.89 6029.4 6002.14 6005.34 6029.71 6064.99 6103.14 6140.93 6181.32 6232.93 
6193.14 6125.55 6095.69 6094.62 6111.88 6135.54 6154.34 6161.26 6157.1 6152.2 6164.94 
6198.63 6152.81 6112.04 6087.79 6085.18 6102.15 6130.32 6157.49 6170.94 6160.82 6122.71 
6091.73 6014.86 6019.67 6063.36 6110.26 6138.26 6140.76 6124.76 6106.28 6105.14 6140.45 
6176.27 6098.81 6085.72 6105.48 6130.47 6142.51 6135.61 6115.2 6093.83 6084.79 6095.23 
6168.63 6105.06 6076.26 6069.83 6076.4 6090.04 6107.37 6125.41 6139.25 6140.34 6116.09 
6263.75 6119.26 6048.6 6033.9 6054.67 6090.63 6124.09 6141.81 6136.22 6106.2 6056.93 
6343.13 6198.65 6105.72 6061.95 6056.46 6072.93 6094.38 6109.13 6116.63 6131.52 6184.41 
6355.57 6207.74 6129.2 6101.47 6102.74 6113.22 6119.11 6113.89 6096.77 6068.88 6028.89 
6221.34 6171.6 6127.88 6091.64 6069.2 6066.62 6084.46 6114.13 6137.32 6128.76 6061.55 
6172.7 6122.78 6087.1 6072.08 6076.96 6095.09 6116.83 6132.99 6137.53 6128.43 6106.9 
6227.06 6146.22 6093.85 6070.9 6073.49 6093.42 6119.62 6140.08 6143.9 6123.02 6073.48 
6271.77 6153.21 6078.71 6048.77 6055.5 6084.6 6118.94 6142.51 6143.33 6114.4 6052.63 
6141.43 6060.93 6025.33 6031.26 6066.53 6113.42 6153.6 6172.53 6161.84 6118.72 6042.83 
6103.73 6087.35 6066.54 6054.21 6059.18 6083.37 6119.75 6152.02 6156.33 6105.35 5973.95 
6246.25 6169.09 6127.14 6104.81 6092.76 6087.89 6090.33 6098.99 6108.08 6106.29 6079.23 
6186.92 6159.71 6155.72 6166.19 6178.92 6182.5 6170.45 6143.63 6110.35 6083.79 6077.83 
6300.41 6118.27 6024.89 6003.66 6029.67 6076.08 6119.84 6145.08 6143.62 6112.97 6053.02 
6218.38 6158.23 6101.43 6066.65 6063.52 6088.72 6126.51 6153.99 6149.66 6102.49 6018.56 
6307.93 6199.58 6145.75 6127.27 6128.41 6137.73 6147.82 6154.54 6156.1 6152.32 6144.04 
6134.07 6102.79 6090.67 6099.27 6120.24 6140.88 6150.41 6144.78 6128.5 6113.02 6112.54 
6245.42 6193.56 6162.72 6155.23 6164.64 6179.19 6186.17 6175.62 6142.52 6086.86 6012.17 
6055.93 6036.01 6042.18 6061.89 6085.21 6104.98 6116.56 6117.41 6106.86 6086.21 6058.69 
6159.3 6118.9 6086.23 6060.78 6047.22 6051.4 6074.54 6108.1 6131.6 6114.95 6024.93 
6323.58 6179.37 6111.66 6095.61 6109.46 6135.04 6157.48 6164.88 6148.31 6102.25 6024.99 
6249.94 6153.33 6107.51 6089.95 6087.2 6093.52 6107.04 6124.99 6140.06 6139.18 6105.04 
6103.32 6110.26 6130.59 6161.67 6194.22 6215.66 6214.38 6183.71 6124.28 6044.51 5958.95 
6150.18 6103.37 6081.18 6087.3 6118.98 6164.88 6205.77 6217.65 6176.2 6061.16 5859.45 
6159.2 6162.1 6153.84 6138.99 6123.19 6112.9 6113.66 6127.42 6150.1 6170.69 6172.82 
6173.57 6076.79 6039.36 6037.96 6053.29 6073.07 6092.56 6112.08 6132.55 6150.44 6153.88 
6232.5 6160.77 6111.57 6086.33 6087.35 6114.3 6160.38 6209.19 6233.5 6196.73 6057.38 
6272.61 6184.25 6136.77 6119.82 6119.25 6121.62 6118.34 6107.82 6094.6 6085.41 6083.68 
6170.27 6089.89 6053.13 6048.48 6065.08 6092.87 6122.63 6145.89 6154.72 6141.39 6098.1 
6195.89 6087.57 6036.18 6030 6053.89 6091.82 6128.95 6152.9 6154.08 6125.68 6063.31 
6321.04 6122.4 6024.71 6007.5 6042.13 6096.88 6143.23 6161.56 6144.8 6098.52 6037.48 
6155.37 6151.65 6135.63 6117.83 6106.27 6104.65 6111.76 6121.62 6124.13 6106 6051.81 
6200.94 6088.21 6027.38 6016.16 6043.34 6091.91 6143.07 6180 6190.66 6169.06 6115.17 
6218.71 6146.49 6093.05 6065.03 6059.8 6069.31 6085.06 6102.75 6125.05 6162.1 6229.56 
6217.18 6180.16 6160.67 6152.1 6146.41 6136.43 6118.71 6096.32 6080.53 6090.66 6151.54 
6287.8 6153.99 6098.89 6098.28 6127.39 6164.59 6193.24 6201.68 6181.65 6126.04 6027.16 
6078.7 6074.08 6052.59 6036.51 6041.02 6071.13 6120.21 6170.44 6195.29 6164.11 6048.13 
6111.33 6080.59 6069.29 6074.97 6095.36 6125.85 6157.91 6179.29 6176.29 6137.46 6057.6 
6323.96 6165.28 6081.49 6058.17 6074.32 6105.78 6129.77 6129.57 6098.11 6039.31 5966.68 
6293.79 6201.23 6135.88 6096.17 6080.14 6084.82 6105.06 6132.6 6155.69 6159.78 6129.39 
6291.1 6181.4 6112.43 6076.92 6064.44 6064.49 6068.81 6072.41 6073.02 6069.64 6060.82 
6105.32 6128.19 6134.56 6130.05 6121.98 6116.11 6114.46 6114.46 6108.89 6086.29 6031.5 
6305.23 6225.3 6144.57 6081.81 6052.55 6063.53 6108.62 6167.41 6206.8 6185.52 6060.88 
6133.38 6084.45 6054.78 6055.5 6081.74 6117.57 6143.87 6146.28 6121 6076.42 6030.71 
6240.73 6227.68 6195.99 6161.18 6136.25 6125.99 6125.84 6125.57 6115.87 6094.82 6071.28 
6129.67 6071.46 6064.18 6082.68 6107.98 6129.35 6143.44 6151.15 6153.62 6148.93 6130.56 
6270.65 6127.75 6075.47 6080.07 6107.76 6132.52 6140.65 6131.29 6112.91 6097.54 6094.68 
6245.92 6120.2 6076.87 6086.96 6120.91 6152.74 6163.7 6144.62 6096.98 6032 5968.1 
6338.08 6202.29 6118.69 6078.48 6071.57 6085.74 6106.69 6119.4 6110.91 6073.54 6007.46 
6202.54 6174.09 6126.38 6084.05 6066.44 6080.2 6115.96 6149.77 6148.67 6078.5 5911.52 
6330.76 6175.5 6093.8 6061.6 6056.47 6061.42 6066.52 6068.7 6070.72 6080.02 6107.94 
6190.53 6140.82 6108.52 6098.9 6108.52 6127.81 6145.55 6153.68 6150.49 6141.44 6137.06 
6192.97 6144.17 6116.86 6107.36 6110.89 6122.73 6138.57 6153.86 6162.55 6155.98 6122.62 
6088.94 6077.73 6080.85 6091.94 6105.72 6117.51 6123.35 6120.95 6111.46 6101.04 6101.52 
6179.35 6045.34 5994.47 5996.67 6024.7 6058.76 6088.22 6110.34 6126.8 6139.32 6146.11 
6185.48 6113.33 6086.09 6083.07 6088.98 6096.72 6107.13 6125.73 6158.14 6205.75 6263.32 
6072.57 6100.04 6118.4 6128.53 6132.87 6134.05 6133.75 6132.63 6131.43 6132.79 6143.08 
6271.66 6139.97 6072.74 6052.55 6063.42 6091.1 6121.8 6140.41 6129.72 6071.36 5948.7 
6098.96 6101.52 6081.08 6066.43 6074.37 6105.03 6143.12 6164.21 6143.12 6061.26 5910.46 
6106.04 6007.46 5994.36 6037.73 6103.84 6161.79 6190.22 6181.55 6142.99 6093.82 6060.04 
6166.61 6088.26 6050.81 6043.32 6054.14 6073.99 6096.49 6116.16 6125.18 6110.83 6055.39 
6234.53 6113.21 6067.92 6072.36 6099.34 6125.98 6137.75 6130.41 6108.83 6083.11 6062.84 
6318.07 6173.86 6086.29 6052.52 6062.02 6098.19 6141.63 6174.28 6183.51 6164.87 6122.95 
6149.58 6122.33 6117.34 6121.42 6127.45 6133.14 6138.8 6145.04 6151.44 6156.33 6157.68 
6149.05 6136.25 6113.69 6085.05 6060.42 6051.14 6064.01 6096.51 6134.75 6154.66 6126.5 
6054.01 6107.41 6135.17 6140.13 6130.1 6115.24 6104.54 6102.72 6108.6 6115.8 6115.57 
6199.95 6126.91 6093.42 6087.61 6098.4 6116.36 6133.74 6143.4 6137.37 6105.37 6034.09 
6248.51 6141.85 6095.81 6090.22 6106.21 6128.61 6147.05 6155.73 6151.67 6132.08 6091.64 
6158.86 6102.81 6067.67 6053.52 6058.3 6077.12 6101.86 6121.18 6121.23 6087.11 6004.93 
6110.88 6099.62 6102.2 6115.53 6133.08 6147.28 6152.09 6144.89 6127.42 6105.45 6087.71 
6198.75 6178.87 6151.1 6125.29 6108.21 6101.66 6102.42 6103.97 6099.13 6082.49 6051.89 
6178.12 6139.36 6122.73 6125.93 6142.03 6160.35 6168.66 6156.05 6115.58 6045.88 5951.24 
6114.29 6091.26 6067.26 6053.18 6058.15 6084.38 6124.59 6162.79 6178.05 6149.81 6062.9 
6254.23 6208.47 6139.35 6073.64 6029.66 6014.47 6024.25 6047.27 6067.91 6070.24 6040.37 
6145.95 6108.47 6088.77 6092.35 6116.05 6149.7 6179.67 6193.16 6181.97 6144.84 6087.84 
6271.86 6141.48 6084.17 6078.33 6102.65 6138.78 6171.73 6188.98 6179.66 6134.91 6049.83 
6101.07 6056.73 6051.13 6072.53 6107.72 6142.76 6165.39 6168.56 6153.96 6133.52 6127.93 
6237.85 6084.53 5997.31 5974.81 6003.94 6063.23 6128.18 6177.08 6195.86 6180.39 6136.07 
6109.05 6086.04 6054.81 6033.53 6035.44 6064.16 6111.33 6157.65 6177.18 6144.05 6039.8 
6110.92 6104.9 6105.98 6114.59 6129.08 6146.59 6164.34 6180.63 6195.3 6209.35 6223.88 
6144.36 6050.82 6017.98 6027.63 6063.66 6111.95 6159.09 6191.01 6192.96 6151.55 6058.25 
6147.35 6065.24 6022.74 6016.55 6038.67 6076.31 6113.19 6131.9 6116.88 6057.17 5948.16 
6017.39 6039.73 6061.19 6076.54 6084.21 6086.21 6087.74 6096.44 6121.42 6172.13 6257.34 
6008.69 6047.87 6091.4 6132.53 6165.66 6186.59 6192.63 6182.54 6156.5 6115.79 6062.59 
6096.63 6112.46 6122.95 6125.81 6120.54 6108.59 6093.26 6079.36 6072.57 6078.81 6103.37 
6112.2 6114.07 6120.79 6129.79 6139 6146.95 6152.64 6155.41 6154.81 6150.38 6141.51 
6109.73 6105.98 6099.95 6093 6086.78 6083.1 6083.84 6090.91 6106.12 6131.15 6167.53 
6084.64 6113.43 6142.98 6169.52 6189.79 6200.99 6200.69 6186.7 6157.09 6110.13 6044.44 
6064.63 6087.44 6106.1 6119.84 6128.54 6132.53 6132.29 6128.16 6119.96 6106.75 6086.57 
6081.32 6113.07 6128.93 6131.15 6123.67 6111.88 6102.43 6102.8 6120.79 6164.07 6239.61 
6042.56 6134.87 6195.3 6224.01 6224.17 6201.67 6164.5 6121.92 6083.39 6057.64 6051.65 
5830.52 5970.61 6073.45 6141.64 6178.56 6188.45 6176.53 6148.99 6112.9 6076.01 6046.45 
6106.08 6133.63 6150.13 6157.65 6158.41 6154.75 6148.98 6143.32 6139.82 6140.25 6146.03 
6037.29 6091.62 6130.12 6150.78 6153.74 6141.34 6118.05 6090.1 6064.96 6050.71 6055.29 
6084.27 6076.9 6079.67 6087.17 6095.32 6101.24 6102.98 6099.24 6089.04 6071.5 6045.67 
5982.54 6081.65 6140.94 6166.17 6164.73 6145.28 6117.38 6091.07 6076.31 6082.52 6118.02 
6171.39 6100.55 6063.97 6054.56 6063.96 6083.14 6103.09 6115.37 6112.63 6089.03 6040.44 
6004.7 6076.75 6116.35 6130 6125.94 6113.41 6101.76 6099.67 6114.37 6151.22 6213.33 
6059.94 6093.41 6114.84 6126.65 6130.91 6129.43 6123.79 6115.42 6105.6 6095.42 6085.68 
6156.33 6114.2 6092.6 6087.88 6094.68 6106.54 6116.59 6118.28 6106.01 6075.64 6024.81 
5991.35 6027.44 6056.94 6080.88 6099.96 6114.56 6124.94 6131.28 6133.81 6132.81 6128.68 
5994.17 6040.87 6076.49 6101.43 6116.12 6120.93 6116.08 6101.66 6077.55 6043.48 5998.99 
5959.03 6047.53 6104.23 6133.63 6140.91 6132.01 6113.72 6093.73 6080.53 6083.24 6111.37 
5973.88 6027.47 6069.28 6100.87 6123.73 6139.29 6148.75 6153.18 6153.4 6150.09 6143.72 
6043.33 6076.86 6110.46 6138.78 6157.04 6161.2 6148.1 6115.64 6062.98 5990.72 5900.97 
6028.06 6104.59 6154.93 6181.48 6187.92 6179.01 6160.26 6137.54 6116.72 6103.27 6101.94 
5957.36 6006.66 6055.64 6099.59 6134.87 6159 6170.58 6169.1 6154.74 6128.08 6089.81 
6040.3 6127.95 6183.53 6209.86 6211.82 6195.87 6169.47 6140.4 6116.15 6103.36 6107.37 
6136.12 6141.26 6140.64 6134.68 6125.04 6114.17 6104.7 6098.95 6098.56 6104.23 6115.67 
5978.18 6026.59 6072.53 6111.05 6138.15 6150.96 6147.83 6128.24 6092.72 6042.64 5979.96 
5989.05 6063.25 6113.09 6143.73 6160.06 6166.28 6165.64 6160.34 6151.72 6140.48 6127.14 
6109.84 6100.57 6088.31 6074.05 6059.57 6047.58 6041.82 6047.01 6068.82 6113.54 6187.86 
6086.61 6097.1 6109.09 6121.36 6133.08 6143.5 6151.54 6155.53 6152.97 6140.49 6113.95 
5953.61 6004.62 6051.58 6091.32 6122.16 6144 6158.18 6167.19 6174.24 6182.67 6195.41 
6080.97 6095.97 6105.64 6112.8 6119.89 6129.06 6142.23 6161.19 6187.77 6223.94 6271.91 
6177.43 6136.81 6119.06 6116.23 6120.89 6126.74 6129 6124.66 6112.41 6092.4 6065.82 
6116.2 6120.85 6129.58 6139.8 6149.2 6155.84 6158.13 6154.88 6145.19 6128.44 6104.23 
6071.32 6103.67 6125.86 6138.52 6142.55 6139.24 6130.48 6118.96 6108.3 6103.21 6109.46 
6102.5 6105.89 6118.36 6135.76 6153.56 6167.06 6171.71 6163.27 6138.14 6093.53 6027.66 
6053 6061.98 6070.75 6079.7 6089.09 6098.98 6109.17 6119.32 6128.99 6137.89 6146.04 
6059.44 6089.89 6106.82 6115.8 6122.06 6130.09 6143.34 6164.04 6193.1 6230.17 6273.8 
6111.68 6067.06 6049.18 6053.23 6072.57 6099.05 6123.5 6136.29 6127.87 6089.37 6013.1 
6113.24 6104.79 6101.95 6104.36 6110.53 6118 6123.67 6124.17 6116.36 6097.82 6067.27 
6033.03 6057.83 6074.07 6083.52 6088.72 6092.86 6099.73 6113.54 6138.59 6179.01 6238.41 
6054.34 6107.14 6139.59 6154.2 6154.81 6146.33 6134.4 6124.95 6123.76 6135.97 6165.75 
6072.36 6074.99 6086.2 6102.08 6118.68 6132.38 6140.18 6139.95 6130.53 6111.76 6084.34 
6094.17 6094.8 6096 6098.38 6102.23 6107.62 6114.53 6122.98 6132.99 6144.55 6157.56 
6047.92 6039.17 6052.7 6082.04 6119.68 6157.54 6187.54 6202.07 6194.36 6158.82 6091.23 
5963.76 6056.17 6121.68 6160.73 6175.35 6168.88 6145.72 6110.89 6069.72 6027.44 5988.85 
6114.5 6119.41 6126.13 6132.68 6137.64 6140.09 6139.4 6135.19 6127.17 6115.19 6099.17 
6188.89 6115.17 6076.6 6065.58 6073.95 6093.5 6116.44 6135.76 6145.41 6140.43 6116.91 
6034.1 6079.26 6124.19 6162.96 6190.5 6202.96 6197.92 6174.55 6133.53 6076.96 6008.12 
6040.95 6083.28 6110.83 6124.02 6124.62 6115.92 6102.8 6091.66 6090.13 6106.64 6149.81 
6147.93 6106.86 6086.71 6081.77 6086.74 6097.12 6109.54 6121.93 6133.48 6144.5 6156.1 
6138.02 6143.06 6138.44 6125.77 6107.22 6085.38 6063.13 6043.48 6029.28 6023.07 6026.79 
6082.67 6082.22 6082.49 6083.61 6086.4 6091.99 6101.36 6114.94 6132.36 6152.23 6172.21 
6052.85 6063.09 6075.28 6087.01 6095.74 6098.96 6094.33 6079.8 6053.75 6015.07 5963.19 
5985.22 6043.77 6083.69 6108.6 6122.49 6129.43 6133.18 6137.03 6143.6 6154.79 6171.77 
6114.39 6111.64 6104.41 6094.2 6083.13 6073.78 6068.93 6071.29 6083.22 6106.46 6141.97 
6012.35 6050.75 6077.84 6093.89 6101.21 6103.44 6104.84 6109.5 6120.68 6140.4 6169.13 
6031.55 6078.28 6110.21 6129.95 6140.48 6144.87 6146.12 6146.98 6149.87 6156.81 6169.42 
6048.11 6076.66 6097.11 6109.96 6116.24 6117.41 6115.12 6110.96 6106.3 6102.04 6098.49 
6136.7 6121.25 6127.45 6145.41 6166.47 6183.73 6192.33 6189.47 6174.12 6146.65 6108.17 
6051.11 6065.52 6082.91 6099.31 6111.52 6117.69 6117.6 6112.97 6107.39 6106.11 6115.61 
6089.35 6082.66 6081.94 6086.18 6093.42 6100.88 6105.17 6102.55 6089.19 6061.46 6016.18 
6048.79 6083.23 6104.33 6113.53 6113.5 6107.78 6100.31 6095.01 6095.4 6104.31 6123.68 
5940.97 6034.78 6095.01 6126.88 6136.77 6131.84 6119.56 6107.37 6102.3 6110.67 6137.9 
6080.09 6099.64 6109.02 6112.3 6112.84 6113.09 6114.41 6117.09 6120.47 6123.08 6122.98 
6212.55 6192.09 6175.74 6160.17 6143.69 6125.89 6107.27 6088.66 6070.84 6054.15 6038.29 
5977.63 6032.03 6087.29 6138.59 6180.72 6208.28 6216.06 6199.4 6154.64 6079.49 5973.35 
6009.19 6095.51 6154.22 6187.08 6197.01 6188.07 6165.51 6135.72 6106.09 6084.81 6080.56 
6119.07 6122.55 6129.42 6137.55 6144.75 6149.03 6148.84 6143.33 6132.45 6117 6098.61 
6034.92 6059.83 6086.1 6111.34 6132.9 6148.06 6154.08 6148.42 6128.82 6093.38 6040.69 
5996.28 6049.48 6081.15 6093.81 6091.3 6078.75 6062.52 6049.91 6048.88 6067.5 6113.47 
6107.09 6124.5 6130.26 6128.4 6122.12 6113.45 6103.2 6090.93 6075.19 6053.84 6024.48 
6045.3 6078.78 6110.09 6136.66 6156.1 6166.41 6166.17 6154.66 6131.97 6098.98 6057.32 
6023.92 6042.33 6067.17 6093.34 6116.07 6131 6134.19 6122.17 6092 6041.43 5968.93 
6090.14 6110.93 6124.57 6131.67 6133.3 6130.54 6124.14 6114.17 6099.85 6079.44 6050.3 
6014.6 6098.8 6149.75 6171.2 6168.56 6148.83 6120.43 6092.92 6076.39 6080.92 6115.79 
6079.15 6082.37 6092.53 6104.67 6114.68 6119.72 6118.6 6111.98 6102.36 6094.04 6092.69 
6062.44 6092.42 6111.72 6121.58 6124.01 6121.6 6117.29 6114.04 6114.55 6120.97 6134.68 
5998.47 6076.66 6121.08 6138.42 6137.12 6126.88 6118.11 6121.28 6146.39 6202.47 6297.06 
6009.23 6085.06 6135.67 6163.08 6170.44 6161.54 6140.38 6110.77 6075.99 6038.63 6000.48 
6185.56 6146.99 6130.22 6130.03 6140.5 6155.15 6167.24 6169.95 6156.63 6121.05 6057.62 
6031.83 6081.37 6121.45 6149.35 6164.13 6166.69 6159.63 6146.85 6133.14 6123.56 6122.88 
6050.05 6070.76 6096.66 6121.23 6139.16 6146.55 6140.92 6121.11 6087.11 6039.8 5980.6 
6000.01 6051.27 6095.61 6130.79 6155.47 6169.27 6172.85 6167.73 6156.15 6140.76 6124.33 
6160.2 6123.88 6107.47 6105.28 6112 6122.83 6133.73 6141.51 6143.86 6139.42 6127.7 
6076.89 6095.78 6111.38 6122.31 6128.67 6131.93 6134.71 6140.5 6153.35 6177.49 6217.03 
6148.66 6118.54 6106.55 6109.69 6123.31 6141.57 6158.11 6166.65 6161.72 6139.15 6096.51 
6117.08 6120.47 6135.25 6151.99 6162.88 6162.31 6147.2 6117.08 6073.92 6021.81 5966.43 
5934.39 6055.06 6138.05 6186.32 6205.04 6201.15 6182.94 6159.43 6139.72 6132.4 6144.92 
5983.79 6054.72 6098.37 6119.72 6124.48 6118.5 6107.18 6094.92 6084.59 6077.2 6071.75 
5986.45 6027.11 6061.61 6088.33 6106.97 6118.4 6124.41 6127.36 6129.88 6134.56 6143.7 
6056.43 6085.71 6104.47 6113.28 6113.42 6106.69 6095.24 6081.32 6067.23 6055.17 6047.24 
5921.28 5997.35 6057.96 6101.59 6127.97 6138.42 6136.04 6125.73 6114.01 6108.68 6118.31 
6032.53 6077.91 6115.46 6143.29 6160.77 6168.23 6166.69 6157.53 6142.15 6121.69 6096.91 
6138.96 6173.15 6185.17 6179.09 6159.64 6131.7 6099.88 6068.04 6039.07 6014.63 5995.15 
6164.95 6135.24 6122.74 6123.91 6133.73 6145.95 6153.36 6148.18 6122.53 6068.83 5980.32 
5985.82 6058.07 6116.99 6159.54 6183.81 6189.26 6176.86 6149.18 6110.38 6066.02 6022.86 
6055.21 6102.71 6131.31 6143.71 6142.95 6132.24 6114.81 6093.94 6072.93 6055.22 6044.49 
6074.51 6088.32 6097.19 6101.73 6102.2 6098.22 6088.56 6070.99 6042.2 5997.91 5933.03 
6120.36 6099.09 6089.02 6088.24 6094.13 6103.53 6112.88 6118.51 6116.94 6105.23 6081.24 
6137.45 6125.73 6127.21 6137.58 6151.8 6164.54 6170.5 6164.82 6143.35 6102.89 6041.36 
6067.3 6117.07 6142.64 6148 6138.19 6118.99 6096.62 6077.42 6067.52 6072.59 6097.51 
6206.08 6158.61 6128.76 6115.86 6117.31 6128.61 6143.54 6154.66 6153.82 6132.94 6084.71 
5982.86 6037.84 6078.5 6106.26 6123.49 6133.4 6139.95 6147.58 6160.89 6184.3 6221.7 
6125.19 6141.58 6147.1 6143.27 6133.19 6121.1 6111.95 6110.84 6122.48 6150.61 6197.63 
6062.94 6050.88 6053.38 6065.03 6080.92 6096.83 6109.18 6115.03 6111.91 6097.75 6070.67 
6206.9 6199.21 6190.28 6178.81 6164.43 6147.87 6131.08 6117.1 6109.93 6114.14 6134.45 
6036.23 6094.95 6127.45 6139.46 6136.9 6125.43 6110.02 6094.77 6082.77 6076.12 6076.09 
6074.25 6114.2 6143.31 6162.18 6171.28 6170.69 6160 6138.37 6104.69 6057.84 5997 
6116.46 6107.87 6113.32 6126.58 6141.75 6153.72 6158.55 6153.78 6138.57 6113.74 6081.64 
6059.53 6075.79 6092.91 6107.37 6116.95 6120.63 6118.55 6111.74 6101.93 6091.32 6082.32 
6055.95 6082.23 6109.94 6134.3 6151.05 6156.87 6149.6 6128.4 6093.71 6047.11 5991.05 
6021.7 6050.41 6076.78 6097.77 6111.38 6116.87 6114.88 6107.19 6096.54 6086.07 6078.88 
6075.42 6103.26 6123.72 6138.05 6147.23 6151.91 6152.25 6147.88 6137.92 6120.92 6094.98 
6111.83 6073.07 6065.06 6076.81 6098.05 6120.26 6137.45 6146.61 6147.8 6143.84 6139.69 
6113.37 6119.19 6115.37 6104.84 6090.42 6075.07 6062.2 6055.94 6061.34 6084.38 6131.88 
6140.32 6156.36 6150.37 6127.72 6095.12 6060.15 6030.7 6014.43 6018.35 6048.34 6108.95 
6077.42 6157.64 6202.62 6216.57 6206.41 6181.69 6154.12 6136.91 6143.96 6188.81 6283.61 
6043.93 6077.93 6107.85 6132.76 6151.24 6161.47 6161.43 6149.15 6123.14 6082.81 6028.79 
6029.81 6046.92 6064.49 6082.04 6098.21 6110.77 6116.72 6112.43 6093.93 6057.15 5998.3 
6086.55 6086.9 6098.67 6115.89 6133.06 6145.51 6149.62 6142.97 6124.39 6093.85 6052.31 
6089.35 6097.72 6102.92 6105.78 6107.89 6111.26 6117.97 6129.79 6147.73 6171.76 6200.55 
6023.03 6089.08 6127.1 6142.16 6140.37 6128.43 6113.24 6101.37 6098.63 6109.56 6137.09 
6101.39 6101.35 6102.58 6105.52 6110.14 6116.08 6122.75 6129.61 6136.38 6143.28 6151.26 
5922.18 6003.62 6070.42 6120.51 6153.28 6169.19 6169.18 6154.07 6124.05 6078.22 6014.34 
6166.02 6140.96 6118.93 6102 6091.79 6089.12 6093.74 6104.04 6116.97 6128.02 6131.42 
6069.85 6114.63 6140.3 6150.87 6151.3 6147.09 6143.92 6147.3 6162.27 6193.18 6243.55 
6091.5 6155.22 6192.21 6204.99 6198.16 6178.19 6152.97 6131.43 6123.03 6137.21 6182.98 
6125.31 6109.86 6108.8 6114.7 6121.75 6126.19 6126.51 6123.38 6119.34 6118.33 6125.02 
6006.52 6080.37 6128.11 6154.08 6162.97 6159.61 6148.77 6134.95 6122.28 6114.46 6114.64 
6016.13 6055.66 6093.12 6125.01 6148.31 6160.66 6160.49 6147.11 6120.72 6082.46 6034.23 
6034.5 6070.96 6099.24 6119.2 6131.42 6136.78 6136.11 6129.98 6118.66 6102.17 6080.58 
6224.63 6130.74 6081.16 6065.55 6072.56 6090.47 6107.83 6113.91 6099.1 6055.18 5975.43 
6234.28 6171.04 6129.8 6109.78 6107.79 6118.61 6135.56 6151.23 6158.23 6149.96 6121.22 
6117.75 6107.49 6100.58 6099.55 6105.02 6115.85 6129.32 6141.7 6148.73 6146.28 6130.88 
6083.97 6103.59 6121.48 6135.22 6143.02 6143.84 6137.49 6124.61 6106.61 6085.51 6063.74 
6052.08 6087.05 6114.18 6133.28 6145.14 6151.56 6155.24 6159.56 6168.19 6184.67 6211.96 
6135.6 6136.77 6138.1 6137.32 6133.19 6125.7 6116.38 6108.3 6106.01 6115.27 6142.68 
6109.65 6150.9 6172.7 6178.19 6170.77 6154.31 6133.29 6112.91 6099.18 6098.79 6118.96 
6179.59 6147.12 6122.79 6104.8 6092.49 6086.28 6087.52 6098.1 6120.05 6155.06 6203.98 
6134.35 6119.27 6119.79 6132.72 6154.02 6179.07 6203.04 6221.1 6228.69 6221.59 6196.04 
6042.3 6059.71 6070.58 6073.94 6071.02 6064.9 6060.02 6061.51 6074.6 6103.86 6152.73 
6271.75 6189.42 6142.69 6123.52 6123.1 6132.38 6142.6 6145.74 6134.88 6104.45 6050.41 
5978.07 6048.14 6098.23 6131.06 6149.59 6156.75 6155.21 6147.18 6134.39 6118.09 6099.13 
6044.59 6042.25 6051.99 6069.02 6088.81 6107.33 6121.1 6127.28 6123.61 6108.34 6080.09 
6142.45 6131.43 6123.13 6116.54 6111.63 6109.08 6109.87 6114.9 6124.64 6138.91 6156.72 
6060.5 6106.62 6126.68 6130.18 6125.82 6120.64 6119.45 6124.45 6135.04 6148.04 6158.04 
6063.4 6095.16 6121.22 6139.73 6149.81 6151.68 6146.7 6137.26 6126.53 6118.08 6115.45 
6089.16 6097.52 6108.09 6118.17 6125.61 6129.3 6129.44 6127.72 6127.13 6131.69 6145.93 
5902.13 6004.64 6080.48 6130.01 6156.04 6163.57 6159.39 6151.62 6149.08 6160.74 6195.11 
6041.85 6047.06 6064.66 6087.42 6109.23 6125.39 6132.76 6129.63 6115.49 6090.72 6056.12 
6048.31 6051.51 6059.53 6070.42 6082.11 6092.92 6101.98 6109.57 6117.29 6128.05 6145.88 
5936.16 6030.86 6092.49 6126.16 6138.56 6137.5 6131.26 6128.01 6135.22 6159.23 6204.88 
6014.96 6108.17 6159.53 6175.75 6165.02 6136.42 6099.38 6062.95 6035.35 6023.37 6032.13 
6106.64 6102.1 6103.58 6109.39 6117.67 6126.25 6132.6 6133.78 6126.56 6107.51 6073.27 
5999.08 6079.68 6136.16 6168.13 6177.33 6167.37 6143.45 6111.89 6079.63 6053.79 6041.12 
6150.89 6103.93 6074.78 6061.2 6060.37 6068.88 6082.77 6097.64 6108.72 6111.09 6099.85 
6132.64 6154.03 6157.74 6146.86 6126.03 6101.28 6079.6 6068.54 6075.65 6107.96 6171.44 
6125.88 6115.86 6114.3 6119.57 6128.45 6136.6 6139.21 6131.6 6109.91 6071.55 6015.61 
6205.89 6158.64 6132.14 6123.67 6128.28 6139.04 6147.56 6144.63 6121.01 6068.26 5979.58 
5995.18 6067.95 6116.6 6143.34 6152.13 6148.19 6137.5 6126.3 6120.64 6126.06 6147.28 
6051.91 6078.74 6098.51 6109.59 6112.32 6108.72 6102.1 6096.33 6095.15 6101.46 6116.62 
6055.04 6071.31 6082.72 6090.1 6094 6094.5 6091.19 6083.17 6069.25 6048.2 6019.01 
6059.43 6094.36 6117 6130.84 6138.8 6143.09 6145.14 6145.69 6144.95 6142.96 6139.85 
6067.16 6066.68 6071.48 6081.65 6096.78 6115.76 6136.53 6156.09 6170.51 6175.07 6164.56 
6175.17 6148.96 6126.08 6108.27 6096.74 6091.89 6093.2 6099.23 6107.74 6115.95 6120.89 
6134.43 6135.39 6135.88 6136.43 6137.6 6140.03 6144.47 6151.96 6163.92 6182.31 6209.69 
6010.93 6064.59 6105.17 6132.54 6147.1 6149.85 6142.35 6126.74 6105.62 6081.86 6058.49 
6020.3 6093.01 6141.28 6168.15 6176.58 6169.58 6150.27 6122.14 6089.01 6055.14 6025.1 
6102.09 6129.53 6147.94 6159.18 6164.8 6166.13 6164.39 6160.67 6155.99 6151.2 6146.86 
6032.85 6049.41 6068.88 6089.52 6108.49 6122.3 6127.3 6120.13 6098.27 6060.38 6006.51 
6131.02 6102.25 6087.08 6084.04 6090.54 6103.1 6117.55 6129.42 6134.36 6128.55 6109.1 
5978.14 6016.28 6062.24 6107.76 6145.11 6167.35 6168.62 6144.41 6091.73 6009.35 5897.86 
6022.86 6058.42 6090.24 6115.15 6130.24 6133.18 6122.52 6097.94 6060.38 6012.12 5956.64 
6108.51 6105.37 6099.04 6092.02 6086.48 6084.07 6085.7 6091.43 6100.47 6111.19 6121.28 
6107.82 6157.1 6183.64 6190.84 6182.93 6164.86 6142.03 6120.04 6104.39 6100.24 6112.1 
6182.37 6133.14 6113.39 6115.23 6129.96 6148.48 6161.71 6161.02 6138.58 6087.74 6003.22 
6114.05 6121.84 6125.06 6126.83 6128.29 6128.84 6126.39 6117.89 6099.77 6068.36 6020.35 
6085.95 6122.27 6150.48 6169.42 6178.69 6178.68 6170.41 6155.5 6136.02 6114.33 6093 
6082.13 6082.64 6086.91 6096.54 6111.62 6130.64 6150.58 6167.29 6175.87 6171.28 6148.97 
6113.96 6101.38 6094.78 6093.43 6096.66 6104.13 6116.09 6133.52 6158.25 6192.91 6240.79 
6214.81 6167.93 6132.57 6108.44 6094.91 6091.01 6095.46 6106.74 6123.21 6143.21 6165.16 
6038.9 6079.99 6107.54 6122.32 6126.15 6121.59 6111.73 6099.91 6089.52 6083.73 6085.44 
5999.51 6064.22 6113.86 6147.17 6164.03 6165.57 6154.38 6134.36 6110.54 6088.73 6074.96 
6036.12 6088.78 6127.3 6153.58 6169.41 6176.38 6175.77 6168.67 6155.98 6138.62 6117.54 
6122.34 6133.39 6134.51 6130.09 6123.49 6116.85 6110.99 6105.38 6098.27 6086.87 6067.59 
5961.5 6020.77 6068.52 6102.04 6120.55 6125.19 6118.65 6104.77 6087.93 6072.41 6061.81 
6010.65 6086.24 6136.75 6162.45 6166.44 6154.38 6133.94 6114.06 6104.07 6112.82 6147.82 
6043.56 6102 6136.23 6149.85 6147.04 6132.13 6109.28 6082.2 6053.96 6026.91 6002.64 
6070.91 6051.44 6040.76 6036.87 6038.33 6044.03 6053.01 6064.18 6076.26 6087.65 6096.51 
6064.63 6071.3 6087.21 6105.48 6120.48 6128.42 6127.78 6119.46 6106.66 6094.49 6089.38 
6135.57 6130.13 6127.23 6125.53 6123.67 6120.43 6115.12 6107.87 6099.98 6094.19 6094.8 
5965.62 6090.57 6164.22 6194.11 6190.04 6163.52 6127.25 6094.35 6077.72 6089.37 6139.74 
6177.13 6146.93 6125.92 6115.41 6114.51 6120.54 6129.51 6136.88 6138.25 6130.03 6109.97 
6205.56 6177.4 6151.78 6130.18 6113.71 6102.96 6098.02 6098.63 6104.35 6114.94 6130.69 
5984.32 6047.83 6098.83 6133.66 6151.56 6154.67 6147.83 6138.05 6133.78 6144.05 6177.55 
6115.46 6149.45 6160.18 6154.02 6137.89 6118.7 6102.83 6095.66 6101.26 6122.19 6159.5 
6074.52 6080.18 6100.44 6129.43 6161.04 6189.02 6207.17 6209.46 6190.29 6144.62 6068.26 
6112.31 6130.67 6136.05 6130.52 6117.13 6099.58 6081.8 6067.66 6060.52 6063.05 6076.97 
