7571.26 7584.7 7598.01 7611.16 7624.12 7636.87 7649.4 7661.67 7673.68 7685.39 7696.8 
7528.17 7546.46 7563.37 7579 7593.47 7606.89 7619.37 7631.04 7642 7652.38 7662.31 
7667.3 7652.48 7639.73 7629.07 7620.5 7614.01 7609.61 7607.28 7607.04 7608.85 7612.73 
7501.58 7508.41 7516.05 7524.55 7533.95 7544.27 7555.57 7567.86 7581.2 7595.6 7611.1 
7642.61 7618.98 7596.2 7574.32 7553.35 7533.34 7514.31 7496.28 7479.28 7463.35 7448.49 
7576.1 7579.04 7583.51 7589.52 7597.08 7606.2 7616.89 7629.17 7643.02 7658.47 7675.5 
7616.84 7609.19 7603.09 7598.54 7595.53 7594.05 7594.09 7595.64 7598.68 7603.21 7609.21 
7678.7 7670.43 7662.28 7654.25 7646.35 7638.58 7630.95 7623.46 7616.11 7608.92 7601.87 
7547.52 7537.89 7528.09 7518.09 7507.88 7497.44 7486.75 7475.78 7464.54 7452.98 7441.11 
7651.19 7643.92 7637.52 7632.1 7627.78 7624.65 7622.84 7622.45 7623.58 7626.33 7630.82 
7646.99 7643.8 7640.7 7637.68 7634.72 7631.81 7628.94 7626.08 7623.24 7620.39 7617.52 
7624.92 7630.88 7635.31 7638.21 7639.58 7639.44 7637.79 7634.66 7630.05 7623.98 7616.48 
7567.54 7571.19 7576.23 7582.57 7590.12 7598.8 7608.51 7619.17 7630.66 7642.91 7655.82 
7721.3 7704.19 7687.82 7672.2 7657.33 7643.21 7629.84 7617.23 7605.37 7594.27 7583.92 
7637.35 7641.23 7643.9 7645.39 7645.69 7644.84 7642.85 7639.74 7635.54 7630.26 7623.95 
7629.61 7629.33 7631.47 7636.01 7642.91 7652.17 7663.74 7677.6 7693.71 7712.05 7732.56 
7671.08 7658.9 7648.27 7639.23 7631.83 7626.09 7622.05 7619.75 7619.2 7620.45 7623.52 
7666.79 7655.97 7644.5 7632.4 7619.69 7606.38 7592.49 7578.06 7563.1 7547.63 7531.68 
7661.66 7651.49 7641.62 7631.97 7622.47 7613.07 7603.69 7594.26 7584.72 7575 7565.04 
7616.33 7615.03 7615.32 7617.12 7620.36 7624.96 7630.86 7637.98 7646.24 7655.56 7665.88 
7545.08 7555.38 7566.74 7579.14 7592.53 7606.88 7622.15 7638.31 7655.32 7673.13 7691.72 
7589.85 7591.31 7594.38 7599.01 7605.15 7612.73 7621.72 7632.04 7643.64 7656.46 7670.44 
7576 7575.29 7575.27 7575.93 7577.26 7579.27 7581.95 7585.29 7589.28 7593.91 7599.18 
7598.1 7589.88 7581.97 7574.37 7567.04 7559.96 7553.12 7546.48 7540.04 7533.75 7527.61 
7540.55 7547.09 7553.48 7559.79 7566.03 7572.26 7578.51 7584.82 7591.23 7597.79 7604.52 
7575.43 7575.97 7575.74 7574.72 7572.88 7570.23 7566.74 7562.4 7557.19 7551.12 7544.17 
7588.99 7584.45 7579.92 7575.44 7571.04 7566.77 7562.68 7558.79 7555.16 7551.83 7548.83 
7568.53 7560.91 7554.77 7550.15 7547.08 7545.61 7545.77 7547.59 7551.1 7556.34 7563.32 
7724.32 7707.98 7693.25 7680.11 7668.54 7658.51 7650 7642.98 7637.42 7633.3 7630.57 
7643.18 7627.75 7613.24 7599.57 7586.67 7574.45 7562.85 7551.78 7541.16 7530.93 7520.99 
7642.71 7647.65 7651.12 7653.11 7653.61 7652.61 7650.1 7646.07 7640.52 7633.44 7624.84 
7678.5 7681.21 7681.13 7678.25 7672.56 7664.02 7652.64 7638.4 7621.29 7601.32 7578.49 
7604.49 7597.77 7592.88 7589.84 7588.68 7589.43 7592.1 7596.73 7603.34 7611.93 7622.53 
7627.14 7620.78 7615.45 7611.12 7607.76 7605.34 7603.83 7603.18 7603.37 7604.36 7606.1 
7563.93 7580.4 7596.54 7612.34 7627.82 7642.95 7657.74 7672.19 7686.28 7700.02 7713.42 
7684.53 7666.32 7647.75 7628.79 7609.38 7589.47 7569.02 7547.99 7526.32 7503.97 7480.9 
7572.87 7573.77 7575.1 7576.87 7579.12 7581.86 7585.11 7588.88 7593.2 7598.09 7603.56 
7682.38 7664.06 7646.31 7629.06 7612.26 7595.84 7579.76 7563.96 7548.36 7532.93 7517.6 
7607.23 7606.1 7606.25 7607.72 7610.5 7614.63 7620.11 7626.96 7635.18 7644.8 7655.81 
7602.78 7599.1 7594.52 7589.06 7582.75 7575.59 7567.63 7558.87 7549.35 7539.1 7528.13 
7542.12 7569.24 7594.43 7617.65 7638.83 7657.94 7674.92 7689.73 7702.33 7712.68 7720.74 
7667.58 7659.7 7652.37 7645.58 7639.37 7633.75 7628.74 7624.37 7620.65 7617.6 7615.24 
7630.7 7625.94 7619.83 7612.37 7603.56 7593.4 7581.91 7569.08 7554.94 7539.49 7522.75 
7640.17 7623.08 7607.65 7593.88 7581.74 7571.21 7562.27 7554.91 7549.09 7544.79 7541.99 
7632.77 7634.37 7637.35 7641.71 7647.43 7654.5 7662.92 7672.68 7683.75 7696.12 7709.78 
7637.32 7635.51 7632.16 7627.26 7620.81 7612.81 7603.27 7592.18 7579.55 7565.39 7549.71 
7722.19 7710.94 7700.54 7690.98 7682.29 7674.46 7667.5 7661.42 7656.22 7651.9 7648.47 
7669.83 7658.48 7648.82 7640.9 7634.79 7630.54 7628.23 7627.91 7629.63 7633.45 7639.42 
7672.38 7667.46 7663.26 7659.73 7656.85 7654.58 7652.88 7651.72 7651.06 7650.87 7651.11 
7608.72 7603.38 7599.39 7596.73 7595.38 7595.3 7596.47 7598.84 7602.38 7607.06 7612.84 
7673.99 7669.42 7665.03 7660.88 7657.01 7653.47 7650.32 7647.61 7645.38 7643.69 7642.57 
7670.86 7672.49 7676.97 7684.32 7694.55 7707.66 7723.66 7742.53 7764.27 7788.89 7816.35 
7565.44 7570.42 7575.75 7581.44 7587.5 7593.95 7600.79 7608.04 7615.72 7623.83 7632.38 
7589.3 7596.4 7603.43 7610.34 7617.14 7623.78 7630.26 7636.55 7642.63 7648.49 7654.09 
7576.7 7581.17 7585.97 7591.04 7596.35 7601.85 7607.5 7613.26 7619.08 7624.92 7630.74 
7541.16 7537.67 7536.09 7536.37 7538.52 7542.49 7548.27 7555.83 7565.14 7576.18 7588.9 
7608.75 7610.87 7612.2 7612.7 7612.33 7611.07 7608.86 7605.69 7601.52 7596.32 7590.07 
7647.68 7655.88 7662.9 7668.78 7673.56 7677.28 7679.97 7681.68 7682.46 7682.33 7681.36 
7737.38 7715.68 7695.92 7678.12 7662.28 7648.41 7636.52 7626.61 7618.68 7612.75 7608.79 
7627.76 7625.8 7624.1 7622.68 7621.56 7620.75 7620.28 7620.17 7620.43 7621.08 7622.14 
7732.32 7705.68 7680.87 7657.94 7636.93 7617.89 7600.88 7585.93 7573.09 7562.39 7553.88 
7661.49 7649.5 7637.33 7624.99 7612.48 7599.81 7587 7574.05 7560.98 7547.79 7534.5 
7674.8 7656.27 7639.03 7622.99 7608.05 7594.11 7581.09 7568.88 7557.39 7546.52 7536.16 
7638.66 7633.1 7626.56 7619.02 7610.43 7600.75 7589.96 7578.01 7564.89 7550.55 7534.98 
7665.1 7662.38 7659.1 7655.22 7650.72 7645.58 7639.75 7633.22 7625.97 7617.97 7609.19 
7596.02 7585.65 7575.83 7566.52 7557.67 7549.27 7541.26 7533.62 7526.32 7519.31 7512.56 
7717.21 7705.32 7693.71 7682.36 7671.23 7660.28 7649.48 7638.79 7628.17 7617.59 7607.01 
7584.06 7589.88 7594.56 7598.13 7600.6 7601.98 7602.31 7601.6 7599.88 7597.17 7593.51 
7592.84 7583.18 7574.73 7567.49 7561.46 7556.62 7552.99 7550.55 7549.29 7549.21 7550.29 
7582.43 7592.06 7601 7609.2 7616.63 7623.25 7629.02 7633.91 7637.87 7640.88 7642.91 
7624.56 7634.72 7645.72 7657.46 7669.85 7682.79 7696.18 7709.92 7723.91 7738.05 7752.24 
7588.75 7600.2 7611.73 7623.36 7635.11 7647.02 7659.1 7671.38 7683.89 7696.64 7709.67 
7594.91 7594.13 7593.38 7592.63 7591.89 7591.13 7590.35 7589.55 7588.7 7587.81 7586.86 
7673.29 7688.64 7700.12 7707.8 7711.72 7711.96 7708.58 7701.66 7691.27 7677.5 7660.43 
7660.56 7649.21 7637.15 7624.4 7611.01 7596.99 7582.39 7567.24 7551.58 7535.43 7518.84 
7702.28 7676.71 7651.36 7626.28 7601.5 7577.08 7553.06 7529.48 7506.38 7483.8 7461.79 
7598.97 7600.25 7599.84 7597.78 7594.1 7588.85 7582.06 7573.79 7564.09 7552.99 7540.56 
7762.4 7739.82 7718.19 7697.48 7677.67 7658.73 7640.65 7623.38 7606.91 7591.2 7576.23 
7562.52 7556.96 7552.02 7547.7 7544 7540.92 7538.46 7536.63 7535.42 7534.84 7534.88 
7733 7700.18 7668.78 7638.82 7610.3 7583.23 7557.63 7533.49 7510.83 7489.64 7469.92 
7540.47 7546.15 7551.18 7555.52 7559.17 7562.1 7564.29 7565.72 7566.38 7566.26 7565.33 
7578.42 7577.52 7577.16 7577.4 7578.28 7579.84 7582.15 7585.23 7589.14 7593.91 7599.6 
7648.08 7655.26 7660.44 7663.56 7664.55 7663.35 7659.9 7654.15 7646.06 7635.57 7622.63 
7565.81 7572.14 7578.56 7585.07 7591.7 7598.48 7605.42 7612.56 7619.92 7627.52 7635.38 
7621.21 7629.18 7637.2 7645.27 7653.45 7661.74 7670.19 7678.81 7687.65 7696.72 7706.06 
7635.78 7627.94 7621.35 7616.01 7611.93 7609.11 7607.55 7607.24 7608.2 7610.41 7613.87 
7675.76 7673.81 7672.58 7672.05 7672.16 7672.86 7674.12 7675.88 7678.09 7680.71 7683.69 
7643.03 7640.9 7639.25 7638.1 7637.46 7637.33 7637.74 7638.68 7640.17 7642.22 7644.84 
7578.96 7573.84 7569.81 7566.86 7564.98 7564.15 7564.36 7565.58 7567.81 7571.02 7575.2 
7655.84 7651.33 7647.66 7644.81 7642.74 7641.44 7640.88 7641.03 7641.87 7643.37 7645.5 
7607.89 7622.01 7635.83 7649.38 7662.66 7675.71 7688.54 7701.17 7713.62 7725.92 7738.09 
7629.31 7638.58 7647.81 7656.99 7666.06 7674.99 7683.75 7692.3 7700.6 7708.62 7716.32 
7732.74 7723.72 7712.95 7700.43 7686.18 7670.19 7652.48 7633.07 7611.97 7589.2 7564.77 
7562.15 7562.85 7565.4 7569.81 7576.08 7584.22 7594.21 7606.08 7619.8 7635.37 7652.79 
7644.86 7634.2 7623.27 7612.06 7600.56 7588.76 7576.67 7564.26 7551.53 7538.49 7525.12 
7632.85 7623.14 7613.9 7605.22 7597.18 7589.85 7583.3 7577.61 7572.85 7569.1 7566.43 
7603.08 7606.41 7611.4 7618.02 7626.23 7635.98 7647.24 7659.96 7674.1 7689.6 7706.43 
7648.64 7644.98 7643.75 7644.96 7648.64 7654.8 7663.45 7674.61 7688.27 7704.45 7723.15 
7565.67 7579.25 7591.83 7603.36 7613.83 7623.19 7631.42 7638.5 7644.4 7649.09 7652.54 
7624.32 7615.28 7606.02 7596.54 7586.85 7576.97 7566.91 7556.67 7546.27 7535.72 7525.04 
7703.75 7691.78 7681.62 7673.26 7666.74 7662.05 7659.22 7658.25 7659.15 7661.92 7666.57 
7569.05 7574.69 7580.28 7585.82 7591.3 7596.72 7602.06 7607.33 7612.51 7617.61 7622.62 
7584.14 7592.51 7599.91 7606.42 7612.07 7616.95 7621.11 7624.61 7627.53 7629.93 7631.87 
7550.32 7555.84 7562.1 7569.04 7576.6 7584.75 7593.41 7602.55 7612.09 7622 7632.2 
7602.57 7595.85 7589.67 7584.08 7579.1 7574.79 7571.17 7568.3 7566.19 7564.9 7564.46 
7612.4 7598.93 7586.13 7574.04 7562.68 7552.11 7542.35 7533.44 7525.41 7518.3 7512.14 
7594.71 7590.3 7586.94 7584.63 7583.33 7583.04 7583.73 7585.38 7587.98 7591.49 7595.89 
7653.62 7655.08 7656.46 7657.7 7658.71 7659.42 7659.75 7659.63 7658.99 7657.75 7655.84 
7609.48 7608.42 7608.29 7609.08 7610.81 7613.48 7617.09 7621.64 7627.13 7633.58 7640.96 
7633.06 7623.37 7613.93 7604.72 7595.71 7586.87 7578.16 7569.57 7561.05 7552.59 7544.15 
7631.89 7642.07 7650.63 7657.56 7662.86 7666.51 7668.52 7668.87 7667.58 7664.64 7660.05 
7608.04 7600.29 7593.09 7586.44 7580.3 7574.65 7569.48 7564.76 7560.47 7556.58 7553.06 
7623.58 7618.24 7614.42 7612.09 7611.2 7611.7 7613.55 7616.7 7621.09 7626.67 7633.4 
7592.39 7590.18 7590.35 7592.98 7598.18 7606.06 7616.72 7630.24 7646.72 7666.24 7688.9 
7663.93 7669.19 7671.87 7671.95 7669.41 7664.25 7656.44 7646 7632.9 7617.17 7598.79 
7613.26 7607.88 7605.02 7604.62 7606.68 7611.14 7617.97 7627.13 7638.58 7652.27 7668.16 
7628.15 7622.77 7618.69 7615.9 7614.42 7614.24 7615.37 7617.82 7621.57 7626.63 7632.99 
7558.07 7565.72 7571.73 7576.09 7578.81 7579.87 7579.28 7577.04 7573.14 7567.6 7560.43 
7524.4 7527.05 7531.49 7537.7 7545.68 7555.41 7566.86 7580.03 7594.88 7611.4 7629.55 
7729.27 7698.47 7667.43 7636.14 7604.57 7572.7 7540.52 7508.01 7475.16 7441.94 7408.35 
7637.68 7633.86 7631.27 7629.95 7629.94 7631.25 7633.92 7637.98 7643.45 7650.36 7658.73 
7720.79 7700.33 7680.48 7661.2 7642.46 7624.19 7606.37 7588.94 7571.86 7555.08 7538.56 
7663.16 7664.35 7666.51 7669.58 7673.55 7678.38 7684.05 7690.51 7697.73 7705.69 7714.34 
7580.49 7557.4 7536.86 7518.86 7503.41 7490.51 7480.15 7472.32 7467.03 7464.25 7463.97 
7592.72 7587.6 7584.87 7584.51 7586.52 7590.9 7597.63 7606.71 7618.11 7631.83 7647.83 
7642.99 7638.84 7634.95 7631.29 7627.8 7624.44 7621.16 7617.92 7614.66 7611.35 7607.94 
7677.07 7662.13 7648.72 7636.94 7626.88 7618.63 7612.3 7607.97 7605.72 7605.64 7607.82 
7659.57 7666.63 7672.54 7677.28 7680.83 7683.16 7684.26 7684.12 7682.71 7680.02 7676.05 
7649.43 7645.4 7642.11 7639.5 7637.5 7636.04 7635.05 7634.45 7634.19 7634.19 7634.37 
7630.58 7619.35 7608.59 7598.3 7588.49 7579.19 7570.41 7562.14 7554.42 7547.23 7540.61 
7624.13 7634.62 7644.34 7653.21 7661.14 7668.04 7673.85 7678.47 7681.84 7683.87 7684.5 
7606.45 7598.45 7591.21 7584.71 7578.91 7573.76 7569.22 7565.27 7561.86 7558.94 7556.49 
7523.53 7507.79 7494.23 7482.8 7473.42 7466.05 7460.62 7457.06 7455.31 7455.3 7456.95 
7579.58 7582.48 7585.42 7588.35 7591.22 7593.99 7596.6 7599.03 7601.21 7603.11 7604.69 
7703.77 7698.5 7692.39 7685.46 7677.69 7669.08 7659.64 7649.36 7638.26 7626.33 7613.58 
7606.25 7605.37 7605.07 7605.31 7606.06 7607.28 7608.93 7610.98 7613.38 7616.1 7619.1 
7576.6 7576.01 7575.53 7575.17 7574.96 7574.89 7574.99 7575.28 7575.76 7576.44 7577.36 
7531.6 7532.46 7533.23 7533.97 7534.71 7535.52 7536.43 7537.49 7538.75 7540.26 7542.07 
7612.14 7623.03 7632.53 7640.64 7647.39 7652.81 7656.91 7659.72 7661.26 7661.57 7660.68 
7610.8 7609.7 7607.2 7603.34 7598.16 7591.71 7584.06 7575.25 7565.34 7554.39 7542.46 
7639.54 7641.26 7639.81 7635.18 7627.4 7616.48 7602.43 7585.28 7565.06 7541.8 7515.54 
7529.12 7546.43 7562.9 7578.48 7593.14 7606.84 7619.56 7631.26 7641.9 7651.47 7659.93 
7615.36 7607.86 7601.35 7595.72 7590.9 7586.78 7583.28 7580.3 7577.75 7575.53 7573.55 
7546.04 7550.82 7556.45 7562.94 7570.27 7578.44 7587.44 7597.26 7607.9 7619.35 7631.58 
7648.95 7654.47 7659.59 7664.29 7668.53 7672.28 7675.51 7678.18 7680.27 7681.74 7682.57 
7675.92 7672.09 7668.95 7666.5 7664.72 7663.59 7663.11 7663.26 7664.02 7665.38 7667.32 
7599.33 7614.79 7630.33 7645.95 7661.63 7677.36 7693.11 7708.87 7724.63 7740.36 7756.07 
7599.75 7606.75 7612.71 7617.66 7621.61 7624.59 7626.62 7627.71 7627.9 7627.22 7625.68 
7626.23 7619.46 7612.68 7605.95 7599.3 7592.77 7586.4 7580.25 7574.34 7568.71 7563.42 
7743.11 7739.07 7733.59 7726.58 7717.98 7707.71 7695.7 7681.9 7666.23 7648.64 7629.07 
7560.75 7573.88 7585.17 7594.6 7602.13 7607.73 7611.38 7613.05 7612.73 7610.39 7606.02 
7633.31 7628.84 7624.98 7621.73 7619.11 7617.14 7615.82 7615.18 7615.21 7615.94 7617.38 
7614.35 7630.07 7644.65 7658.03 7670.19 7681.07 7690.63 7698.85 7705.68 7711.08 7715.04 
7546.4 7548.96 7551.3 7553.42 7555.33 7557.06 7558.61 7560 7561.24 7562.35 7563.33 
7560.55 7575.61 7589.54 7602.36 7614.1 7624.79 7634.47 7643.17 7650.94 7657.79 7663.78 
7556.75 7565.49 7574.81 7584.72 7595.23 7606.35 7618.1 7630.48 7643.5 7657.18 7671.51 
7626.29 7627.24 7627.59 7627.28 7626.28 7624.55 7622.04 7618.71 7614.53 7609.46 7603.46 
7665.77 7650.59 7637.21 7625.64 7615.88 7607.94 7601.82 7597.51 7595.01 7594.32 7595.43 
7511.49 7516.69 7522.53 7529 7536.09 7543.78 7552.07 7560.94 7570.39 7580.41 7590.97 
7691.95 7680.67 7668.64 7655.97 7642.77 7629.11 7615.13 7600.9 7586.54 7572.15 7557.84 
7674.7 7663.83 7654.67 7647.24 7641.59 7637.72 7635.67 7635.45 7637.09 7640.59 7645.98 
7689.03 7666.53 7643.96 7621.39 7598.86 7576.42 7554.11 7531.98 7510.09 7488.48 7467.21 
7678.77 7664.99 7653.82 7645.17 7638.96 7635.07 7633.42 7633.9 7636.4 7640.83 7647.06 
7570.24 7567.93 7566.42 7565.71 7565.8 7566.7 7568.42 7570.95 7574.31 7578.48 7583.48 
7723.62 7709.08 7693.66 7677.34 7660.1 7641.92 7622.79 7602.69 7581.62 7559.56 7536.49 
7619.15 7619.25 7618.9 7618.17 7617.09 7615.71 7614.1 7612.29 7610.34 7608.31 7606.23 
7609.87 7610.78 7612.07 7613.76 7615.82 7618.24 7621.02 7624.14 7627.6 7631.37 7635.46 
7679.23 7667.2 7656.46 7646.94 7638.58 7631.31 7625.07 7619.78 7615.39 7611.82 7609 
7582.18 7594.41 7605.4 7615.15 7623.66 7630.91 7636.9 7641.62 7645.08 7647.28 7648.21 
7665.14 7658.06 7653.54 7651.6 7652.24 7655.49 7661.34 7669.81 7680.88 7694.57 7710.87 
7700.54 7684.91 7669.87 7655.45 7641.64 7628.45 7615.91 7604.01 7592.76 7582.17 7572.24 
7708.21 7689.14 7670.65 7652.74 7635.39 7618.56 7602.25 7586.44 7571.09 7556.2 7541.73 
7554.35 7546.96 7540.44 7534.78 7529.97 7525.99 7522.82 7520.46 7518.88 7518.06 7517.99 
7686.73 7665.3 7646.95 7631.73 7619.7 7610.89 7605.35 7603.11 7604.21 7608.68 7616.53 
7602.04 7611.33 7619.36 7626.1 7631.5 7635.53 7638.13 7639.29 7638.96 7637.12 7633.73 
7530.95 7532.28 7534.45 7537.48 7541.36 7546.12 7551.77 7558.3 7565.73 7574.08 7583.33 
7587.27 7596.29 7605.54 7615 7624.64 7634.43 7644.33 7654.31 7664.35 7674.41 7684.46 
7622.25 7604.89 7588.78 7573.86 7560.12 7547.51 7536 7525.54 7516.09 7507.61 7500.06 
7634.4 7617.11 7600.78 7585.38 7570.88 7557.24 7544.44 7532.45 7521.22 7510.74 7500.96 
7633.46 7615.62 7597.61 7579.43 7561.06 7542.48 7523.69 7504.67 7485.41 7465.9 7446.13 
7595.95 7589.73 7584.71 7580.89 7578.31 7576.96 7576.87 7578.04 7580.49 7584.23 7589.25 
7623.69 7632.41 7640.52 7648.06 7655.07 7661.61 7667.73 7673.46 7678.87 7683.99 7688.89 
7577.45 7583.78 7589.38 7594.27 7598.45 7601.93 7604.72 7606.84 7608.29 7609.11 7609.29 
7620.48 7607.81 7596.65 7586.97 7578.76 7572 7566.68 7562.78 7560.27 7559.14 7559.36 
7683.63 7676.33 7668.81 7661.05 7653 7644.65 7635.97 7626.92 7617.48 7607.62 7597.31 
7637.13 7643.09 7648.04 7652 7654.94 7656.89 7657.83 7657.78 7656.73 7654.7 7651.69 
7549.52 7568.19 7584.63 7598.9 7611.02 7621.03 7628.98 7634.92 7638.9 7640.96 7641.17 
7674.05 7665.79 7659.41 7654.97 7652.53 7652.15 7653.88 7657.79 7663.92 7672.33 7683.05 
7666.48 7660.3 7653.59 7646.39 7638.72 7630.62 7622.11 7613.22 7604 7594.46 7584.65 
7608.14 7616.35 7625.18 7634.61 7644.65 7655.26 7666.43 7678.15 7690.4 7703.17 7716.43 
7609.15 7614.94 7622.42 7631.47 7642.02 7653.96 7667.21 7681.65 7697.19 7713.73 7731.16 
7652.41 7661.35 7669.04 7675.45 7680.51 7684.17 7686.39 7687.13 7686.33 7683.96 7679.97 
7643.83 7640.58 7636.92 7632.81 7628.26 7623.24 7617.74 7611.76 7605.27 7598.27 7590.75 
7624.45 7628.58 7631.45 7633.03 7633.29 7632.21 7629.77 7625.95 7620.74 7614.12 7606.08 
7505.77 7507.28 7510.38 7515.03 7521.2 7528.86 7537.98 7548.5 7560.41 7573.65 7588.19 
7690.88 7671.99 7654.37 7638.1 7623.28 7609.99 7598.3 7588.3 7580.06 7573.67 7569.19 
7560.18 7569.31 7577.9 7585.94 7593.45 7600.43 7606.89 7612.84 7618.28 7623.22 7627.68 
7743.75 7725.92 7709.23 7693.7 7679.31 7666.08 7654 7643.08 7633.32 7624.7 7617.24 
7667.8 7660.78 7654.68 7649.56 7645.45 7642.38 7640.4 7639.52 7639.79 7641.23 7643.88 
7624.13 7631.51 7638.67 7645.65 7652.52 7659.32 7666.1 7672.92 7679.84 7686.89 7694.14 
2032.23 2961.7 3972.04 5067.63 6238.62 7464.95 8723.46 9996.32 11278.6 12582.7 13938.2 
1955.29 2876.56 3846.04 4882.04 5998.17 7199.18 8478.79 9820.54 11201.5 12598 13992.1 
1917.18 2814.76 3829.7 4950.59 6155.94 7420.89 8723.53 10049 11389.9 12743.8 14108.5 
2018.56 2992.01 3989.49 5042.8 6176.55 7400.55 8705.12 10061.1 11425.1 12749 13991.9 
1942.46 2885.43 3905.17 4998.99 6160.51 7380.63 8648.71 9953.9 11285.8 12634.5 13989.6 
2066.27 2934.98 3896.81 4960.21 6117.72 7352.05 8642.77 9971.73 11325.8 12696.9 14079.7 
1974.41 2913.32 3918.66 4994.41 6142.41 7360.96 8643.25 9976.73 11344.1 12726.1 14105.8 
2003.81 3004.17 4038.84 5123.44 6263.09 7455.07 8692.74 9969.86 11284.3 12640.4 14049.1 
2036.32 3003.61 4014.24 5083.96 6218.33 7414.1 8661.52 9947.32 11257.8 12581.7 13912.3 
1968.27 2971.38 4023.45 5143.28 6335.69 7591.71 8892.29 10214.4 11537.8 12849.2 14144.8 
1883.94 2905.08 3943.11 5017.8 6146.87 7343.19 8611.81 9947.14 11331 12732.3 14109.2 
2110.17 3052.06 4058.33 5132.6 6272.26 7469.98 8715.43 9996.92 11302.8 12622.6 13947.9 
1968 2892.66 3878.27 4950.82 6120.02 7378.28 8703.21 10062.8 11422.2 12749.7 14022.5 
1950.5 2872.99 3872.92 4960.03 6132.08 7377.44 8678.35 10014.3 11364.9 12712.1 14042 
2004.1 2976.13 4012.75 5109.25 6257.4 7448.91 8678.86 9948.33 11265.3 12643.6 14099.5 
2134.73 2979.43 3935.88 4999.43 6157.35 7391.85 8683.16 10012.2 11362.6 12722.4 14084.7 
2080.54 2968.4 3908.22 4919.96 6019.26 7213.61 8499.34 9860.19 11267.9 12685 14069.7 
2008.91 2991.09 3996.34 5049.08 6168.04 7362.39 8629.93 9957.48 11323.5 12701.9 14066.9 
1947.23 2953.89 3967.38 5020.98 6138.26 7328.65 8587.97 9903.21 11258.8 12642.4 14047 
2063.75 2980.27 3996.04 5079.91 6211.49 7383.94 8602.07 9876.6 11216.7 12622.7 14082.4 
1930.65 2806.41 3795.82 4895.01 6092.98 7371.62 8706.77 10070.7 11436.2 12780.6 14090.7 
1982.38 2961.09 3983.48 5063.62 6211.23 7426.75 8700.13 10013.4 11345.1 12675.3 13988 
1976.06 2968.24 4014.85 5102.13 6225.71 7389.39 8601.66 9871.14 11201.9 12589.8 14020.9 
1920.9 2958.11 4031.15 5139.83 6285.38 7469.42 8693.5 9958.78 11265.8 12614.2 14001.3 
2110.5 3047.73 4032.26 5087.75 6225.48 7442.98 8725.23 10048.4 11385.7 12713.7 14019.1 
2031.34 2962.26 3912.05 4930.92 6050.57 7279.18 8600.96 9980.43 11370.3 12721.3 13992.1 
1990.58 2895.78 3902.97 5006.94 6188.48 7422.41 8686.46 9968.87 11272.6 12615.5 14025.8 
1998.6 2987.03 4000.82 5067.46 6200.18 7398.66 8653.09 9950.06 11278.5 12633.9 14020 
2014.05 2956.86 3975.32 5068.58 6229.76 7449.27 8717.43 10026.2 11369.6 12742.4 14139.5 
1929.54 2809.74 3800.48 4892.41 6073.28 7329.82 8646.91 10005 11377.4 12729.4 14020.2 
1903.15 3009.08 4059.02 5116.84 6231.15 7428.64 8711.66 10060.4 11438.6 12802.6 14110 
2071.62 2954.38 3917.06 4960.63 6087.05 7295.94 8580.68 9925.79 11306.8 12693 14053 
1967.51 2893.65 3895.16 4970.11 6112.67 7316.1 8574.51 9883.34 11238.8 12637 14073.4 
2011.6 2970.09 3964.13 5015.53 6130.34 7303.92 8528.18 9798.75 11120.2 12507.7 13985.5 
2051.34 2990.21 3992.55 5076.66 6241.39 7472.14 8749.1 10055.1 11381 12727.1 14100.8 
1922.81 2912.92 3924.02 4986.36 6119.49 7329.57 8609.82 9944.06 11312.7 12699.2 14096 
1985.97 2938.97 3928.89 4985.41 6126.33 7353.34 8651.58 9993.46 11346 12680 13978.1 
2052.41 3027.28 4017.52 5062.4 6181.17 7375.69 8636.22 9948.19 11297.9 12675.8 14077.2 
2103.96 3031.25 4049.2 5143.53 6297.2 7495.84 8731.69 10004.9 11321.5 12688.4 14107.5 
1906.33 2881.69 3903.12 4985.94 6134.24 7342.55 8599.59 9893.08 11214.3 12561.2 13939.6 
1966.02 2879.78 3881.64 4975.71 6152.02 7391.96 8674.63 9982.17 11303.1 12633.2 13973.8 
2050.06 3024.75 4022.69 5067.46 6177.57 7361.97 8617.48 9929.12 11273.7 12625.7 13964.3 
2120.7 3026.08 4036.61 5131.38 6287.94 7487.5 8718.46 9977.57 11268.6 12599 13976.1 
2012.43 2972.57 3966.17 5020.36 6152.79 7369.36 8663.19 10015.1 11395.4 12767.7 14093.3 
1987.46 2965.5 4008.76 5122.57 6300.12 7527.68 8790.92 10080.3 11393.5 12734.8 14110.6 
1900.53 2912.13 3989.91 5126.41 6307.41 7518.93 8752.99 10010.6 11301.9 12642.5 14050 
1979.65 2951.62 3954.17 5005.83 6121.85 7310.85 8573.19 9901.07 11280.4 12693.3 14121.6 
1891.41 2791.77 3805.97 4925.51 6130.8 7396.27 8696.63 10012.7 11335.1 12664.3 14007.8 
1929.97 2964.14 3999.15 5060.24 6173.86 7359.96 8624.65 9955.93 11324.1 12687.6 14003.1 
1983.83 2908.8 3902.81 4974.67 6122.29 7334.92 8597.2 9894.68 11219.3 12574 13974.4 
2123 3069.63 4043.23 5084.01 6215.98 7443.02 8748.85 10101.3 11460.1 12787.1 14056.5 
2067.07 2959.1 3938.42 5009.54 6166.8 7396.72 8681.94 10006 11358.6 12739.3 14160 
2024.53 3007.67 4024.84 5083.89 6196.27 7372.96 8619.42 9930.83 11289.5 12665 14018.8 
2173.21 2953.57 3858.06 4892.83 6054.2 7326.84 8683.96 10089.2 11500.2 12872.6 14164.1 
1994 2895.43 3901.02 5005.15 6190.43 7434.28 8715.05 10016.2 11328 12646.6 13971.9 
2028.84 2961.74 3959.63 5031 6175.83 7386.57 8650.63 9953.96 11284.8 12636.3 14008.3 
1940.26 2970.15 4036.97 5140.45 6279.63 7454.52 8667.92 9926.22 11238.7 12614.8 14060.2 
2086.23 3008.2 4018.08 5107.65 6259.39 7454.88 8682.47 9942.6 11249.9 12631.8 14124.9 
1955.91 3010.98 4053.03 5117.15 6232.97 7417.75 8673.61 9989.6 11347.8 12731.5 14132.4 
1984.41 2978.91 3988.84 5040.31 6153.02 7335 8581.66 9878.81 11208.2 12553.2 13902.5 
1898.7 2841.22 3884.29 5014.04 6205.51 7431.84 8673.58 9926.21 11204.4 12542.1 13988.6 
1938.01 2995.4 4040.57 5107.93 6224.28 7405.53 8655.55 9966.93 11323 12700.8 14073.6 
2002.17 3034.62 4031.41 5045.12 6123.49 7299.35 8582.49 9956.06 11379.2 12795.7 14147.6 
1937.44 2952.04 4004.87 5093.16 6221.66 7399.35 8634.82 9931.21 11282.3 12670.1 14065.6 
2079.33 3002.48 3987.04 5051.68 6199.18 7419.01 8691.82 9994.71 11306.4 12611.5 13903.5 
2037.09 2989.09 3934.01 4931.2 6025.89 7239.67 8566.41 9974.54 11415.3 12834.6 14185.9 
2033.73 2965.79 3944.27 4985.79 6103.2 7302.35 8580.57 9926.71 11322.6 12745.2 14168.9 
1987.64 2990.8 4017.26 5092.12 6231.39 7440.21 8712.47 10032.5 11378.5 12728.2 14064.6 
1898.11 2875.44 3902.83 4989.25 6137.2 7343.93 8602.98 9906.04 11245.3 12616 14019.1 
1933.21 2882.02 3897.9 4978.26 6122.97 7331.06 8597.44 9911.08 11255.3 12610.4 13957.1 
2003.4 2866.87 3852.42 4943.45 6120.55 7364.31 8657.63 9986.52 11338.9 12701.5 14055.8 
2043.55 2960.05 3944.45 5007.49 6150.5 7366.68 8643.41 9964.94 11315 12679.1 14046 
1948.01 2944.2 3982.19 5080.12 6244.99 7473.43 8754.65 10074.1 11417 12770.1 14122.5 
1974.42 3030.46 4085.76 5153.51 6251.42 7397.67 8606.08 9881.83 11219.3 12602.7 14009.6 
1927.16 2863.84 3885.42 4984.7 6156.87 7396.39 8694.49 10038.2 11410.7 12793.1 14166.4 
1958.77 2873.6 3869.53 4949.65 6108.32 7334.58 8615.32 9937.76 11291.3 12669 14068.7 
2038.84 3018.67 3997.98 5023.22 6133.11 7346.49 8655.33 10025.2 11403.3 12731.2 13959.8 
1915.24 2858.15 3872.97 4969.95 6148.41 7398.99 8706.94 10055.7 11429.7 12816.5 14207.7 
1949.37 2788.58 3759.31 4843.92 6021.34 7270.86 8574.61 9918.76 11293.3 12691.2 14107.1 
1898.68 2839.74 3853.58 4940.34 6097.92 7322.38 8606.73 9938.73 11298.6 12658.6 13984.1 
2026.12 3029.06 4018.75 5042.6 6139.38 7331.52 8620.18 9984.43 11384.8 12771.2 14092.8 
1975.86 2956.76 3998.72 5101.02 6260.74 7471.94 8726.74 10018.1 11343 12705.5 14116.6 
2097.51 3049.06 4071.24 5157.63 6300.24 7491.81 8727.49 10005.6 11326.3 12689.8 14091.9 
1960.03 2946.75 3996.53 5099.01 6247.73 7438.81 8669.73 9938.67 11244.8 12588.7 13972.9 
2035.9 2981.37 3977.73 5040.27 6172.43 7367.5 8612.85 9896.05 11211.3 12564.7 13976.4 
1964.03 2920.17 3918.09 4990.91 6148.78 7381.96 8668.94 9987.39 11325.1 12688 14102.2 
1954.08 2999.78 4051.82 5129.18 6246.28 7413.4 8636.86 9919.2 11259.1 12651.7 14089.7 
2123.46 2982.32 3937.34 4988.65 6133.31 7362.38 8659.05 9999.06 11353.9 12696.3 14006.4 
2049.97 2930.03 3875.03 4914.06 6063.26 7320.49 8664.74 10060.6 11466.5 12845.3 14172.4 
1922.29 2986.66 4051.41 5136.46 6262.77 7447.19 8696.89 10005.7 11353.6 12711.3 14047.2 
2085.09 2966.26 3955.62 5036.23 6184.55 7379.43 8609.9 9879.15 11203.4 12605.7 14106.3 
1996.42 2920.33 3923.94 5002.52 6144.8 7337.13 8569.14 9839.78 11161.4 12560.4 14073.6 
1956.34 2953.25 3972.79 5043 6183.26 7400.59 8688.53 10029.2 11397.8 12769 14122.9 
2021.64 2982.16 3996.49 5071.41 6208.75 7404.18 8647.84 9927.03 11230.4 12552.2 13895.7 
1986.54 2995.27 4017.01 5080.25 6202.25 7389.04 8637.91 9940.92 11288.3 12670.4 14078 
2007.97 2927.63 3922.31 4999.52 6155.06 7376.87 8649.28 9956.7 11285.8 12626.4 13971.1 
2012.13 2920.88 3887.06 4932.95 6070.17 7296.89 8598.13 9949.26 11321.8 12690 14036.6 
1877.35 2763.2 3781.92 4907.94 6112.03 7365.69 8645.74 9938.6 11243.6 12574.5 13958.2 
1982.97 2881.03 3909.73 5042.92 6250.32 7504.41 8785.64 10084.6 11400.6 12738.1 14100.7 
2034.78 3050.66 4094.82 5182.16 6323.73 7524.66 8782.46 10085.9 11414.7 12741.1 14031.9 
1901.99 2869.26 3883.85 4972.37 6142.71 7386.21 8683.92 10014.3 11360.3 12712.9 14071.2 
1915.99 2860.19 3860.32 4945.3 6119.08 7366.53 8663.79 9990.16 11338.3 12719.5 14163.9 
1954.92 2933.67 3959.34 5051.08 6214.55 7444.95 8730.1 10052.8 11391.6 12721.4 14014.1 
2005.53 2967.79 3970.26 5023.09 6132.37 7299.9 8524.38 9803.65 11137 12526.4 13976 
2017.92 2985.21 3984.23 5044.06 6179.67 7391.69 8668.83 9992.07 11339.8 12692.6 14036.8 
2002.29 3014.18 4067.25 5175.77 6342.43 7561.76 8823.73 10116.5 11427.7 12744.2 14052.2 
1934.77 2955.44 3981.87 5046.58 6177.17 7389.03 8680.52 10031.9 11408.1 12765.1 14057.7 
2013.83 2911.42 3891.46 4959.8 6106.35 7312.83 8561.42 9841.95 11156.1 12517.7 13949.9 
2044.68 2950.68 3919.77 4974.19 6121.46 7354.24 8652.87 9989.71 11334.2 12657.6 13936.7 
1902.79 2877.72 3894.34 4970.5 6115.32 7328.24 8599.6 9913.11 11249.8 12593.1 13933.4 
2084.7 2976.42 3941.81 4997.6 6147.36 7381.78 8682.18 10026.3 11394.3 12774 14162.6 
1864.54 2868.51 3892.92 4968.85 6118.29 7348.96 8652.82 10008.4 11386.5 12756.4 14092.6 
1948.71 2971.42 4023.22 5114.88 6252.63 7439.19 8675.31 9961.14 11297.1 12683.6 14120.7 
1862.43 2779.66 3795.21 4898.48 6078.55 7323.32 8618.72 9948.19 11292.4 12629.2 13934.1 
1965.57 2993.03 4006.91 5042.45 6133.88 7306.43 8569.84 9914.49 11310.9 12712.3 14061 
2090.07 3078.96 4072.39 5098.68 6184.84 7350.54 8602.74 9932.74 11316.9 12721.1 14108.4 
2144.6 3083.49 4024.89 5009.59 6072.43 7233.73 8494.05 9833.54 11216.4 12599.3 13941 
1887.21 2845.05 3849.27 4931.94 6109.07 7377.07 8714.43 10088 11461.7 12804.9 14098.9 
2094.45 3085.34 4048.99 5048.62 6132.88 7326.32 8624.95 9997.86 11394.6 12756.3 14028.9 
2069.29 3006.92 3982.17 5021.29 6137.59 7331.03 8590.59 9898.9 11237.8 12593.7 13960.9 
2006.74 2830.35 3824.53 4942.12 6136.52 7371.59 8627.09 9899.64 11199.7 12546.3 13961.8 
1851.56 2753.89 3741.56 4837.16 6045.07 7350.08 8720.55 10115.6 11494.6 12826.6 14097.6 
1918.45 2913.14 3926.44 4984.85 6110.46 7314.35 8593.01 9928.69 11293.8 12657.6 13994.1 
1977.36 2991.33 4028.45 5102.86 6226.12 7405.25 8641.14 9928.04 11254.5 12605.8 13966.9 
2057.51 2967.71 3965.81 5048.21 6198.91 7397.2 8626.67 9882.84 11177.4 12537.7 14000.9 
2092.39 3003.98 3988.36 5051.81 6189.7 7389.76 8636.91 9918.57 11229.3 12574 13968 
1960.45 2865.84 3873.02 4973.77 6147.84 7370.25 8619.72 9886.2 11175.4 12509.5 13922.8 
2066.32 2958.77 3941.01 5010.22 6154.96 7362.33 8623.12 9933.79 11295.1 12708.9 14174.2 
1892.45 2798.99 3783.26 4862.48 6044.65 7324.34 8680.69 10078.5 11472.4 12813.5 14057.3 
2024.78 2952.89 3955.74 5027.94 6162.41 7352.61 8594.2 9885.39 11226.4 12617.6 14058.1 
2036.65 2976.78 3985.84 5067.46 6224.88 7458.87 8764.53 10127.2 11518.5 12893.9 14192.9 
1993.74 2856.37 3854.81 4967.22 6169.14 7435.72 8742.81 10067.3 11387.1 12681.1 13929.9 
2016.34 3071.32 4080.77 5101.55 6181.65 7351.55 8618.76 9966.88 11359.6 12749.2 14087.6 
1903.22 2866.07 3915.88 5034.93 6205.43 7413.72 8653.39 9926.21 11240.9 12610 14044.8 
2017.76 2956.7 4002.11 5134.96 6326.94 7549.82 8784.46 10027.1 11291.3 12604.4 14000.3 
2153.62 3017.29 3983.53 5049.72 6206.88 7439.45 8726.61 10045.4 11374.5 12698.6 14011 
2019.03 2889.88 3871.68 4961.97 6144.31 7393.55 8682.65 9989.31 11300.6 12614.7 13939.6 
1978.43 2964.56 3988.69 5061.5 6186.2 7361.07 8582.61 9848.24 11157.5 12511.2 13909.4 
2092.66 3013.57 3971.95 4996.91 6103.12 7291.88 8555.47 9883.46 11268.5 12710 14214.1 
2000.16 2946.19 3931.5 4975.65 6092.84 7289.35 8562.86 9903.27 11293.9 12712.5 14131.1 
2074.04 2949.03 3908.89 4971.63 6137.48 7390.54 8703.39 10043.2 11377.8 12680.1 13930.9 
2094.56 2946.88 3937.99 5049.19 6250 7507.27 8793.62 10093 11402.2 12728.6 14084.8 
1982.51 3010.79 4034.48 5085.72 6192.81 7374.06 8632.58 9953.76 11306 12645.8 13925.2 
2090.41 3018.87 3997.47 5045.4 6172.18 7378.27 8657.13 9998.06 11389.2 12819.6 14280.9 
2083.15 3015.58 4006.96 5072.79 6214.63 7423.69 8685.26 9982.43 11298.3 12616.6 13921 
2052.76 2969.46 3908.75 4918.67 6031.42 7258 8586.21 9982.96 11400.8 12787.7 14098 
2115.25 2962.15 3919.13 4985.27 6149.81 7393.99 8693.78 10023 11356.3 12671.6 13951.9 
2074.18 2939.38 3901.87 4962.78 6113.42 7338.43 8619.96 9941.63 11291.1 12661 14047.5 
1970.53 2905.12 3920.05 5020.23 6197.72 7436.16 8717.47 10029 11368.5 12746.2 14181.7 
1863.46 2800.55 3820.21 4923.55 6102.47 7342.52 8626.78 9940.04 11272.3 12621 13991.4 
2043.69 2999.14 4038.61 5148.76 6313.46 7517.98 8753.23 10019 11325.3 12691.1 14140.3 
2106.38 3074.86 4067.79 5109.81 6214.03 7382.76 8611.24 9893.3 11227 12618.9 14084.6 
1943.72 2875.44 3886.58 4971.34 6117.24 7312.27 8550.32 9833.65 11171.8 12578.1 14064 
1918.5 2796.24 3798.94 4915.5 6122.9 7391.58 8692.37 10003.5 11316.4 12637.9 13989.8 
1871.76 2832.07 3882.09 5008.15 6198.9 7444.88 8736.71 10063.1 11409.5 12758.9 14093.3 
1951.55 2939.88 3964.09 5026.84 6130.47 7279.26 8479.9 9740.48 11068.4 12468.1 13939.8 
1932.67 2845.49 3887.55 5027.52 6226.49 7449.94 8677.83 9910.65 11170.4 12496.3 13937.5 
1946.88 2901.74 3905.83 4978.17 6130.13 7362.35 8663.22 10009.6 11370.3 12711.4 14003.3 
1979.91 2958.49 3992.37 5082.81 6232.57 7443.39 8712.53 10030.1 11377.6 12730 14058.6 
1996.59 2990.48 4019.95 5108.09 6262.9 7480.05 8748.19 10055 11391.8 12755.6 14147.7 
1954.31 2734.64 3721.05 4856.06 6087.1 7373.34 8688.44 10019.4 11362.7 12718.6 14086.6 
1836.93 2819 3855.49 4964.99 6151.08 7402.97 8700.42 10021.4 11349.9 12681.7 14025.7 
1950.04 2923.12 3914 4954.94 6069.31 7268.37 8549.81 9898.25 11287.3 12682.9 14047.7 
1952.28 2968.26 4005.01 5084.67 6220.07 7414.23 8662.07 9954.11 11281.6 12641.6 14041.1 
1789.3 2836.08 3914.63 5040.09 6217.73 7444.98 8714.12 10014.8 11335.4 12664.1 13988.3 
2041.84 2921.78 3908.7 4992.23 6156.91 7385.92 8664.07 9979.56 11324.8 12696.1 14093.4 
1983.14 2950.61 3931.6 4964.42 6077.12 7282.45 8576.21 9940 11347.3 12771.8 14194.7 
2010.05 2893.89 3835.2 4871.33 6017.97 7267.41 8593.04 9958.76 11330.5 12686.5 14023.9 
1937.97 2940.82 3970.33 5045.53 6178.88 7375.07 8631.59 9940.72 11292.4 12676.9 14087.2 
1995.56 2898.08 3874.45 4934.31 6085.42 7329.94 8660.22 10055.5 11480.4 12886.8 14218.4 
1901.04 2853.58 3889.31 5001.61 6181.95 7420.76 8708.3 10035.7 11395.5 12782.3 14192.4 
1996.6 2897.09 3860.37 4907.12 6048.21 7282.07 8593.79 9956.55 11335.5 12694 14000 
1945.72 2941 3943.79 4994.16 6119.05 7328.14 8613.69 9954.69 11324.3 12698.8 14065.6 
1926.7 2922.18 3929.86 4987.33 6126.84 7365.61 8698.4 10094.6 11501.3 12851.6 14077.5 
1895.96 2913.8 3941.57 5016.26 6160.16 7379.61 8666.97 10004.8 11371.1 12743.5 14103.3 
1827.23 2859.09 3928.97 5039.87 6195.56 7400.29 8657.3 9966.39 11321.1 12706.3 14097.6 
1909.99 2938.84 3992.34 5084.34 6223.31 7412.98 8653.58 9943.17 11279 12658.6 14080.7 
1884.42 2807.74 3824.11 4920.73 6084.99 7305.79 8573.5 9879.45 11215.2 12572.8 13945.3 
2042.83 3042.89 4044.6 5086.68 6194.97 7380.65 8641.24 9963.36 11326.5 12706.3 14077.8 
1939.35 2887.78 3885.62 4961.75 6128.02 7377.33 8686.97 10026.6 11368.2 12695.4 14009.5 
2047.22 3082.58 4125.56 5197.88 6316.95 7493.74 8730.95 10021.9 11350.8 12694.1 14024.1 
2131.54 3039.02 3984.55 4988.3 6068.57 7238.2 8500.44 9846.1 11253.1 12689.6 14119.9 
1987.44 2914.37 3905.09 4977.68 6140.48 7389.1 8705.94 10062.4 11424 12756.5 14033.1 
2138.06 3017.21 3971.73 5012.15 6139.3 7344.68 8612.66 9924.03 11259.9 12605.4 13951.2 
1948.38 2892.31 3918.34 5013.8 6164.65 7360.15 8596.12 9875.6 11207 12600.4 14062.6 
2086.63 3004.1 3978.24 5032.42 6175.93 7404.12 8700.52 10040 11392.4 12726.1 14011.5 
1977.38 2923.93 3950.81 5056.75 6231.52 7461.93 8736.1 10045.1 11382.3 12741.8 14116.5 
2048.25 2991.74 3979.42 5041.73 6191.21 7422.65 8717.14 10049.2 11395.3 12741 14086.3 
1988.97 2994.35 4005.09 5061.48 6191.04 7403.25 8689.16 10025.7 11383.7 12737.2 14071.6 
1910.73 2807.43 3820.87 4942.32 6145.56 7398.02 8672.94 9959.14 11265.8 12620.8 14063.4 
1925.65 2922.2 3978.6 5107.97 6307.35 7561.49 8848.74 10147.1 11439.2 12715.1 13972.8 
1861.12 2857.23 3886.4 4979.39 6150.15 7396.65 8703.78 10047.4 11399 12730.5 14018.5 
2078.22 3012.99 3958.65 4977.12 6103.47 7341.87 8668.91 10043.4 11420.4 12765.3 14065.4 
2183.36 3093.12 4047.34 5071.9 6177.88 7363.78 8620 9934.61 11298.8 12710.9 14177.8 
2073.33 3014.14 4012.21 5074.35 6206.12 7409.07 8677.87 9998.3 11346.9 12692.6 14000.9 
1992 2972.18 3962.28 4998.01 6105.55 7297.3 8571.13 9913.23 11303.9 12724.5 14164.1 
1968.22 2909.89 3923.32 5011.62 6166.83 7375.8 8626.39 9912.38 11236.6 12611.2 14056.5 
2010.54 2968.67 4004.2 5098.4 6236.23 7410.25 8622.44 9883.35 11208.7 12613.9 14108.2 
2116.19 3041.05 4049.99 5138.1 6298.49 7521.22 8793.04 10097.9 11417.8 12734.2 14028.3 
2063.99 3057.77 4082.6 5145.34 6257.5 7430.75 8672.03 9980.32 11346 12753.1 14184 
8001.06 7993.41 7902.13 7755.99 7638.63 7584.55 7541.67 7433.53 7263.89 7165.38 7337.86 
8171.62 7736.5 7663.16 7695.43 7674.67 7586.11 7511.76 7525.84 7603.22 7606.63 7367.43 
8077.9 7954 7802.62 7681.59 7633.05 7636.31 7616.5 7515.58 7362.14 7271.92 7377.82 
8077.08 7908.93 7886.32 7850.16 7711.3 7492.63 7312.79 7290.81 7427.34 7559.18 7435.64 
7946.23 7990.56 8010.27 7955.6 7803.29 7588.4 7406.41 7346.85 7399.06 7417.99 7194.42 
8084.45 7904.72 7857.94 7843.55 7785.31 7673.82 7557.24 7478.9 7426.36 7356.14 7277.35 
8121.6 8123.36 7927.67 7718.31 7589.79 7532.61 7485.81 7410.99 7331.42 7304.64 7348.65 
8145.28 8007.87 7785.06 7581.18 7472.09 7459.25 7475.8 7435.93 7309.44 7183.08 7253.78 
8090.89 7928.48 7828.43 7736.39 7658.99 7598.27 7524.53 7406.55 7260.33 7165.77 7234.42 
8285.19 8068.62 7886.75 7761.72 7687.96 7635.2 7573.77 7493.25 7400.07 7308.66 7245.14 
8130.54 7981.01 7859.53 7704.22 7539.16 7428.32 7398.3 7395.81 7335.36 7210.4 7160.91 
7922.62 7723.47 7730.06 7787.98 7747.1 7581.43 7387.5 7277.06 7269.32 7279.22 7206.19 
8142.1 7855.8 7662.19 7608.85 7662.75 7721.72 7684.11 7525.22 7323.59 7210.91 7270.99 
8010.24 7842.19 7655.64 7568.34 7584.6 7631.21 7638.13 7585.49 7492.34 7387.44 7307.73 
8349.47 8143.14 7911.35 7729.57 7660.91 7685.9 7707.16 7631.77 7459.74 7300.26 7301.73 
8265.38 8030.43 7778.91 7612.03 7559.14 7567.83 7549.68 7446.95 7278.75 7149.72 7226.74 
7977.81 7760.87 7725.1 7742.3 7721.92 7642.53 7529.73 7415.53 7319.09 7261.48 7294.34 
8042.69 7969.32 7835.58 7700.55 7606.28 7560.9 7544.25 7521.6 7463.39 7368.71 7274.7 
8112.75 7943.64 7859.58 7795.18 7722.25 7641.2 7575.59 7554.6 7571.13 7541.74 7318.54 
8061.66 7828.49 7701.11 7655.39 7648.23 7632.98 7584.32 7508.63 7430.23 7373.45 7366.23 
8130.32 7955.49 7865 7797.12 7697.73 7560.81 7428.04 7346.15 7323.83 7325.26 7294.94 
8208.04 7956.6 7777.53 7701.21 7707.39 7733.37 7702.63 7574.39 7389.54 7269.02 7343.98 
8036.85 7927.08 7830.59 7765.75 7705.13 7623.2 7514.26 7386.78 7269.48 7236.53 7413.89 
8251.21 8044.74 7809.01 7668.82 7646.61 7666.49 7621.15 7461.38 7252.19 7153.99 7330.93 
8009.38 7825.59 7700.44 7664.21 7700.61 7735.7 7691.2 7550.73 7381.74 7298.84 7398.63 
8102.49 7929.38 7794.91 7681.48 7593.54 7527.4 7480.83 7469.92 7499.6 7495.21 7275.08 
8183.87 7882.86 7735.96 7648.74 7573.84 7511.55 7479.52 7477.17 7474.79 7437.53 7363.42 
8243.88 8020.39 7816.11 7686.42 7622.06 7587.13 7541.73 7454.64 7332.19 7253.46 7362.11 
8212.98 7912.7 7703.06 7602.26 7598.92 7635.44 7625.95 7510.32 7307.05 7124.81 7125.31 
8168.27 8085.34 7872.48 7673.93 7591.74 7611.76 7614.1 7481.15 7229.19 7059.61 7282.37 
8036.63 7868.57 7781.81 7732.79 7687.6 7632.44 7568.15 7492.27 7391.71 7265.02 7160.41 
8170.93 8002.19 7884.95 7795.89 7694.33 7574.71 7472.49 7429.76 7447.32 7451.36 7300.01 
7962.53 7798.17 7789.28 7813.37 7761.57 7620.3 7465.55 7376.43 7352.61 7318.55 7213.98 
8122.47 7783.36 7712.97 7757.9 7758.11 7644.17 7471.97 7356.73 7358.36 7421.64 7428.77 
8099.47 7934.38 7821.77 7731.24 7652.84 7578.56 7499.15 7416.54 7347.76 7302.29 7247.7 
8146.97 7958.65 7891.55 7858.99 7786.91 7673.57 7567.37 7500.21 7449.41 7368.97 7262.64 
7985.94 7833.83 7821.05 7775.39 7637.85 7469.04 7366.11 7361.47 7387.85 7341.3 7193.5 
8227.48 8141.56 7983.88 7857.19 7780.51 7715.95 7624.2 7505.25 7396.78 7342.5 7368.94 
8146.62 7975.04 7909.68 7950.17 7975.44 7894.25 7721.15 7539.64 7417.3 7361.87 7348.61 
8140.97 7924.4 7753.38 7613.14 7526.99 7513.3 7551.88 7593.5 7593.94 7527.11 7362.29 
7971.65 8059.82 7964.97 7800.16 7677.8 7621.15 7562.47 7429.32 7246.53 7162.69 7365.52 
8130.38 7862.29 7753.43 7722.8 7697.93 7649.54 7593.33 7555.24 7533.48 7484.85 7329.92 
8210.61 8271.58 8034.18 7739.29 7565.99 7554.7 7624.6 7658.82 7590.59 7433.99 7251.18 
8055.74 7808.73 7715.53 7671.2 7619.4 7568.91 7541.11 7518.35 7450.72 7313.47 7158.21 
7999.24 7897.3 7884.12 7877.69 7828.2 7736.5 7633.61 7541.43 7453.24 7357.85 7288.65 
8108.23 7930.15 7775.4 7674.44 7644.93 7648.52 7616.57 7514.11 7376.28 7284.32 7307.97 
8120.57 7815.13 7703.85 7679.23 7654.3 7589.7 7492.68 7395.13 7320.99 7256.7 7142.53 
8054.16 7838.51 7707.42 7676.05 7688.79 7679.14 7625.11 7550.61 7477.87 7386.84 7232.29 
8201 7981.95 7812.15 7681.71 7595.81 7547.34 7495.29 7394.45 7257.73 7181.78 7292.46 
8002.01 7798.41 7760.11 7749.99 7673.59 7528.11 7386.28 7322.53 7341.27 7367.26 7301.67 
8089.49 8040.47 7874.89 7711.04 7577.73 7458.49 7356.09 7306.1 7330.47 7379.95 7321.52 
8126.81 7835.36 7765.46 7746.14 7667.85 7530.34 7416.95 7404.48 7466.54 7448.09 7148.2 
8035.37 7834.57 7635.92 7527.34 7537.71 7615.11 7660.34 7601.37 7447.4 7276.21 7173.54 
7992.68 7857.42 7854.43 7884.43 7846.72 7721.66 7570.63 7465.8 7417.6 7360.15 7202.52 
8048.09 7998.89 7920.38 7803.95 7652.73 7504.51 7410.87 7392.01 7409.73 7383.76 7240.39 
8201.76 7912.96 7843.13 7843.57 7812.65 7733.24 7636.26 7541.4 7436.16 7310.09 7206.28 
8194.97 8098.52 7981.17 7905.42 7837.89 7725.9 7594.5 7539.38 7600.97 7630.76 7281 
8060.94 7830.53 7666.59 7589.92 7583.19 7591.36 7554.85 7455.55 7338.31 7287.51 7374.88 
8055.38 7762.24 7656.22 7656.45 7644.01 7575.28 7495.54 7464.95 7481.62 7472.2 7350.61 
7922.87 7771.4 7734.61 7691.49 7606.56 7514.33 7467.82 7483.03 7514.58 7478.15 7302.23 
8101.15 7893.82 7769.08 7692.55 7629.34 7562.23 7493.27 7432.32 7388.05 7372.89 7416.03 
8137.87 7925.39 7688.81 7516.04 7477.34 7540.43 7576.18 7463.85 7220.75 7056.37 7301.39 
8159.25 7906.01 7890.75 7937.78 7921.46 7816.7 7671.17 7541.51 7450.54 7385.18 7313.35 
8108.51 7750.87 7620.57 7592.43 7577.58 7549.83 7519.03 7487.89 7437.2 7358.69 7310.27 
8056.26 7950.8 7851.6 7746.18 7644.38 7560.8 7508.38 7488.47 7480.87 7449.35 7362.96 
8037.67 7904.45 7821.17 7770.54 7703.21 7599.61 7497.79 7459.34 7492.7 7496.06 7282.27 
8100.7 7867.65 7744.69 7706.89 7708.55 7687.88 7604.13 7471.62 7348.85 7282.36 7252.19 
8053.5 7829.84 7721.12 7641.74 7555.23 7470.15 7403.08 7352.6 7307.57 7276.69 7307.85 
8035.26 7941.91 7835.93 7759.32 7708.4 7652.57 7571.45 7472.61 7379.05 7314.56 7317.24 
8183.1 7904.18 7802.68 7800.41 7770.47 7647.06 7469.34 7324.67 7252.51 7205.47 7104.77 
8019.2 7978.8 7786.15 7580.37 7489.8 7520.22 7563.71 7512.57 7371.56 7266.31 7338.64 
8073.7 7780.8 7729.74 7703.83 7588.7 7415.85 7292.76 7283.86 7343.98 7359.53 7260.04 
7920.27 7989.4 7909.66 7751.21 7608.58 7539.01 7536.32 7553.36 7541.1 7465.12 7296.41 
8137.67 8108.01 7920.53 7679.79 7526.5 7513.55 7561.63 7536.02 7386.94 7234.15 7310.89 
8063.41 7817.51 7674.54 7650.21 7683.81 7700.01 7653.27 7535.67 7372.34 7227.44 7207.9 
8076.55 7877.05 7875.22 7874.42 7785.89 7641.74 7529.64 7503.76 7529.56 7488.85 7234.43 
8149.27 7934.62 7725.46 7591.17 7559.78 7588.39 7594.22 7517.15 7364.67 7211.79 7163.12 
8122.62 7889.68 7754.46 7692.67 7642.5 7562.17 7449.3 7330.4 7237.93 7182.61 7130.81 
8182.99 8004.4 7759.5 7584.24 7547.35 7604.2 7639.32 7563.93 7395.92 7261.69 7314.19 
8106.63 7930.79 7830.32 7777.16 7724.07 7644.12 7535.51 7403.12 7257.55 7138.82 7122.63 
8000.43 7721.11 7739.52 7846.66 7880.22 7789.75 7625.01 7477.96 7411.42 7402.55 7332.33 
8091.52 7891.6 7807.54 7743.1 7655.51 7561.12 7501.24 7490.85 7489.78 7424.48 7248.58 
8107.58 7868.68 7820.26 7793.01 7701.93 7559.2 7431.58 7373.75 7377.35 7362.03 7210.26 
8069.19 7818.84 7724.82 7666.5 7599.37 7538 7502.76 7485.65 7459.67 7414.3 7382.22 
8083.65 7891.16 7776.88 7721.28 7695.7 7674.18 7631.48 7545.2 7417.79 7300.67 7281.46 
8035.46 7744.71 7753.07 7813.13 7752.34 7572.78 7406.25 7379.24 7487.24 7561.26 7353.62 
8240.77 8076.43 7887.38 7739.29 7642.57 7570.06 7497.67 7428.22 7376.23 7331.36 7242.27 
8082.76 7989.07 7829.19 7701.82 7652.84 7651.92 7640.58 7597.59 7544.77 7481.13 7319.37 
8144.24 7795.93 7715.61 7716.06 7682.63 7590.37 7475.44 7390.73 7374.43 7431.89 7514.16 
8071.05 8170.37 7853.87 7539.29 7472.61 7613.31 7727.37 7620.08 7329.12 7120.28 7282.09 
8065.16 7732.44 7656.1 7694.18 7711.74 7651.47 7542.98 7448.96 7399.8 7365.3 7267.5 
8057.35 7643.71 7676.34 7819.7 7844.37 7714.38 7541.63 7450.3 7457.44 7454.1 7285.1 
8116.14 7778.05 7754.88 7795.09 7730.12 7555.46 7383.76 7321.27 7369.88 7419.15 7313.9 
8159.63 7948.17 7826.4 7753.98 7696.2 7645.7 7620 7630.67 7643.25 7567.92 7307.64 
8219.52 7991.65 7766.93 7612.93 7562.02 7583.81 7605.49 7561.89 7444.26 7321.76 7321.62 
7932.86 7589.75 7624.85 7761.86 7784.26 7642.26 7443.26 7327.94 7334.5 7364.26 7268.34 
8159.99 7922.48 7796.32 7732.01 7692.24 7654.32 7608.15 7549.68 7478.84 7400.42 7312.43 
7975.54 7749.01 7729.7 7748.33 7700.25 7577.42 7450.26 7401.11 7448.73 7515.18 7456.89 
8118.23 7809.5 7691.4 7681.78 7662.62 7580.25 7482.72 7456.63 7509.43 7501.11 7203.59 
8006.2 7762.57 7746.95 7789.31 7746.33 7591.66 7410.46 7309.93 7322.22 7379.94 7383.01 
8149.06 7738.56 7620.37 7618.71 7604.26 7552.63 7506.51 7489.94 7467.69 7391.41 7279 
8200.46 7857.38 7680.57 7601.58 7572.89 7565.57 7542.97 7461.21 7316.96 7191.95 7221.11 
8126.31 8159.2 7945.57 7717.72 7608.87 7613.3 7632.78 7572.45 7423.52 7282.79 7300.73 
8138.39 8028.86 7867.45 7735.6 7653.57 7598.99 7538.96 7456.39 7363.05 7303.38 7353.69 
8029.71 7898.61 7764.32 7647.3 7569.46 7532.57 7511.06 7471.34 7396.86 7298.45 7217.49 
7973.7 7779.4 7638.01 7586.42 7594.85 7604.03 7572.37 7495.42 7394.35 7308.31 7316.55 
8177.45 7961.31 7881.3 7856.24 7808.15 7708.49 7586.69 7490.21 7433.68 7386.54 7309.8 
7999.06 7937.07 7816.93 7736.2 7710.63 7690.95 7605.69 7418.88 7184.17 7052.47 7197.25 
8068.13 7648.75 7659.43 7787.21 7780.17 7600.16 7393.96 7323.92 7406.55 7481.94 7317.63 
8137.34 7880.23 7690.79 7602.44 7591.99 7590.16 7525.55 7380.25 7218.4 7156.89 7286.39 
8055.86 7926.66 7842.36 7807.94 7780.36 7710.98 7592.23 7464.35 7381.7 7372.9 7424.95 
8179.54 7860.56 7698.76 7629.7 7581.58 7523.08 7472.18 7460.45 7486.64 7506.91 7478.06 
8084.24 7811.09 7688.88 7699.04 7724.51 7677.71 7567.08 7457.7 7386.26 7316.97 7166.36 
8091.3 7790.64 7681.26 7669.98 7652.3 7585.64 7498.58 7442.98 7438.33 7451.61 7418.4 
8099.9 7876.98 7743.59 7722.53 7738.45 7705.24 7586.37 7411.39 7260.6 7233.53 7412.56 
8036.56 7738.02 7592.53 7564.27 7615.05 7679.84 7677.16 7558.13 7361.54 7228.61 7351.17 
8100.81 7958.5 7770.35 7584.22 7471.93 7456.48 7478.87 7446.17 7329.01 7223.03 7309.69 
7957.36 7696.41 7691.75 7775.27 7763.73 7595.73 7378.34 7283.07 7368.61 7489.24 7383.74 
8102.19 7954.7 7823.38 7745.97 7710.92 7669.07 7595.11 7517.98 7479.39 7461.78 7361.92 
8074.23 7911.67 7756.01 7630.31 7543.39 7493.67 7475.08 7477.39 7482.36 7460.77 7374.45 
8114.99 7789.44 7632.11 7583.44 7559.65 7510.91 7443.46 7390.4 7364.6 7339.57 7270.74 
8174 7701.74 7592.97 7653.49 7700.8 7635.41 7455.37 7233.97 7079.81 7088.76 7301.66 
8291.58 8060.2 7874.19 7751.46 7686.25 7638.42 7570.63 7486.77 7420.88 7376.84 7274.17 
8097.93 7783.05 7784.65 7857.93 7839.04 7708.81 7551.44 7460.53 7458.77 7465.69 7315.87 
8110.21 8052 7859.16 7680.06 7603.99 7612.1 7608.68 7511.94 7338.3 7214.58 7303.65 
8134.06 7942.63 7819.78 7739.41 7676.55 7611.91 7533 7438.2 7343.5 7281.01 7279.48 
8196.38 8050.59 7818.61 7638.96 7579.56 7608.17 7626.07 7550.75 7389.41 7246.91 7263.44 
8098.64 8129.6 7908.67 7690.8 7610.65 7647.2 7684.38 7616.71 7435.35 7253.62 7266.27 
8030.37 7989.34 7942.07 7859.82 7732.22 7589.37 7478.76 7422.09 7394.01 7338.66 7204.05 
8121.49 7770.49 7769.7 7832.17 7765.21 7558.29 7346.52 7282.1 7392.54 7511.28 7332.1 
8114.23 8028.94 7858.01 7673.04 7568.19 7550.46 7542.01 7470.52 7346.29 7254.83 7283.82 
8235.79 8069.51 7832.19 7655.44 7567.48 7529.78 7496.96 7449.2 7388.91 7326.95 7279.98 
8042.65 7730.57 7645.18 7657.16 7674.76 7652.21 7565.4 7406.83 7213.47 7086.88 7159.57 
8158.85 7750.07 7635.96 7620.75 7601.21 7556.67 7504.96 7464.29 7438.08 7415.78 7376.52 
8107.78 8168.91 7960.3 7706.13 7566.31 7546.48 7538.9 7444.12 7273.57 7162.84 7294.76 
8193.35 8113.17 7975.4 7800.16 7665.47 7599.64 7554.77 7465.83 7326.05 7207.2 7209.17 
7930.06 7788.48 7729.42 7726.54 7713.06 7642.34 7529.2 7431.63 7388.36 7369.86 7288.04 
8046.04 7811.63 7818.58 7851.12 7760.17 7557.46 7377.12 7343.8 7449.73 7521.85 7291 
8142.86 7683.79 7583.32 7617.21 7633.81 7590.64 7525.15 7487.7 7480.46 7439.63 7270.46 
8110.66 7708.1 7708.44 7814.62 7811.74 7666.12 7494.22 7433.44 7507.08 7572.22 7382.08 
8018.55 8010.14 7907.1 7751.44 7630.39 7570.49 7527.14 7444.3 7313.68 7188.03 7150.08 
8041.54 7953.72 7870.22 7788.1 7730.83 7707.98 7691.97 7630.34 7485.48 7275.9 7091.37 
8116.1 8024.46 7962.5 7847 7682.99 7523.59 7414.06 7366.97 7370.07 7397.04 7404.47 
8129.11 7984.29 7907.65 7891.71 7857.89 7754.56 7612.6 7514.31 7504.91 7525.84 7435.49 
8165.84 8001.17 7916.37 7803.49 7659.36 7553.48 7539.12 7586.4 7601.89 7515.04 7341.89 
8236.02 8117.58 7939.73 7800.66 7749.44 7740.89 7688.26 7556.48 7401.21 7312.72 7316.44 
8070.34 7880.24 7773.78 7733.18 7710.61 7668.8 7603.76 7531.94 7465.44 7404.2 7343.59 
8115.4 7933.47 7872.05 7867.48 7825.06 7705 7549.45 7432.01 7382.81 7360.44 7292.42 
8190.16 7882.92 7656.15 7576.22 7606.53 7654.1 7638.28 7534.82 7379.76 7249.91 7241.4 
8096.08 8064.47 7897.08 7703.25 7590.01 7577.1 7591.35 7546.03 7428.84 7313.37 7283.53 
8133.95 8008.59 7872.24 7765.04 7682.93 7608.5 7529.7 7436.74 7329.75 7252.32 7312.49 
8164.7 8033.8 7864.91 7736.74 7669.59 7619.15 7518.47 7345.61 7170.4 7137.33 7383.05 
8090.13 7813.95 7711.9 7697.45 7708.41 7681.44 7569.02 7387.68 7229.4 7198.59 7321.86 
8188.65 7928.82 7813.63 7734.02 7644.24 7556.3 7505.48 7503.49 7510.81 7455.08 7288.23 
8035.31 8090.14 7977.45 7785.6 7602.51 7491.52 7457.44 7444.02 7388.31 7296.27 7266.93 
7961.03 7743.06 7689.53 7676.21 7633.34 7561.38 7494.6 7448.31 7402.33 7335.87 7272.61 
8177.26 7839.16 7675.4 7648.34 7676.09 7670.73 7589.2 7453.97 7323.5 7234.75 7163.03 
8201.1 7918.34 7807.26 7745.43 7671.06 7582.54 7501.95 7443.88 7409.74 7391.52 7361.65 
8213.96 7999.58 7832.01 7734.41 7679.63 7615.38 7512.42 7398.32 7332.76 7327.93 7282.45 
8024.41 7987.46 7835.65 7679.01 7614.39 7643.42 7678.05 7631.23 7500.65 7361.66 7282.89 
8229.02 8023.28 7865.63 7703.67 7568.72 7516.78 7542.33 7566.3 7514.4 7398.97 7311.02 
8095.35 8172.56 7956.76 7719.74 7615.76 7620.13 7598.81 7448.18 7201.92 7036.64 7182.33 
8052.18 7714.67 7544.1 7482.62 7534.04 7652.14 7707.21 7586.36 7326.69 7131.98 7236.09 
8026.45 7832.33 7766.77 7731.91 7656.18 7539.44 7444.37 7432.18 7491.04 7521.1 7398.4 
8190.53 7957.93 7811.62 7730.88 7665.44 7573.69 7467.96 7403.45 7410.09 7432.82 7342.33 
8074.18 7734.4 7611.16 7610.77 7630.25 7600.28 7516.9 7429.87 7379.3 7331.16 7186.79 
8159.91 7709.93 7602.71 7643.54 7675.85 7631.32 7526.17 7418.54 7353.04 7315.38 7215.01 
8074.13 7914.32 7769.75 7650.94 7597.82 7618.54 7651.79 7607.26 7452.64 7256.14 7131.21 
8172.81 7706.02 7620.08 7696.03 7715.81 7586.98 7378.7 7243.04 7270.93 7379.82 7316.45 
8133.62 8055.11 7896.08 7747.71 7677.43 7666.91 7628.93 7491.8 7285.79 7160.84 7314.15 
8127.22 8019.38 7856.69 7672.07 7529.91 7468.56 7467.18 7469.85 7438.51 7384.38 7361.06 
7952.28 7737.13 7728.62 7798.29 7823.86 7743.55 7578.91 7407.18 7301.49 7280.42 7297.37 
8096.21 7878.75 7787.89 7798.01 7785.91 7675.56 7515.54 7420.65 7442.7 7496.85 7408.48 
8119.33 7891.69 7845.56 7841.98 7771.59 7619.6 7459.69 7382.8 7417.15 7499.51 7514.98 
7949.52 7780.68 7760.39 7761.6 7719.08 7624.03 7499.63 7380.47 7300.81 7284.76 7336.63 
8122.33 7791.21 7688.41 7662.72 7598.51 7482.06 7388.28 7391.25 7468.79 7476.42 7207.93 
8010.78 8046.14 7871.42 7701.7 7676.31 7771.54 7829.43 7698.01 7382.05 7083.73 7095.6 
7996.07 7886.08 7739.28 7645.5 7606.16 7573.03 7513.29 7432.85 7350.49 7280.2 7266.59 
8119.95 8053.76 7929.14 7786.05 7630.01 7475.77 7370.18 7358.44 7424.24 7463 7315.45 
8137.58 7941.93 7744.4 7633.31 7618.63 7637.94 7621.17 7549.59 7455.83 7375.19 7307.29 
8204.62 7874.76 7763.19 7751.25 7740.4 7684.58 7580.57 7443.82 7305.05 7227.26 7305.45 
8016.81 7729.41 7721.03 7774.92 7759.87 7656.86 7526.68 7440.08 7419.72 7428.24 7392.42 
8055.43 7849.83 7823.75 7833.85 7782.14 7662.85 7537.2 7470.02 7475.67 7493.54 7390.08 
7962.09 7843.47 7875.4 7895.98 7819.58 7654.54 7472.59 7356.81 7344.88 7385.84 7341.55 
8109.56 7963.75 7796.41 7648.22 7556.07 7524.04 7527.43 7531.69 7507.96 7436.44 7296.14 
8148.91 7922.29 7748.01 7630.72 7574.54 7564.43 7568.46 7556.02 7512.38 7439.54 7350.31 
8060.34 7948.95 7788.95 7647.91 7556.68 7510.14 7485.5 7460.56 7421.51 7356.74 7240.77 
8031.67 7963.65 7867.44 7759.51 7666.36 7588.03 7504.73 7405.84 7309.32 7256.31 7286.24 
8093.25 7932.52 7778.38 7661.08 7616.56 7623.08 7603.36 7499.71 7343.18 7235.59 7252.06 
8072.58 7932.3 7848.98 7788.39 7742.2 7691.83 7610.86 7492.01 7358.91 7244.77 7158.92 
7987.27 7822.62 7736.71 7696.49 7675.8 7660.98 7632.22 7558.86 7431.28 7301.46 7279.8 
8205.4 8113.59 7924.75 7783.99 7749.77 7764.14 7709.56 7527.54 7296.08 7173.4 7234.05 
8070.82 8002.59 7885.85 7752.39 7651.57 7598.26 7552.97 7457.64 7303.46 7180.32 7267.73 
8138.41 7766.45 7777.72 7851.59 7780.99 7567.41 7360.17 7299.11 7379.31 7438.68 7281.85 
7941.38 7729.9 7587.01 7537.1 7568.96 7625.32 7629.78 7534.87 7365.22 7233.79 7317.35 
8149.33 7983.21 7755.19 7601.14 7552.11 7563.67 7560.39 7478.78 7318.88 7192.51 7317 
8002.15 7864.53 7844.59 7843.15 7783.88 7664.47 7531.61 7421.01 7333.71 7265.77 7238.73 
8045.51 7983.59 7843.48 7673.74 7555.5 7524.53 7532.93 7495.46 7384.34 7294.66 7430.99 
7997.97 7693.61 7734.47 7846.42 7815.49 7624.54 7421.53 7353.01 7414.8 7451.25 7296.12 
8021.75 7886.61 7725.29 7626.86 7593.67 7581.35 7549.57 7486.28 7399.13 7294.66 7169.45 
8961.17 8559.48 8217.47 7916.91 7646.87 7404.54 7194.56 7027.24 6915.85 6873.59 6910.61 
8945.31 8597.68 8293.72 8024.35 7781.75 7559.99 7355.11 7165.03 6989.04 6827.32 6680.24 
9049.79 8696.92 8357.19 8029.98 7718.16 7428.69 7172.2 6961.76 6810.88 6731.01 6729.09 
9069.18 8699.26 8356.71 8043.82 7762.98 7516.31 7305.09 7129.03 6985.69 6870.04 6774.3 
9067.04 8682.84 8312.63 7967.15 7656.18 7387.82 7167.96 6999.98 6884.76 6820.89 6805.05 
9034 8713.47 8407 8116.96 7846.47 7598.36 7374.03 7172.63 6990.69 6822.21 6659.3 
9011.72 8663.6 8327.65 8010.39 7719 7460.32 7239.54 7058.77 6915.86 6803.48 6708.99 
9035.75 8700.64 8367.62 8043.73 7737.99 7460.98 7224.15 7039.06 6916.34 6864.72 6890.1 
8984.78 8765.75 8510.01 8221.31 7910.69 7595.41 7296.84 7037.51 6837.7 6712.18 6667.53 
8735.55 8503.68 8256.55 8004.3 7754.92 7514.84 7289.68 7085.08 6907.23 6763.04 6659.87 
9062.12 8744.98 8419.78 8100.67 7800.43 7529.65 7296.14 7104.56 6956.28 6849.52 6779.6 
8978.69 8676.33 8372.67 8067.43 7764.43 7472.02 7202.63 6971.74 6796.13 6691.8 6671.8 
9033.6 8632 8270.69 7944.54 7651.99 7394.09 7173 6990.49 6846.56 6738.53 6660.76 
8916.2 8677.62 8396.76 8090.44 7777.17 7476.18 7206.34 6985.11 6827.52 6745.2 6745.6 
9135.78 8655.56 8242.31 7895.09 7608.78 7375.21 7184.48 7026.2 6890.59 6769.18 6655.19 
8944.99 8656.79 8344.37 8023.81 7714.02 7433.99 7200.17 7024.13 6910.97 6858.67 6858.47 
9006.18 8680.43 8347.45 8023.43 7721.56 7451.77 7220.71 7031.85 6885.59 6779.41 6707.9 
9117.65 8692.87 8304.33 7960.7 7664.82 7414.68 7204.88 7028.4 6878.27 6748.85 6636.6 
8926.85 8564.29 8223.75 7915.3 7645.14 7415.63 7225.71 7071.56 6947.26 6845.52 6758.26 
8926.41 8596.58 8268.37 7953.08 7660.58 7398.55 7171.88 6982.28 6828.18 6704.87 6604.91 
8888.38 8615.59 8320.11 8017.32 7720.87 7442.96 7195.02 6988.38 6834.85 6746.96 6737.57 
8906.76 8570.23 8249.28 7954.04 7691.65 7465.73 7276.23 7119.77 6990.04 6878.64 6775.93 
8981.33 8655.24 8340.43 8037.46 7748.17 7475.32 7222.17 6992.38 6790.14 6620.43 6489.33 
8969.2 8711.12 8428.09 8131.79 7835.49 7553 7297.46 7080.27 6910.02 6791.83 6726.9 
8885.81 8529.45 8218.24 7945.74 7706.26 7495.03 7307.89 7140.89 6989.67 6848.93 6712.05 
8983.73 8754.35 8487.28 8193.82 7889.46 7592.03 7319.5 7087.83 6909.17 6790.57 6733.41 
9096.53 8748.68 8399.44 8057.57 7735.17 7445.38 7199.86 7006.67 6868.83 6783.8 6743.91 
8907.09 8568.17 8256.68 7969.14 7703.25 7458.13 7234.25 7033.07 6856.47 6706 6582.29 
8924.11 8644.3 8344.65 8046 7766.11 7517.48 7306.17 7131.74 6988.33 6866.67 6756.43 
9067.75 8666.51 8284.24 7928.15 7605.29 7322.97 7089.15 6912.78 6803.69 6772.37 6829.1 
9038.32 8676.66 8335.01 8019.62 7737.18 7492.95 7288.94 7122.49 6985.46 6864.41 6741.53 
8884.45 8520.29 8205.15 7932.08 7694.92 7488.95 7311.05 7159.25 7031.79 6925.95 6836.92 
9036.27 8670.41 8323.12 8007.23 7731.44 7500.01 7313.11 7167.69 7058.75 6980.64 6928.3 
9143.62 8722.52 8352.55 8026.07 7736.06 7477.61 7248.89 7051.22 6888.33 6765 6685.25 
9072.8 8714.48 8376.85 8063.99 7779.62 7526.67 7306.84 7120.15 6964.71 6836.65 6730.25 
9020.24 8693.98 8367.69 8051.64 7754.63 7483.87 7245.38 7044.71 6887.83 6781.98 6736.11 
9054.49 8692.91 8356.63 8049.51 7773.51 7528.5 7312.28 7120.85 6948.92 6790.49 6639.58 
8999.78 8613.44 8252.78 7926.65 7641.72 7401.55 7206.23 7052.57 6934.88 6846.1 6779.24 
9011.03 8668.03 8327.62 8008.99 7727.55 7493.25 7309.57 7173.24 7074.78 6999.73 6930.38 
9064.86 8612.17 8214.85 7878.6 7603.35 7383.35 7207.79 7061.83 6927.95 6787.53 6622.43 
9068.26 8687.68 8323.02 7987.67 7690.61 7435.96 7223.18 7048.13 6904.55 6785.8 6686.51 
8978.99 8604.55 8254 7934.16 7650.73 7408.32 7210.45 7059.43 6956.23 6900.11 6888.34 
9001.91 8703.61 8393.9 8083.11 7783.14 7506.44 7264.89 7068.55 6924.59 6836.28 6802.55 
9020.73 8633.83 8285.03 7975.02 7702.52 7465.03 7259.54 7083.17 6933.48 6808.48 6706.41 
9048.47 8666.85 8305.49 7974.9 7682.48 7432.58 7226.77 7064.16 6941.58 6853.71 6793.15 
8992.22 8570.35 8216.95 7928.84 7697.8 7511.63 7355.5 7213.28 7068.81 6906.97 6714.38 
8890.4 8636 8359.9 8069.84 7776.3 7491.51 7228.19 6998.26 6811.65 6675.33 6592.7 
9070.65 8711.93 8369.56 8048.4 7754.08 7491.92 7265.92 7077.94 6927.37 6811.14 6724.24 
9158.55 8674.68 8265.34 7925.17 7646.36 7419.82 7236.04 7085.64 6959.65 6849.29 6745.75 
8973.58 8657.67 8364.86 8090.87 7832.23 7586.93 7354.82 7137.69 6939.02 6763.44 6615.99 
8985.73 8655.62 8330.93 8016.39 7717.45 7441.14 7196.62 6995.25 6850.18 6775.28 6783.61 
9111.57 8667.48 8282.64 7951.7 7668.81 7428.76 7227.72 7063.64 6936.02 6845.26 6791.81 
9096.2 8755.64 8397.02 8035.23 7686.29 7366.34 7090.59 6872.16 6720.98 6642.85 6638.81 
9035.38 8642.66 8276.18 7942.2 7647.87 7399.44 7200.41 7050.1 6942.81 6867.85 6810.4 
8994.31 8622.1 8266.37 7933.88 7630.4 7360.41 7126.88 6931.25 6773.37 6651.6 6562.99 
8920.9 8599.05 8278.79 7973.62 7695.48 7453.33 7252.14 7092.49 6970.69 6879.49 6809.18 
9071.77 8693.13 8322.11 7969.41 7646.27 7363.52 7130.45 6953.81 6836.86 6778.86 6774.86 
8952.69 8598.76 8263.32 7948.41 7660.38 7407.57 7197.7 7035.5 6920.9 6848.18 6806.26 
8975.25 8654.6 8334.66 8028.03 7745.83 7496.63 7285.65 7114.44 6981.08 6880.77 6806.74 
8992.66 8646.32 8308.09 7986.62 7690.67 7428.14 7205.08 7024.85 6887.45 6789.24 6722.97 
9097 8701.36 8367.59 8080.51 7827 7597.55 7386.94 7193.86 7019.65 6866.42 6735.05 
8996.67 8615.96 8273.43 7965.78 7689.17 7440.92 7220.98 7032.78 6883.41 6782.97 6743.24 
9038.72 8651.16 8281.75 7942.34 7641.24 7382.76 7167.23 6991.29 6848.51 6730.11 6625.91 
8994.18 8657.38 8321.5 7995.13 7689.01 7414.38 7181.25 6996.96 6865.14 6785.25 6752.77 
8867.94 8595.2 8301.05 8000.6 7709.29 7441.47 7209.27 7021.81 6884.84 6800.72 6768.82 
9030.93 8687.5 8336.8 7999.4 7692.41 7427.86 7211.78 7044.02 6918.78 6825.85 6752.16 
9184.07 8828.54 8474.17 8123.74 7785.71 7472.31 7196.93 6971.57 6804.57 6699.18 6652.95 
8906.24 8585.9 8292.2 8026.75 7788.2 7572.29 7372.29 7180.04 6987.23 6786.85 6574.47 
8946.42 8698.88 8426.01 8138.54 7847.63 7564.8 7301.9 7071.23 6885.57 6758 6701.49 
9076.01 8717.36 8376.51 8059.58 7770.79 7512.84 7287.27 7094.98 6936.58 6812.63 6723.62 
8975.49 8619.89 8287.77 7984.57 7713.56 7475.57 7269.05 7090.17 6933.16 6790.71 6654.51 
8932.2 8603.03 8269.9 7941.99 7629.33 7343.02 7095.21 6898.82 6766.73 6710.76 6740.31 
9059.79 8735.01 8385.13 8034.41 7704.23 7411.04 7164.98 6969.48 6821.78 6714.17 6635.86 
8988.17 8653.53 8336.26 8040.33 7768.4 7521.95 7301.55 7107.11 6938.19 6794.15 6674.26 
8960.49 8587.77 8248.42 7941.48 7666.37 7422.31 7207.71 7019.75 6854.3 6706.16 6569.57 
9040.63 8707.26 8369.29 8038.88 7729.01 7451.47 7214.82 7022.82 6873.48 6758.97 6666.28 
8953.79 8700.35 8414.1 8107.69 7795.39 7493.17 7218.51 6989.66 6824.38 6738.31 6743.19 
9028.94 8642.29 8294.74 7981.98 7699.98 7446.2 7220.72 7026.86 6871.38 6763.99 6716.33 
9010.54 8672.21 8337.39 8015.44 7716.19 7448.97 7221.61 7039.49 6904.66 6815.36 6765.87 
8940.09 8653.94 8350.4 8043.72 7749.42 7482.92 7258.2 7086.78 6976.97 6933.49 6957.45 
8944.14 8682.74 8391.84 8084.95 7777.82 7486.31 7224.31 7002.15 6825.48 6694.98 6606.78 
9152.93 8749.1 8382.54 8056.63 7772.6 7529.13 7322.05 7144.21 6985.67 6834.11 6675.62 
8974.23 8655.86 8354.17 8066.57 7793.33 7537.71 7305.57 7104.28 6941.34 6822.79 6751.7 
8991.52 8633.7 8307.15 8005.68 7725.83 7466.95 7230.87 7020.99 6841.23 6694.88 6583.56 
8936.89 8607.25 8301.99 8021.33 7765.28 7533.98 7327.75 7146.95 6991.62 6861.05 6753.18 
9125.17 8701.86 8328.7 8002.31 7719.3 7476.44 7270.63 7098.87 6958.19 6845.64 6758.31 
9029.89 8667.26 8331.95 8023.72 7744.23 7496.63 7284.8 7112.73 6983.81 6900.37 6863.37 
9110.71 8702.87 8332.37 8007.94 7732.04 7501.52 7308.9 7144.24 6997.07 6858.25 6721.34 
9069.85 8710.76 8386.08 8083.51 7794.76 7516.95 7253.14 7012.02 6806.74 6653.09 6567.27 
8860.42 8636.92 8388.78 8123.85 7852.85 7588.4 7343.8 7131.6 6962.3 6843.09 6777.06 
8916.32 8626.86 8312.64 7991.98 7683.7 7404.96 7169.02 6983.33 6848.11 6755.7 6690.89 
8921.53 8559.47 8229.37 7930.38 7663.12 7429.1 7229.89 7066.39 6938.09 6842.68 6775.99 
9000.94 8663.89 8324.56 7992.92 7679.95 7396.34 7151.45 6952.43 6803.78 6707.31 6662.41 
8844.24 8519.5 8219.6 7943.02 7687.89 7453.39 7240.99 7055.19 6903.64 6796.57 6745.5 
8974.31 8653.23 8345.51 8053.1 7780 7531.02 7310.52 7121.05 6962.43 6831.27 6720.99 
9096.38 8822.74 8498.33 8145.47 7788.59 7451.65 7155.69 6916.69 6744.19 6640.58 6601.4 
9126.48 8737.95 8370.95 8036.04 7739.92 7484.7 7267.7 7081.61 6915.23 6754.53 6584.05 
8917.29 8629.61 8348.37 8073.82 7807.05 7550.45 7308.12 7086.17 6892.76 6737.95 6633.08 
8999.43 8702.2 8382.28 8056.1 7739.67 7447.26 7190.49 6978.12 6816.22 6708.91 6659.15 
9018.88 8672.17 8316.43 7967.86 7642 7351.79 7105.89 6907.25 6752.32 6631.02 6527.47 
9077.02 8670.71 8294.34 7956.11 7661.34 7411.9 7206.18 7039.57 6905.32 6795.67 6703.08 
9095.95 8721.75 8375.35 8061.35 7781.49 7534.92 7318.69 7128.28 6958.26 6802.79 6656.04 
9015.16 8723.6 8402.97 8069.7 7741.43 7435.78 7169.1 6955.39 6805.52 6726.64 6721.95 
9177.81 8770.51 8383.1 8032.47 7730 7480.1 7279.7 7118.83 6982.18 6851.41 6707.8 
8919.57 8581.52 8263.38 7970.43 7707.07 7476.86 7282.35 7125.02 7004.95 6920.55 6868.21 
9086.06 8748.19 8409.01 8076.68 7762.23 7478.18 7236.85 7048.51 6919.7 6851.87 6840.77 
9009.27 8585.5 8215.6 7894.99 7619.56 7385.64 7189.73 7027.94 6895.37 6785.56 6690.17 
9180.22 8841.85 8501.46 8165.63 7842.39 7541.38 7273.65 7051.14 6885.75 6788.19 6766.62 
8978.05 8693.82 8375.03 8044.5 7724.11 7432.57 7183.78 6985.87 6841.18 6746.89 6696.39 
9020.42 8724.11 8411.24 8097.05 7795.73 7518.59 7272.89 7061.36 6882.56 6731.89 6603.13 
9072.46 8685.24 8341.05 8035.54 7763.81 7521.36 7304.92 7113.06 6946.57 6808.46 6703.53 
9005.6 8637.23 8296.97 7982.99 7695.79 7437.73 7212.34 7023.45 6874.45 6767.66 6703.92 
8998.75 8657.1 8335.92 8034.69 7753.06 7491.62 7252.34 7038.63 6854.96 6706.06 6595.96 
8961.06 8597.19 8262.21 7954.71 7674.08 7421.28 7199.12 7011.84 6864.12 6759.66 6699.59 
9024.63 8696.11 8366.99 8051.17 7760.35 7503.01 7283.59 7102.09 6953.94 6830.35 6719.01 
9068.7 8605.55 8233.46 7933.15 7684.71 7471.14 7281.06 7110.29 6961.92 6845.01 6772.15 
9070.28 8710.22 8345.08 7990.83 7660.72 7365.74 7115.57 6919.62 6787.91 6731.63 6762.92 
9101.27 8778.24 8418.97 8042.97 7672.94 7332.67 7044.88 6829.16 6700.53 6668.34 6735.99 
9032.43 8791.24 8518.64 8223.07 7917.11 7617.44 7344.16 7119.41 6965.26 6901.3 6942.1 
8985.72 8656.75 8334.92 8030.66 7751.6 7501.85 7281.92 7089.48 6920.65 6771.67 6640.51 
8968.26 8599.07 8245.71 7920.33 7631.64 7384.01 7177.09 7005.92 6861.57 6732.19 6604.35 
9036.47 8653.28 8311 8005.53 7732.85 7489.58 7273.4 7083.17 6918.7 6780.39 6668.62 
9044.05 8671.33 8317.87 7991.14 7698.95 7448.29 7243.98 7087.33 6975.03 6898.5 6843.97 
8964.31 8680.12 8369.63 8049.92 7738.67 7452.76 7206.88 7012.13 6874.79 6795.42 6768.44 
9056.76 8679.04 8320.16 7991.11 7699.7 7450.13 7243.19 7076.92 6947.78 6851.79 6785.75 
8842.3 8540.8 8252.72 7978.53 7721.53 7486.23 7276.25 7092.19 6929.77 6778.69 6622.55 
9132.11 8741.89 8357.78 7996.54 7673.41 7400.09 7182.97 7021.75 6908.83 6829.44 6762.75 
9022.39 8712.71 8395.05 8082.92 7789.86 7527.99 7306.79 7132.27 7006.74 6928.92 6894.68 
9046.06 8788.1 8502.19 8197.69 7887.64 7587.75 7315.13 7087.1 6919.99 6828.15 6823.19 
9084.1 8679.01 8326.35 8014.22 7733.63 7479.99 7253.58 7059.21 6905.01 6800.58 6754.9 
8944.27 8670.82 8373.74 8070.58 7777.49 7508.02 7272.32 7076.76 6924 6813.42 6741.77 
8953.23 8615.34 8300.22 8008.77 7741.49 7498.53 7279.86 7085.37 6914.98 6768.72 6646.75 
8976.15 8641.09 8313.93 8002.39 7715.17 7459.86 7241.22 7060.19 6913.97 6796.82 6701.69 
9196.44 8701.19 8280.02 7926.65 7632.69 7388.64 7184.73 7011.28 6858.84 6717.91 6578.69 
9212 8784.46 8383.88 8027.32 7724.26 7476.41 7278.6 7120.49 6988.82 6869.78 6751.18 
9075.39 8692.64 8321.1 7981.4 7687.16 7444.13 7250.55 7098.4 6975.45 6867.71 6761.78 
9033.77 8689.67 8359.05 8045.6 7753.3 7486.47 7249.62 7047.23 6883.33 6761.05 6682.13 
9000.6 8659.82 8338.88 8041.23 7770.23 7529.3 7321.78 7150.48 7016.89 6920.34 6857.19 
9096.71 8734.68 8389.87 8064.18 7760.28 7482.34 7236.68 7031.9 6878.74 6789.28 6775.85 
9065.53 8779.35 8466.17 8142.88 7824.82 7525.87 7258.74 7035.52 6868.12 6768.33 6747.61 
9150.14 8738.61 8357.43 8008.26 7694.77 7422.33 7197.22 7025.29 6910.41 6852.97 6848.66 
9096.78 8704.08 8356.36 8057.5 7806.8 7599.41 7426.98 7278.45 7140.7 6999.27 6838.95 
8987.39 8604.08 8246.03 7912.14 7605.89 7334.43 7107.01 6933.05 6820.03 6771.75 6787.07 
9253.97 8804.95 8407.79 8060.96 7761.14 7503.78 7283.67 7095.36 6933.42 6792.58 6667.7 
8910.4 8614.54 8311.79 8015.97 7739.36 7491.29 7277.14 7097.92 6950.54 6828.53 6723.23 
8987.99 8574.46 8212.76 7899.89 7632.09 7405.12 7214.38 7054.82 6920.73 6805.44 6701.19 
9105.16 8723.63 8361.29 8022.96 7715.66 7447.02 7223.54 7048.9 6922.82 6840.44 6792.51 
9008.93 8712.11 8376.17 8034.03 7714.94 7440.95 7224.31 7066.09 6956.12 6874.37 6793.49 
9011.1 8676.09 8355.9 8052.88 7769.92 7510.82 7280.35 7083.85 6926.53 6812.39 6743.14 
9042.25 8669.69 8326.98 8014.63 7732.11 7479.35 7257.89 7071.38 6925.34 6826.13 6779.37 
8823.97 8537.8 8264.23 8001.6 7751.28 7517.36 7306.05 7124.82 6981.46 6883.27 6836.19 
8984.07 8582.87 8237.17 7936.68 7672.87 7439.72 7233.97 7054.52 6901.48 6774.76 6672.81 
8994.26 8589.58 8226.04 7906.2 7629.36 7393 7194.41 7032.03 6906.41 6820.46 6779.02 
8864.23 8584.94 8293.25 8001.05 7721.59 7467.86 7250.98 7078.91 6955.49 6880.13 6847.99 
8951.8 8727.17 8440.25 8113.51 7772.23 7442.3 7147.89 6909.39 6741.65 6652.9 6644.25 
9060.68 8682.19 8325.05 7997.07 7704.96 7452.99 7242.08 7069.21 6927.41 6806.38 6693.56 
8933.4 8668.06 8387.35 8095.02 7799.09 7510.94 7244.1 7012.77 6830.38 6708.29 6654.77 
9113.43 8668.59 8264.11 7906.89 7601.78 7350.76 7152.31 7001.13 6888.16 6801.1 6725.3 
9094.06 8771.65 8431.05 8084.29 7746.28 7433.84 7164.5 6955 6819.76 6769.46 6809.84 
9081.61 8708.78 8350.5 8019.98 7724.67 7466.71 7244.25 7053.11 6888.5 6746.59 6625.5 
9174.55 8774.87 8392.92 8044.23 7738.45 7478.49 7260.61 7075.54 6910.35 6750.72 6583.46 
8931.89 8643 8345.4 8047.07 7758.68 7491.91 7257.79 7065.25 6920.24 6825.41 6780.29 
8997.64 8643.4 8306.76 7987.3 7688.79 7418.46 7185.4 6998.33 6863.1 6780.46 6744.44 
8998.49 8638.78 8282.41 7943.15 7633.16 7361.59 7133.6 6950.24 6808.8 6703.94 6629.02 
9007.15 8682.73 8352.43 8034.58 7743.96 7490.42 7278.24 7106.47 6970.01 6861.26 6771.97 
9016.94 8620.01 8256.15 7934.81 7662.47 7441.26 7267.98 7133.7 7024.09 6920.42 6801.25 
9142.55 8755.61 8372.82 8011.09 7685.34 7406.74 7181.39 7009.81 6887.25 6804.66 6750.36 
9097.27 8735.05 8387.81 8065.24 7775 7522.21 7309.44 7137.17 7004.61 6910.69 6855.09 
8947.83 8635.6 8325.12 8024.21 7740.06 7479.12 7246.89 7047.87 6885.33 6761.1 6675.39 
8957.86 8696.09 8403.72 8099 7797.64 7512.64 7254.45 7031.5 6850.6 6717.3 6635.98 
9057.47 8738.83 8415.82 8103.2 7812.6 7552.43 7327.81 7140.77 6990.3 6872.49 6780.55 
8972.07 8601.38 8253.23 7936.98 7657.14 7413.91 7204.35 7023.83 6867.48 6731.53 6614.08 
9090.35 8673.63 8290.56 7950.89 7660.17 7419.24 7224.48 7068.65 6942.1 6834.46 6736.11 
8904.66 8550.95 8238.26 7958.97 7706.07 7473.36 7255.72 7049.32 6851.93 6663.27 6485.19 
8958.89 8621.53 8295.94 7986 7694.91 7425.63 7181.48 6966.58 6786.19 6646.66 6555.03 
9064.26 8687.11 8314.62 7962.92 7646.22 7375.35 7156.63 6991.18 6874.89 6798.84 6750.35 
9063.18 8793.31 8489.62 8168.62 7847.69 7543.95 7273.18 7048.85 6881.34 6777.32 6739.48 
9147.61 8722.22 8347.78 8022.73 7743.31 7503.82 7296.89 7113.88 6945.23 6780.98 6611.25 
9067.85 8728.93 8375.54 8032.66 7718.55 7444.2 7213.68 7025.09 6871.88 6744.35 6631.02 
9036.94 8728.11 8420 8118.79 7831.4 7564.77 7325.23 7117.94 6946.49 6812.72 6716.74 
9034.07 8652.2 8291.49 7968.5 7693.76 7470.48 7294.32 7154.29 7034.51 6916.7 6782.9 
9074.13 8667.44 8298.68 7972.37 7690.36 7452.56 7257.76 7104.59 6992.25 6920.9 6891.73 
9190.39 8776.86 8383.65 8021.83 7700.83 7427.56 7205.87 7036.35 6916.48 6841.07 6803.01 
8981.46 8655.98 8329.23 8009.79 7707.55 7432.54 7193.86 6998.69 6851.72 6754.88 6707.47 
8934.88 8635.37 8340.38 8053.02 7776.73 7516.02 7276.89 7066.83 6894.35 6767.94 6694.8 
8979.12 8678.84 8373.23 8076.26 7799.4 7550.54 7333.64 7148.78 6992.87 6860.55 6745.42 
9078.95 8746.7 8393.22 8043.11 7717.33 7431.49 7194.76 7009.35 6870.71 6768.31 6686.95 
8889.86 8555.85 8243.78 7950 7674.39 7420.23 7193.41 7000.95 6849.19 6741.96 6678.97 
8950.08 8670.63 8383.76 8090.11 7796.02 7512.85 7255.53 7040.42 6882.76 6794.28 6781.04 
8984.53 8707.18 8394.19 8064.56 7737.97 7432.82 7164.54 6944.3 6778.35 6667.88 6609.58 
9019.38 8583.77 8189.35 7838.65 7535.01 7281.4 7079.3 6927.7 6822.57 6756.81 6720.79 
9011.8 8621.96 8281.62 7980.5 7709.45 7462.52 7238.47 7041.23 6879.52 6765.44 6712.31 
9095.28 8727.05 8371.76 8037.6 7731.05 7456.96 7219.04 7020.82 6866.74 6763.21 6719.22 
8896.95 8700.71 8444.15 8146 7828.35 7515.05 7230.08 6995.94 6832.12 6753.85 6771.16 
9144.54 8754.44 8374.91 8026.25 7721.14 7464.6 7255.02 7086.08 6949.05 6835.14 6737.47 
9178.54 8802.75 8425.68 8063.67 7731.53 7440.99 7199.81 7011.76 6877.27 6794.76 6762.17 
8920.02 8595.73 8301.13 8025.92 7764.76 7518.04 7291.64 7095.81 6943.17 6846.46 6816.02 
9073.53 8775.22 8441.48 8095.28 7759.98 7456.78 7202.59 7008.39 6878.44 6810.29 6795.6 
9022.8 8647.59 8318.02 8032.41 7787.23 7576.73 7392.74 7224.78 7060.38 6885.87 6687.4 
9067.45 8736.72 8390.43 8041.94 7706.76 7400.81 7138.75 6932.32 6789.1 6711.77 6697.97 
