6083.21 6095.29 6107.37 6119.45 6131.53 6143.61 6155.68 6167.76 6179.83 6191.9 6203.97 
6051.89 6067.04 6082.19 6097.33 6112.47 6127.6 6142.73 6157.85 6172.97 6188.08 6203.19 
6147.72 6146.04 6144.38 6142.72 6141.08 6139.44 6137.82 6136.2 6134.59 6133 6131.41 
6031.59 6047.3 6063.01 6078.73 6094.45 6110.18 6125.91 6141.65 6157.4 6173.15 6188.9 
6125.03 6118.93 6112.84 6106.75 6100.67 6094.59 6088.52 6082.45 6076.39 6070.33 6064.27 
6085.9 6096.52 6107.15 6117.78 6128.42 6139.07 6149.73 6160.4 6171.07 6181.75 6192.44 
6112.26 6115.75 6119.25 6122.76 6126.28 6129.8 6133.33 6136.87 6140.41 6143.96 6147.52 
6155.35 6152.05 6148.76 6145.46 6142.17 6138.87 6135.58 6132.28 6128.98 6125.69 6122.39 
6058.18 6061.79 6065.41 6069.02 6072.64 6076.25 6079.86 6083.47 6087.08 6090.68 6094.29 
6137.03 6137.84 6138.66 6139.49 6140.32 6141.15 6142 6142.84 6143.7 6144.56 6145.42 
6133.65 6134.37 6135.08 6135.79 6136.5 6137.21 6137.92 6138.63 6139.34 6140.05 6140.76 
6118.16 6121.18 6124.2 6127.21 6130.21 6133.2 6136.18 6139.16 6142.12 6145.08 6148.04 
6079.26 6089.95 6100.64 6111.34 6122.04 6132.75 6143.46 6154.18 6164.9 6175.63 6186.36 
6184.6 6176.04 6167.48 6158.93 6150.38 6141.83 6133.29 6124.74 6116.2 6107.67 6099.13 
6127.11 6129.14 6131.16 6133.18 6135.19 6137.19 6139.19 6141.18 6143.16 6145.14 6147.11 
6125.26 6132.68 6140.11 6147.56 6155.01 6162.48 6169.95 6177.44 6184.94 6192.45 6199.97 
6150.73 6149.12 6147.53 6145.95 6144.37 6142.8 6141.23 6139.68 6138.13 6136.59 6135.06 
6144.7 6139.66 6134.62 6129.58 6124.53 6119.48 6114.43 6109.37 6104.31 6099.25 6094.18 
6142.2 6139.12 6136.04 6132.96 6129.88 6126.8 6123.71 6120.63 6117.55 6114.46 6111.38 
6113.76 6119.74 6125.73 6131.73 6137.73 6143.73 6149.75 6155.77 6161.79 6167.82 6173.86 
6064.7 6079.29 6093.89 6108.49 6123.1 6137.71 6152.32 6166.94 6181.57 6196.2 6210.83 
6095.37 6104.33 6113.29 6122.27 6131.25 6140.23 6149.23 6158.23 6167.24 6176.25 6185.27 
6083.32 6090.7 6098.08 6105.47 6112.85 6120.24 6127.64 6135.03 6142.43 6149.84 6157.24 
6096.45 6098.45 6100.44 6102.44 6104.44 6106.43 6108.43 6110.43 6112.43 6114.44 6116.44 
6058.67 6070.02 6081.37 6092.72 6104.07 6115.42 6126.77 6138.12 6149.47 6160.82 6172.17 
6081.11 6086.23 6091.33 6096.44 6101.54 6106.64 6111.73 6116.82 6121.9 6126.98 6132.05 
6090.76 6094.63 6098.49 6102.36 6106.22 6110.09 6113.96 6117.83 6121.7 6125.57 6129.44 
6076.91 6083.52 6090.13 6096.75 6103.38 6110.01 6116.66 6123.31 6129.97 6136.64 6143.31 
6188.25 6181.36 6174.47 6167.59 6160.71 6153.85 6146.98 6140.13 6133.28 6126.44 6119.61 
6127.81 6124.77 6121.74 6118.7 6115.67 6112.64 6109.62 6106.59 6103.57 6100.55 6097.54 
6130.89 6132.4 6133.91 6135.4 6136.89 6138.37 6139.84 6141.3 6142.76 6144.2 6145.64 
6154.44 6150.23 6146.01 6141.77 6137.51 6133.24 6128.96 6124.66 6120.34 6116.01 6111.67 
6104.05 6109.4 6114.76 6120.14 6125.52 6130.91 6136.31 6141.72 6147.14 6152.57 6158.01 
6119.37 6121.66 6123.96 6126.26 6128.56 6130.87 6133.18 6135.5 6137.82 6140.14 6142.47 
6078.62 6092.19 6105.76 6119.32 6132.88 6146.44 6160 6173.56 6187.11 6200.67 6214.22 
6155.46 6146.38 6137.29 6128.21 6119.12 6110.02 6100.92 6091.82 6082.72 6073.61 6064.5 
6081.27 6089.17 6097.07 6104.98 6112.88 6120.79 6128.7 6136.61 6144.53 6152.45 6160.37 
6155.16 6147.86 6140.56 6133.26 6125.96 6118.66 6111.37 6104.07 6096.78 6089.49 6082.2 
6107.06 6113.56 6120.08 6126.6 6133.12 6139.65 6146.19 6152.74 6159.29 6165.84 6172.41 
6099.74 6101.29 6102.84 6104.38 6105.91 6107.44 6108.97 6110.49 6112.01 6113.53 6115.04 
6063.58 6079.8 6096.01 6112.2 6128.39 6144.56 6160.72 6176.87 6193.02 6209.15 6225.26 
6148 6146.43 6144.87 6143.31 6141.76 6140.21 6138.65 6137.11 6135.56 6134.02 6132.47 
6119.13 6117.52 6115.91 6114.29 6112.66 6111.02 6109.38 6107.73 6106.07 6104.41 6102.74 
6126.39 6124.55 6122.71 6120.88 6119.06 6117.25 6115.44 6113.64 6111.85 6110.07 6108.29 
6126.72 6132.86 6139 6145.15 6151.3 6157.46 6163.62 6169.79 6175.97 6182.16 6188.35 
6124.65 6123.51 6122.36 6121.2 6120.03 6118.86 6117.67 6116.48 6115.28 6114.07 6112.86 
6187.34 6181.46 6175.57 6169.69 6163.81 6157.94 6152.07 6146.2 6140.33 6134.47 6128.61 
6150.37 6149.57 6148.79 6148.02 6147.25 6146.49 6145.74 6145.01 6144.28 6143.55 6142.84 
6152.54 6152.01 6151.48 6150.96 6150.44 6149.91 6149.4 6148.88 6148.36 6147.85 6147.34 
6106.69 6111.2 6115.72 6120.24 6124.76 6129.3 6133.84 6138.38 6142.93 6147.49 6152.05 
6153.39 6152.33 6151.27 6150.21 6149.15 6148.1 6147.04 6145.99 6144.94 6143.88 6142.83 
6156.91 6163.57 6170.25 6176.94 6183.64 6190.36 6197.09 6203.84 6210.59 6217.36 6224.15 
6077.01 6086.93 6096.85 6106.77 6116.7 6126.62 6136.55 6146.48 6156.41 6166.35 6176.28 
6094.44 6102.8 6111.15 6119.5 6127.85 6136.19 6144.54 6152.89 6161.23 6169.57 6177.91 
6084.85 6093.52 6102.19 6110.86 6119.53 6128.2 6136.87 6145.54 6154.22 6162.89 6171.56 
6058.58 6069.15 6079.74 6090.33 6100.94 6111.55 6122.17 6132.8 6143.44 6154.09 6164.75 
6105.96 6109.54 6113.12 6116.68 6120.25 6123.81 6127.36 6130.91 6134.46 6137.99 6141.53 
6136.23 6139.64 6143.03 6146.42 6149.8 6153.18 6156.56 6159.92 6163.28 6166.64 6169.99 
6196.68 6187.47 6178.27 6169.07 6159.89 6150.71 6141.54 6132.38 6123.23 6114.09 6104.96 
6120.33 6123.26 6126.19 6129.11 6132.04 6134.98 6137.91 6140.84 6143.78 6146.71 6149.65 
6191.33 6180.29 6169.27 6158.25 6147.24 6136.25 6125.26 6114.28 6103.31 6092.34 6081.39 
6141.08 6136.71 6132.34 6127.97 6123.6 6119.23 6114.85 6110.48 6106.1 6101.72 6097.34 
6150.46 6144.74 6139.02 6133.31 6127.6 6121.89 6116.19 6110.5 6104.8 6099.11 6093.43 
6125.11 6123.18 6121.25 6119.31 6117.37 6115.42 6113.47 6111.5 6109.54 6107.56 6105.58 
6146.06 6144.53 6142.99 6141.45 6139.91 6138.36 6136.8 6135.25 6133.69 6132.12 6130.55 
6094.5 6096.06 6097.63 6099.2 6100.77 6102.34 6103.91 6105.49 6107.07 6108.65 6110.23 
6182.49 6175.37 6168.24 6161.12 6153.99 6146.86 6139.74 6132.61 6125.48 6118.35 6111.23 
6088.78 6095.11 6101.43 6107.74 6114.05 6120.36 6126.66 6132.95 6139.24 6145.52 6151.79 
6093.51 6097.01 6100.51 6104.02 6107.54 6111.06 6114.59 6118.12 6121.66 6125.21 6128.76 
6089.27 6097.88 6106.48 6115.08 6123.68 6132.27 6140.86 6149.44 6158.02 6166.6 6175.17 
6122.37 6131.21 6140.05 6148.89 6157.73 6166.58 6175.43 6184.27 6193.12 6201.97 6210.83 
6095.89 6106.67 6117.46 6128.25 6139.03 6149.82 6160.61 6171.4 6182.18 6192.97 6203.76 
6096.16 6101.04 6105.91 6110.79 6115.67 6120.54 6125.42 6130.29 6135.17 6140.04 6144.91 
6153.49 6153.36 6153.21 6153.04 6152.85 6152.64 6152.42 6152.17 6151.91 6151.63 6151.32 
6139.92 6134.98 6130.05 6125.11 6120.17 6115.22 6110.27 6105.32 6100.36 6095.4 6090.44 
6167.26 6155.47 6143.69 6131.9 6120.12 6108.34 6096.56 6084.78 6073 6061.22 6049.44 
6097.48 6099.98 6102.47 6104.96 6107.43 6109.9 6112.36 6114.81 6117.25 6119.69 6122.11 
6213.14 6199.92 6186.71 6173.51 6160.3 6147.1 6133.9 6120.71 6107.51 6094.33 6081.14 
6071.77 6077.81 6083.85 6089.89 6095.94 6102 6108.05 6114.11 6120.17 6126.24 6132.3 
6189.05 6174.36 6159.67 6144.99 6130.31 6115.64 6100.98 6086.32 6071.67 6057.03 6042.4 
6057.32 6067.02 6076.71 6086.39 6096.08 6105.76 6115.43 6125.11 6134.78 6144.44 6154.1 
6085.03 6092.17 6099.31 6106.46 6113.61 6120.77 6127.92 6135.08 6142.25 6149.42 6156.59 
6134.58 6135.45 6136.31 6137.15 6137.99 6138.81 6139.62 6140.42 6141.2 6141.97 6142.73 
6077.37 6087.38 6097.4 6107.41 6117.43 6127.45 6137.46 6147.48 6157.5 6167.52 6177.54 
6118.5 6125.72 6132.94 6140.16 6147.38 6154.59 6161.81 6169.03 6176.25 6183.47 6190.69 
6125.68 6127.39 6129.1 6130.82 6132.54 6134.27 6136.01 6137.75 6139.5 6141.25 6143.01 
6155.98 6156.49 6157.01 6157.52 6158.04 6158.56 6159.08 6159.61 6160.13 6160.66 6161.19 
6131.77 6134.06 6136.36 6138.65 6140.95 6143.24 6145.54 6147.84 6150.15 6152.45 6154.76 
6084.61 6090.64 6096.67 6102.71 6108.76 6114.81 6120.86 6126.92 6132.99 6139.06 6145.13 
6140.77 6141.74 6142.7 6143.68 6144.65 6145.63 6146.61 6147.59 6148.58 6149.57 6150.57 
6110.22 6120.23 6130.22 6140.22 6150.22 6160.21 6170.2 6180.19 6190.18 6200.17 6210.15 
6124.52 6131.33 6138.14 6144.95 6151.76 6158.57 6165.37 6172.17 6178.98 6185.78 6192.58 
6191.99 6181.46 6170.92 6160.37 6149.82 6139.25 6128.67 6118.09 6107.49 6096.89 6086.27 
6075.38 6086.49 6097.6 6108.73 6119.86 6131 6142.16 6153.32 6164.49 6175.67 6186.86 
6129.12 6126.11 6123.09 6120.06 6117.04 6114.02 6110.99 6107.96 6104.93 6101.89 6098.86 
6122.07 6122.06 6122.06 6122.06 6122.06 6122.06 6122.07 6122.09 6122.1 6122.12 6122.15 
6105.81 6114.92 6124.04 6133.17 6142.3 6151.43 6160.58 6169.73 6178.89 6188.06 6197.23 
6138.28 6143.29 6148.32 6153.35 6158.4 6163.46 6168.53 6173.62 6178.71 6183.82 6188.94 
6077.84 6088.63 6099.42 6110.2 6120.98 6131.75 6142.51 6153.27 6164.02 6174.77 6185.51 
6114.73 6113.87 6113 6112.14 6111.27 6110.4 6109.53 6108.66 6107.79 6106.91 6106.04 
6175.02 6171.83 6168.64 6165.46 6162.29 6159.13 6155.98 6152.83 6149.7 6146.57 6143.45 
6079.22 6088.35 6097.48 6106.61 6115.74 6124.87 6134 6143.13 6152.25 6161.38 6170.51 
6090.1 6098.05 6106 6113.95 6121.89 6129.83 6137.77 6145.7 6153.63 6161.55 6169.47 
6066.42 6077.92 6089.42 6100.92 6112.43 6123.93 6135.44 6146.96 6158.47 6169.99 6181.51 
6100.79 6103.89 6106.98 6110.08 6113.19 6116.29 6119.4 6122.52 6125.63 6128.75 6131.88 
6105.96 6105.77 6105.59 6105.41 6105.24 6105.07 6104.9 6104.74 6104.58 6104.42 6104.27 
6096.32 6101.58 6106.85 6112.12 6117.4 6122.68 6127.96 6133.25 6138.55 6143.84 6149.15 
6139.56 6141.22 6142.89 6144.55 6146.21 6147.87 6149.52 6151.18 6152.83 6154.47 6156.12 
6108.14 6113.79 6119.43 6125.08 6130.74 6136.4 6142.06 6147.73 6153.41 6159.08 6164.76 
6121.48 6120.51 6119.54 6118.57 6117.6 6116.63 6115.66 6114.69 6113.72 6112.75 6111.79 
6124.47 6128.64 6132.79 6136.93 6141.07 6145.2 6149.31 6153.42 6157.52 6161.61 6165.7 
6104.25 6106.29 6108.32 6110.36 6112.4 6114.45 6116.49 6118.54 6120.59 6122.64 6124.7 
6117.77 6121.6 6125.43 6129.27 6133.12 6136.97 6140.83 6144.69 6148.56 6152.44 6156.32 
6097.75 6107.2 6116.67 6126.15 6135.65 6145.15 6154.68 6164.21 6173.76 6183.32 6192.9 
6144.9 6143.09 6141.27 6139.43 6137.57 6135.71 6133.82 6131.93 6130.02 6128.1 6126.16 
6111.69 6118.07 6124.46 6130.86 6137.27 6143.69 6150.13 6156.58 6163.04 6169.51 6175.99 
6120.96 6124.29 6127.62 6130.97 6134.31 6137.67 6141.03 6144.39 6147.76 6151.14 6154.52 
6069.49 6077.14 6084.79 6092.43 6100.06 6107.68 6115.29 6122.89 6130.49 6138.08 6145.66 
6048.17 6062.26 6076.35 6090.45 6104.56 6118.68 6132.8 6146.94 6161.08 6175.24 6189.4 
6184.41 6167.51 6150.6 6133.7 6116.79 6099.88 6082.97 6066.05 6049.13 6032.21 6015.29 
6128.48 6131.91 6135.35 6138.79 6142.24 6145.69 6149.15 6152.62 6156.09 6159.57 6163.06 
6182.75 6172.31 6161.86 6151.42 6140.98 6130.55 6120.11 6109.67 6099.24 6088.8 6078.37 
6148.16 6151.3 6154.45 6157.61 6160.76 6163.92 6167.08 6170.25 6173.42 6176.59 6179.77 
6082.02 6083.09 6084.17 6085.26 6086.36 6087.48 6088.61 6089.75 6090.9 6092.07 6093.25 
6096.63 6104.3 6111.98 6119.67 6127.37 6135.08 6142.81 6150.54 6158.29 6166.05 6173.82 
6130.53 6131.25 6131.98 6132.7 6133.42 6134.14 6134.86 6135.58 6136.3 6137.02 6137.74 
6154.4 6151.49 6148.59 6145.7 6142.82 6139.95 6137.08 6134.23 6131.38 6128.54 6125.71 
6144.39 6146.32 6148.24 6150.15 6152.06 6153.96 6155.85 6157.74 6159.62 6161.49 6163.36 
6135.91 6137.08 6138.25 6139.42 6140.6 6141.78 6142.95 6144.13 6145.31 6146.5 6147.68 
6119.63 6118.76 6117.89 6117.03 6116.16 6115.3 6114.44 6113.58 6112.73 6111.87 6111.02 
6119.84 6125.85 6131.86 6137.86 6143.86 6149.85 6155.84 6161.81 6167.79 6173.75 6179.71 
6103.25 6105.59 6107.94 6110.29 6112.65 6115.01 6117.37 6119.73 6122.1 6124.46 6126.84 
6041.89 6048.66 6055.44 6062.23 6069.03 6075.84 6082.66 6089.48 6096.32 6103.17 6110.03 
6086.01 6093.26 6100.52 6107.77 6115.03 6122.28 6129.53 6136.78 6144.03 6151.28 6158.53 
6173.29 6167.88 6162.47 6157.05 6151.63 6146.2 6140.77 6135.33 6129.89 6124.44 6118.98 
6105.16 6110.22 6115.28 6120.34 6125.4 6130.46 6135.53 6140.59 6145.66 6150.73 6155.81 
6083.02 6089.41 6095.8 6102.2 6108.59 6114.98 6121.38 6127.77 6134.17 6140.56 6146.96 
6050.35 6059.96 6069.57 6079.18 6088.79 6098.41 6108.02 6117.64 6127.25 6136.87 6146.49 
6110.66 6116.92 6123.17 6129.42 6135.65 6141.88 6148.11 6154.32 6160.53 6166.74 6172.93 
6105.83 6107.16 6108.48 6109.8 6111.11 6112.41 6113.71 6115 6116.28 6117.56 6118.83 
6125.08 6122.28 6119.46 6116.62 6113.76 6110.89 6108.01 6105.11 6102.19 6099.25 6096.3 
6052.48 6067.43 6082.37 6097.32 6112.25 6127.18 6142.11 6157.03 6171.95 6186.86 6201.76 
6110.05 6112.19 6114.33 6116.48 6118.63 6120.78 6122.94 6125.09 6127.25 6129.42 6131.58 
6063.4 6075.31 6087.23 6099.16 6111.08 6123.01 6134.95 6146.89 6158.83 6170.78 6182.73 
6137.16 6140.47 6143.77 6147.08 6150.38 6153.67 6156.96 6160.25 6163.54 6166.82 6170.1 
6155.55 6155.35 6155.14 6154.94 6154.73 6154.54 6154.34 6154.14 6153.95 6153.76 6153.58 
6104.82 6116.49 6128.15 6139.82 6151.48 6163.15 6174.81 6186.47 6198.14 6209.8 6221.46 
6100.83 6106.88 6112.93 6118.97 6125.01 6131.04 6137.07 6143.09 6149.11 6155.12 6161.13 
6117.33 6117.91 6118.48 6119.05 6119.63 6120.2 6120.78 6121.35 6121.93 6122.51 6123.09 
6201.36 6192.5 6183.63 6174.75 6165.86 6156.96 6148.05 6139.13 6130.2 6121.26 6112.31 
6072.87 6082.2 6091.52 6100.84 6110.14 6119.44 6128.72 6138 6147.26 6156.52 6165.76 
6124.06 6126.19 6128.33 6130.47 6132.61 6134.75 6136.89 6139.04 6141.19 6143.35 6145.5 
6113.99 6122.35 6130.7 6139.04 6147.38 6155.71 6164.03 6172.35 6180.65 6188.95 6197.25 
6061.41 6070.38 6079.35 6088.33 6097.3 6106.27 6115.23 6124.2 6133.17 6142.14 6151.1 
6074.62 6086.43 6098.24 6110.04 6121.83 6133.62 6145.41 6157.19 6168.96 6180.73 6192.49 
6072.21 6084.72 6097.23 6109.74 6122.25 6134.77 6147.29 6159.81 6172.34 6184.87 6197.4 
6118.69 6121 6123.3 6125.59 6127.88 6130.17 6132.45 6134.73 6137.01 6139.28 6141.54 
6146.08 6143.83 6141.59 6139.36 6137.13 6134.92 6132.71 6130.51 6128.32 6126.14 6123.96 
6037.86 6051.67 6065.49 6079.31 6093.13 6106.96 6120.78 6134.61 6148.45 6162.29 6176.13 
6163.18 6156.62 6150.05 6143.48 6136.9 6130.33 6123.75 6117.17 6110.58 6104 6097.41 
6154 6152.98 6151.96 6150.96 6149.96 6148.97 6147.99 6147.02 6146.06 6145.1 6144.15 
6158.16 6148 6137.85 6127.69 6117.54 6107.38 6097.22 6087.07 6076.91 6066.75 6056.6 
6156.88 6155.47 6154.07 6152.68 6151.3 6149.93 6148.56 6147.21 6145.88 6144.55 6143.23 
6078.77 6086.08 6093.39 6100.7 6108.02 6115.35 6122.67 6130.01 6137.34 6144.68 6152.02 
6184.67 6173.87 6163.06 6152.25 6141.44 6130.62 6119.79 6108.96 6098.12 6087.27 6076.42 
6113.78 6116.94 6120.1 6123.26 6126.42 6129.58 6132.73 6135.88 6139.04 6142.19 6145.33 
6108.24 6113.62 6119 6124.38 6129.76 6135.15 6140.53 6145.92 6151.31 6156.69 6162.08 
6155.95 6152.89 6149.83 6146.77 6143.72 6140.67 6137.62 6134.59 6131.55 6128.52 6125.49 
6089.26 6098.14 6107 6115.86 6124.72 6133.57 6142.41 6151.24 6160.07 6168.89 6177.71 
6149.43 6152.18 6154.94 6157.71 6160.5 6163.3 6166.11 6168.93 6171.76 6174.61 6177.47 
6169.68 6162.8 6155.93 6149.06 6142.19 6135.33 6128.47 6121.6 6114.75 6107.89 6101.04 
6174.04 6165.06 6156.07 6147.09 6138.11 6129.13 6120.15 6111.18 6102.2 6093.23 6084.26 
6065.49 6071.66 6077.83 6084.01 6090.19 6096.38 6102.57 6108.77 6114.97 6121.17 6127.38 
6161.46 6157.87 6154.31 6150.76 6147.22 6143.7 6140.2 6136.71 6133.23 6129.78 6126.34 
6102.69 6108.86 6115.02 6121.18 6127.32 6133.46 6139.59 6145.72 6151.83 6157.94 6164.04 
6051.24 6062.67 6074.11 6085.55 6097 6108.45 6119.9 6131.36 6142.82 6154.29 6165.76 
6094.02 6103.88 6113.75 6123.61 6133.47 6143.33 6153.19 6163.06 6172.92 6182.78 6192.65 
6112.46 6110.72 6108.97 6107.24 6105.51 6103.78 6102.06 6100.35 6098.64 6096.93 6095.24 
6121 6118.02 6115.05 6112.08 6109.11 6106.14 6103.18 6100.23 6097.27 6094.33 6091.38 
6118.54 6113.33 6108.13 6102.91 6097.7 6092.49 6087.27 6082.06 6076.84 6071.62 6066.4 
6096.97 6101.81 6106.66 6111.51 6116.37 6121.24 6126.11 6130.98 6135.87 6140.75 6145.65 
6119.68 6125.91 6132.14 6138.37 6144.6 6150.82 6157.04 6163.26 6169.47 6175.68 6181.89 
6084.67 6092.36 6100.04 6107.73 6115.41 6123.08 6130.75 6138.42 6146.08 6153.74 6161.4 
6113.17 6114.15 6115.13 6116.12 6117.11 6118.11 6119.12 6120.14 6121.16 6122.19 6123.23 
6158.65 6154.66 6150.65 6146.65 6142.64 6138.63 6134.62 6130.61 6126.59 6122.57 6118.55 
6127.87 6131.11 6134.34 6137.57 6140.79 6144 6147.21 6150.42 6153.62 6156.81 6160 
6066.15 6078.18 6090.19 6102.2 6114.19 6126.17 6138.15 6150.11 6162.06 6174 6185.93 
6154.76 6155.39 6156.03 6156.68 6157.34 6158.01 6158.68 6159.37 6160.07 6160.78 6161.5 
6146.22 6143.49 6140.75 6138.01 6135.26 6132.51 6129.76 6127.01 6124.25 6121.5 6118.73 
6109.69 6118.72 6127.75 6136.78 6145.82 6154.85 6163.89 6172.93 6181.98 6191.02 6200.07 
6110.88 6120.42 6129.96 6139.51 6149.06 6158.62 6168.19 6177.76 6187.34 6196.93 6206.52 
6139.5 6142.35 6145.2 6148.04 6150.87 6153.69 6156.51 6159.31 6162.11 6164.9 6167.68 
6130.56 6130.47 6130.37 6130.27 6130.18 6130.07 6129.97 6129.86 6129.75 6129.63 6129.51 
6117.49 6120.11 6122.73 6125.34 6127.94 6130.54 6133.12 6135.7 6138.28 6140.84 6143.4 
6033.76 6048.04 6062.32 6076.61 6090.91 6105.21 6119.53 6133.85 6148.18 6162.51 6176.86 
6162.81 6156.8 6150.79 6144.8 6138.81 6132.82 6126.85 6120.88 6114.92 6108.97 6103.02 
6073.18 6083.47 6093.76 6104.04 6114.32 6124.6 6134.88 6145.15 6155.42 6165.69 6175.96 
6201.42 6191.92 6182.43 6172.93 6163.45 6153.96 6144.49 6135.01 6125.54 6116.08 6106.62 
6149.1 6148.73 6148.36 6148 6147.65 6147.3 6146.95 6146.61 6146.27 6145.94 6145.61 
6120.15 6126.56 6132.96 6139.36 6145.77 6152.17 6158.57 6164.97 6171.37 6177.77 6184.16 
1830.85 2591.13 3410.43 4285.8 5201.96 6135.12 7060.16 7959.28 8829.6 9686.44 10560.6 
1800.87 2551.63 3357.83 4209.51 5095.94 6006.42 6930.82 7860.85 8791.94 9725.08 10667.1 
1740.87 2510.15 3352.34 4250.63 5180.26 6117.1 7045.52 7962.28 8874.71 9794.12 10727.5 
1790.52 2594.09 3417.89 4269 5154.33 6074.71 7020.36 7969.95 8894.43 9764.98 10562.5 
1751.02 2538.65 3382.1 4265.75 5173.46 6091.1 7008.78 7921.58 8828.7 9730.73 10626.1 
1897.9 2598.33 3383.75 4243.71 5153.52 6084.92 7016.17 7937.99 8853.6 9773.43 10707.1 
1776.87 2557.88 3393.16 4267.16 5165.89 6079.14 7000.64 7927.14 8857.28 9791.31 10731.8 
1768.04 2594.9 3445 4321.22 5217.7 6124.07 7030.44 7931.94 8831.71 9741.44 10679 
1820.27 2604.01 3428.25 4292.01 5186.9 6100.2 7018.03 7927.9 8820.34 9689.87 10535.4 
1703.33 2567.79 3437.72 4327.07 5240.72 6172.91 7110.19 8037.27 8943.32 9825.71 10690.1 
1659.97 2528.82 3403.2 4282.06 5166.46 6060.43 6969.8 7899.06 8846.88 9802.14 10742.8 
1884.78 2635.38 3449.64 4314.32 5212.65 6127.83 7045.31 7953.65 8844.4 9711.54 10550.5 
1777.4 2554.54 3369.61 4231.54 5138.22 6077.19 7029.12 7972.97 8890.85 9771.41 10610.7 
1765.26 2541.12 3369.06 4244.95 5156.11 6086.34 7020.73 7948.7 8864.71 9767.17 10656.6 
1781.56 2583.66 3436.33 4323.59 5226.95 6130.87 7027.72 7920.69 8823.76 9758.06 10745.8 
1959.02 2626.08 3401.48 4259.74 5169.73 6102.44 7036.48 7960.62 8873.46 9780.8 10691.6 
1916.71 2614.68 3389.57 4224.58 5102.76 6010.26 6937.62 7878.82 8828.51 9778.77 10717.1 
1787.63 2594.05 3426.42 4284.65 5167.36 6071.18 6990.74 7919.29 8849.51 9774.3 10687.2 
1733.51 2570.43 3413.03 4272.79 5155.74 6059.41 6975.43 7895.56 8817.5 9747.11 10695.7 
1865.39 2596.31 3429.79 4315.27 5213.67 6105.51 6991.38 7885.48 8805.03 9759.66 10744.5 
1766 2512.94 3335.78 4218.12 5141.11 6085.66 7034.43 7973.82 8895.79 9799.39 10691.5 
1758.92 2572.7 3416.06 4286.7 5183.27 6100.41 7027.38 7950.43 8857.04 9738.96 10591.9 
1754.38 2567.87 3434.18 4322.06 5211.89 6097.25 6982.64 7878.25 8793.44 9730.88 10683.1 
1674.34 2548.67 3438.49 4334.4 5231.19 6127.01 7022.23 7918.66 8818.85 9724.98 10636.8 
1886.76 2639.69 3440.09 4290.16 5183.89 6108.19 7045.05 7975.06 8881.87 9756.61 10600.6 
1844.7 2601.33 3384.85 4214.21 5096.13 6023.76 6978.89 7936.57 8870.76 9759.8 10590.9 
1810.92 2560.5 3383.8 4269.44 5192.57 6124.39 7042.64 7939.71 8825.64 9725.18 10670.2 
1778.53 2593.08 3426.78 4290.38 5183.04 6094.78 7011.99 7924.07 8828.59 9732.98 10652 
1797.42 2580.16 3419.94 4302.31 5209.08 6124.41 7039.25 7952.79 8870.91 9802.15 10752.8 
1769.38 2510.75 3335.43 4217.7 5133.03 6064.03 7001.24 7939 8869.01 9775.43 10634.7 
1621.77 2569.74 3452.73 4312.4 5181.55 6078.62 7005.91 7951.78 8895.66 9814.63 10689.7 
1897.9 2600.16 3391.81 4244.72 5135.98 6049.97 6977.19 7911.09 8845.17 9771.69 10682.5 
1790.5 2553.23 3383.05 4259.8 5161.01 6069.35 6977.25 7887.42 8809.87 9757.05 10739.1 
1827.51 2598.54 3411.99 4270.89 5162.42 6066.83 6967.8 7861.1 8758.63 9686.65 10678.3 
1833.39 2607.33 3425.9 4295.54 5205.09 6133.63 7060.71 7974.89 8877.55 9780.81 10701.2 
1716.53 2550.37 3394.96 4260.3 5149.81 6059.98 6982.95 7910.87 8840.61 9777.16 10735 
1786.15 2574.39 3391.46 4245.73 5139.13 6064.55 7006.21 7943.57 8857.55 9737.28 10585.1 
1833.56 2625.29 3437.35 4286.86 5173.1 6083.73 7003.63 7922.79 8840.47 9764.29 10705 
1879.09 2625.25 3453.1 4335.31 5242.74 6152.61 7054.35 7950.75 8853.84 9776.79 10724.7 
1716.84 2533.97 3379.58 4256.38 5158.3 6073.51 6989.19 7896.59 8794.64 9690.96 10599.7 
1787.13 2548.09 3370.89 4249.73 5166.71 6099.38 7028.15 7941.48 8837.44 9721.65 10602.5 
1831.32 2615.8 3434.45 4285.26 5165.56 6070.3 6990.8 7914.78 8828.56 9720.78 10586.6 
1910.41 2627.44 3442.22 4321.95 5233.25 6149.53 7055.46 7947.34 8829.99 9711.47 10597.4 
1796.41 2589.46 3413.09 4269.87 5157.61 6071.03 7002.79 7943.61 8881.88 9803.32 10691.3 
1748.81 2574.03 3432.49 4323.77 5237.33 6158.17 7073.75 7979.42 8879.94 9786.29 10708.8 
1663.33 2529.48 3421.72 4332.79 5249.37 6159.06 7056.15 7944.07 8834.26 9742.15 10682.2 
1775.37 2576.05 3410.91 4273.22 5156.45 6055.29 6966.63 7890.37 8829.39 9788.37 10771.3 
1726.31 2497.68 3337.54 4233.29 5163.86 6105.36 7037.97 7951.62 8848.17 9739 10638.6 
1692.08 2557.76 3423.45 4289.94 5165.14 6058.8 6975.73 7910.29 8845.2 9755.65 10618.3 
1808.98 2566.14 3382.1 4250.2 5154.94 6076.49 6996.58 7904.39 8801.15 9701.88 10633.5 
1888.62 2652.03 3445.57 4283.82 5170.83 6098.78 7049.13 7996.63 8915.89 9789.02 10612 
1877.57 2603.22 3405.53 4271.22 5179.04 6105.89 7033.21 7952.5 8868.94 9801.77 10781.2 
1798.13 2596.8 3437.48 4302.8 5183.03 6076.07 6983.62 7905.54 8834.77 9755.16 10643 
2022.22 2632.84 3368.93 4205.49 5113.34 6063.13 7029.27 7992.01 8937.26 9854.22 10732.2 
1809.55 2556.85 3379.27 4263.15 5184.97 6119.68 7047.72 7958.49 8849.91 9724.97 10587.4 
1831.33 2590.9 3408.27 4274.68 5175.64 6094.3 7015.4 7928.98 8832.8 9732.42 10638.7 
1698.09 2560.84 3444.75 4339.48 5235.6 6127.06 7013.94 7903.48 8808.32 9741.91 10712.6 
1879.18 2620.8 3441.31 4321.42 5231.61 6143.88 7042.02 7927.75 8821.3 9757.1 10776.3 
1697.63 2584.22 3453.59 4319.97 5197.11 6092.45 7005.19 7929.03 8858.24 9794.14 10749 
1774.62 2585.42 3416.78 4272.71 5155.19 6060.15 6977.09 7892.62 8795.58 9680.72 10548.7 
1716.79 2515.51 3373.77 4279.27 5207.98 6133.77 7038.19 7918.27 8790.32 9688.95 10661.1 
1684.31 2573.31 3445.39 4314.94 5192.88 6085.35 6993.76 7915.71 8845.78 9775.7 10694.2 
1758.45 2608.56 3444.8 4282.3 5137.81 6025.21 6950.09 7905.97 8874.65 9831.43 10753.6 
1703.33 2551.52 3429.97 4317.79 5205.15 6092.71 6987.76 7898.38 8827.57 9768.85 10704.6 
1877.62 2618.32 3415.44 4270.67 5172.83 6102.38 7036.87 7955.75 8844.02 9694.23 10506.8 
1837.19 2614 3403.41 4225.11 5091.56 6004.35 6953.9 7922.97 8892.81 9849.78 10789.9 
1839.36 2596.79 3408.8 4263.19 5147.84 6052.67 6971.64 7903.57 8851.34 9818.81 10806.4 
1747.15 2584.77 3434.25 4303.03 5193.7 6104.03 7027.37 7953.88 8872.85 9776.14 10662 
1703.62 2527.27 3382.71 4265.09 5165.54 6074.69 6985.71 7896.16 8808.71 9731.39 10677.7 
1746.49 2534.49 3377.72 4255.55 5153.91 6064.45 6981.69 7900.41 8814.4 9717.03 10602.5 
1840.05 2550.5 3361.86 4242.33 5160.38 6090.54 7017.85 7938.58 8855.99 9772.56 10681.9 
1851.88 2595.64 3403.05 4264.53 5164.06 6083.95 7009.44 7931.5 8847.33 9758.84 10670 
1710.24 2558.29 3420.37 4303.38 5206.81 6124.34 7047.58 7969.89 8888.45 9803.76 10717.2 
1720.5 2588.89 3464.63 4339.21 5211.76 6087.85 6975.46 7880.05 8800.99 9730.77 10657.1 
1726.91 2524.92 3379.6 4268.71 5177.14 6095.82 7020.36 7949.72 8884.99 9827.9 10779.2 
1784.92 2545.64 3370.38 4246.4 5154.26 6075.18 6996.53 7914.28 8832.71 9762.11 10715.8 
1813.63 2612.21 3420.72 4253.66 5126.21 6043.89 6995.93 7955.29 8885.52 9751.98 10533.1 
1715.77 2526.43 3375.63 4261.1 5172.87 6098.4 7027.9 7958.07 8893.2 9843.28 10820 
1820 2517.13 3323.38 4204.44 5124.62 6055.78 6982.91 7905.3 8833.47 9783.28 10768.9 
1719.04 2512.21 3358.19 4240.47 5143.91 6058.75 6980.57 7906.87 8832.12 9743.83 10621.5 
1791.76 2613.42 3436.69 4275.83 5142.67 6043.21 6975.04 7926.43 8877.88 9806.05 10689.4 
1744.93 2567.85 3429.14 4317.45 5222.38 6133.91 7044.08 7950.04 8856.97 9778.98 10737.1 
1861.53 2628.73 3461.89 4339.07 5238.79 6144.54 7048 7949.54 8855.54 9772.97 10703.4 
1738.09 2557.04 3422.68 4313.57 5214.97 6118.19 7018.96 7916.11 8811.22 9708.6 10614.3 
1840.46 2603.29 3416.16 4277.19 5174.4 6089.72 7004.87 7908.13 8800.27 9697.51 10629.7 
1766.86 2569.33 3392.95 4257.86 5163.59 6093.55 7025.27 7942.99 8848.3 9764.95 10735.7 
1706.02 2578.03 3452.58 4331.48 5214.13 6100.43 6992.84 7896.64 8818.35 9763.62 10735.9 
1945.92 2622.39 3398.26 4248.4 5149.25 6079.65 7020.53 7954.76 8868.32 9752.62 10606.8 
1871.67 2594.04 3375.87 4218.2 5115.31 6053.39 7012.49 7971.72 8916.09 9842.09 10759.1 
1657.48 2558.22 3448.1 4329.33 5210.05 6100.71 7008.32 7931.37 8858.33 9771.03 10652.1 
1909.45 2609.17 3413.63 4291.2 5202.52 6114.26 7010.42 7897.39 8800.44 9752.64 10779.4 
1821.67 2573.56 3397.62 4275.25 5181.35 6091.46 6990.13 7878.34 8776.97 9724.17 10766.1 
1726.34 2566.86 3416.7 4284.3 5174.35 6086.13 7013.69 7948.01 8880.36 9805.82 10725.8 
1813.34 2592.08 3419.9 4287.81 5185.09 6098.93 7015.17 7920.77 8807.26 9674.05 10529.9 
1756.17 2590.97 3436.48 4301.74 5187.48 6088.37 6997.75 7912.1 8832.86 9764.91 10712.9 
1822.04 2574.72 3389.62 4258.99 5165.71 6089.83 7014.59 7929.77 8831.87 9721.64 10600.6 
1837.8 2579.37 3376.66 4227.09 5121.94 6047.19 6986.13 7923.33 8848.66 9760.01 10663.4 
1730.06 2483.64 3325.97 4228.98 5162.71 6100.27 7022.57 7922.31 8806.35 9695.51 10621.5 
1784.46 2542.27 3388.01 4292.54 5224.2 6157.24 7077.37 7983.15 8882.76 9787.51 10704.1 
1766.61 2608.13 3466.86 4341.7 5232.31 6138.03 7055.84 7978.16 8891.04 9773.91 10601.4 
1703.21 2530.65 3374.8 4251.15 5159.91 6089.07 7022.12 7946.73 8860.48 9771.32 10692.8 
1732.37 2538.69 3369.59 4244.21 5158.31 6091.96 7022.77 7939.65 8852.24 9792.47 10807.7 
1731.03 2556.89 3405.45 4283.21 5186.78 6107.58 7035.91 7962.4 8876.52 9764.15 10606.5 
1815.76 2589.72 3413.84 4276.19 5162.65 6059.82 6958.81 7858.34 8765.71 9694.72 10660.7 
1801.66 2597.23 3419.38 4277.21 5169.38 6086.43 7014.8 7941.35 8856.95 9758.28 10647.4 
1737.96 2589.4 3455.01 4341.1 5245.51 6161.27 7080.05 7993.95 8895.32 9775.46 10623.3 
1695.57 2558.26 3417 4281.6 5163.46 6070.08 7000.76 7944.87 8883.23 9792.02 10648.2 
1856.78 2578.92 3377.44 4243.62 5152.71 6075.25 6988.65 7885.16 8774.37 9679.65 10630.4 
1861.46 2594.87 3386.36 4236.89 5137.09 6069.67 7013.48 7947.71 8854.91 9722.23 10541.1 
1712.28 2530.35 3374.67 4247.18 5144.83 6060.21 6983.1 7902.71 8810.2 9701.38 10579.6 
1893.15 2615.8 3406.72 4260.73 5162.9 6092.56 7029.56 7960.95 8885.7 9815.27 10768.8 
1651.68 2516.51 3378.89 4251.75 5144.74 6060.34 6993.42 7933.75 8870.38 9795.69 10707.5 
1707.37 2566.67 3440.69 4326.83 5220.11 6116.06 7013.69 7917.13 8835.23 9779.2 10758.8 
1701.09 2482.38 3329.54 4220.14 5135.83 6062.84 6991.6 7915.21 8827.05 9717.98 10574.5 
1732.83 2581.56 3430.47 4283.23 5148.19 6034.67 6948.56 7888.22 8841.66 9785.55 10686.6 
1853.23 2643.67 3463.3 4307.14 5173.42 6062.63 6974.91 7907.09 8851.11 9794.91 10726 
1949.81 2669.29 3436.58 4250.55 5109.44 6008 6935.44 7875.32 8807.74 9713.43 10578.2 
1688.65 2517.71 3358.78 4229.1 5136.11 6074.26 7027.57 7976.37 8904.99 9807.21 10687.8 
1859.52 2654.03 3447.6 4265.66 5126.29 6034.6 6980.57 7941.03 8885.1 9781.7 10607.4 
1875.46 2622.15 3417.29 4262.65 5150.21 6064.74 6988.69 7907.51 8813.59 9707.95 10599.8 
1871.62 2538.13 3347.52 4246.53 5181.93 6113.9 7023.15 7910.97 8793.47 9693.47 10633 
1687.81 2480.85 3309.99 4186.61 5109.97 6066.78 7034.98 7990.92 8917.76 9811.89 10684.8 
1712.45 2545.3 3391.26 4254.06 5138.52 6045.89 6971.32 7904.16 8831.05 9740.48 10627.2 
1744.22 2580.25 3436.54 4309.27 5195.49 6092.82 6998.5 7908.35 8816.38 9715.6 10600 
1875.15 2604.18 3413.02 4287.08 5198.77 6117.67 7021.76 7906.19 8786.54 9695.07 10670.8 
1901.41 2624.12 3420.84 4280.43 5182.2 6102.16 7019.49 7922.29 8811.07 9699.18 10609.4 
1798.6 2544.23 3366.88 4252.2 5174.12 6103.25 7016.64 7905.72 8780 9665.22 10596.3 
1882.78 2602.39 3408.57 4279.11 5183.44 6095.75 7004.28 7913.73 8840.84 9805.62 10822.1 
1721.56 2501.68 3327.39 4197.11 5106.93 6048.76 7009.26 7970.08 8909.62 9806.26 10642.3 
1834.75 2585.66 3410.06 4283.74 5182.17 6086.91 6989.66 7892.9 8807.12 9745.66 10718.6 
1803.06 2586.74 3424.74 4299.04 5196.63 6111.24 7041.75 7987.07 8938.71 9873.87 10752.3 
1822.04 2538.36 3355.63 4243 5171.11 6115.49 7057.25 7981.63 8875.74 9726.65 10520.8 
1756.77 2623.33 3464.21 4302.85 5159.94 6048.48 6970.46 7916.12 8866.13 9796.95 10688.4 
1704.71 2518.83 3389.91 4294.06 5208.47 6116.99 7014.12 7905.95 8807.29 9736.1 10707.1 
1799.41 2577.42 3426.38 4328.41 5256.26 6182.32 7087.63 7968.01 8835.09 9711.76 10623.7 
1960.12 2639.85 3418.92 4274.93 5182.98 6117.81 7056.34 7980.38 8879.03 9749.87 10598.3 
1854.94 2566.71 3365.53 4238.52 5161.07 6103.7 7039.98 7953.05 8838.71 9704.18 10563.2 
1773.28 2577.3 3417.94 4290.06 5182.73 6083.44 6983 7878.5 8772.81 9671.23 10576.9 
1904.22 2637.38 3425.08 4267.25 5151.17 6058.14 6973.01 7892.81 8830.74 9813.68 10873.7 
1807.9 2582.02 3401.38 4258.09 5142.68 6046.1 6962.64 7891.69 8836.54 9799.95 10777.8 
1896.2 2602.05 3380.83 4232.2 5142.42 6087.97 7041.38 7977.13 8875.69 9724.59 10517 
1905.65 2599.29 3401.15 4286.03 5217.98 6161.57 7091.74 7999.02 8889.01 9776.63 10677.8 
1741.98 2588.28 3436.23 4292.61 5166 6062.94 6983.2 7916.01 8839.14 9721.92 10531.7 
1877.06 2629.88 3437.39 4292.89 5182.59 6091.69 7010.48 7938.4 8884.8 9865.97 10899.4 
1874.7 2621.62 3425.32 4283.62 5183.07 6104.91 7030.83 7946.33 8840.78 9704.95 10527.8 
1868.22 2610.26 3388.35 4215.07 5093.22 6016.16 6969.35 7933.11 8886.38 9811.31 10697.8 
1943.53 2614.01 3387.35 4243.3 5155.51 6096.31 7040.79 7969.38 8868.45 9729.33 10546.4 
1909.16 2600.2 3385.14 4244.72 5151.95 6079.67 7007.49 7926.24 8838.3 9753.76 10683.6 
1768.87 2557.82 3397.03 4282.27 5198.28 6124.92 7045.8 7956.48 8868.62 9808.24 10807.9 
1694.05 2494.79 3343.84 4233.75 5150.48 6077.68 7001.51 7914.69 8818.69 9723.51 10644.9 
1811.13 2598.56 3449.18 4341.8 5253.41 6164.62 7064.89 7956.03 8852.77 9779.57 10764.1 
1884.84 2653.3 3461.99 4312.12 5194.93 6095.69 7000.52 7903.57 8811.82 9745.57 10734.4 
1773.3 2542.74 3379.73 4264.64 5170.77 6076.17 6972.14 7866.2 8778.85 9735.56 10756.8 
1763.77 2508.41 3334.24 4226.35 5160.13 6107.24 7043.07 7953.85 8841.06 9721.85 10625 
1662.26 2494.47 3373.79 4279.06 5195.61 6115.94 7037.66 7960.01 8881 9796.18 10699.8 
1761.68 2563.23 3409.89 4284.08 5168.5 6052.4 6934.83 7823.85 8732.17 9671.79 10649.9 
1759.87 2522.68 3373.76 4285.58 5221.46 6148.09 7046.04 7915.53 8776.46 9663.03 10614.8 
1746.42 2547.42 3381.54 4248.68 5146.28 6068.56 7005.7 7943.81 8866.56 9758.29 10607.9 
1748.52 2565.77 3422.85 4304.43 5201.06 6108.81 7026.13 7949.81 8872.01 9779.95 10658.1 
1755.19 2589.57 3439.43 4315.58 5216.38 6131.8 7050.31 7965.56 8880 9803.85 10749.9 
1834.17 2490.13 3304.2 4213.55 5162.07 6110.68 7041.45 7955.2 8864.34 9783.52 10721.5 
1638.64 2493.54 3359.34 4249.08 5164.66 6096.81 7029.87 7949.81 8852.13 9745.78 10651 
1756.17 2561.7 3388.96 4242.71 5123.25 6027.64 6951.09 7887.73 8830.29 9768.89 10690 
1721.08 2570.7 3429.02 4303.68 5195.81 6100.98 7011.61 7920.97 8827.81 9740.17 10676.5 
1558.42 2477.5 3383.28 4287.63 5196.01 6108.79 7023.51 7936.42 8842.93 9737.08 10611.3 
1863.82 2580.24 3389.39 4265 5177.71 6102.53 7024.15 7938.68 8852.02 9775.81 10723.1 
1781.47 2582.96 3403.36 4251.4 5130.24 6037.09 6965.05 7906.94 8859.98 9829.44 10829.4 
1856.22 2578.62 3352.91 4192.28 5092.88 6035.17 6991 7934.46 8852.3 9749.99 10650.5 
1717.4 2558.43 3415.58 4290.44 5181.13 6083.57 6993.54 7909.1 8832.28 9769.17 10728.1 
1805.34 2559.3 3376.92 4240.56 5136.35 6056.19 6996.37 7953.53 8919.92 9879.75 10808.2 
1695.79 2515.43 3382.56 4280.57 5194.07 6111.92 7029.21 7948.11 8877.15 9828.83 10815.4 
1828.96 2566.07 3362.58 4213.56 5109.25 6036.58 6980.37 7924.55 8853.64 9754.74 10619.8 
1734.24 2566.85 3402.27 4257.73 5142.02 6053.89 6983.69 7918.08 8846.66 9768.02 10693.1 
1697.32 2545.59 3393.13 4251.08 5133.53 6050.63 7001.4 7969.57 8924.39 9826.78 10638.9 
1670.42 2540.86 3401.63 4272.98 5164.64 6076.61 7002.51 7934.08 8865.23 9793.73 10719.8 
1599.31 2493.58 3395.81 4298.09 5196.54 6092.91 6993.81 7907.58 8839.5 9787.1 10737.4 
1676.2 2546.71 3424.88 4311.68 5204.99 6102.22 7002.53 7908.18 8824.86 9760.88 10725.4 
1723.9 2499.36 3344.62 4234.2 5145.4 6062.28 6976.65 7886.6 8794.01 9702.14 10613.9 
1807.43 2622.77 3448.69 4298.34 5175.77 6077.54 6996.16 7923.48 8852.69 9777.98 10692.4 
1746.21 2547.27 3372.86 4237.6 5143.96 6080.71 7026.78 7959.66 8865.29 9745.25 10618 
1775.75 2624.4 3481.43 4349.33 5230.14 6125.18 7033.44 7949.7 8863.21 9757.9 10614.6 
1947.08 2649.82 3426.77 4258.76 5128.08 6022.91 6938.04 7872.33 8825.02 9792.98 10770.3 
1789.1 2563.07 3382.21 4245.8 5148.91 6081.47 7028.43 7971.6 8892.75 9777.4 10618.5 
1959.51 2642.2 3412.68 4256.33 5151.9 6075.45 7005.12 7924.98 8826.82 9709.66 10577.8 
1761.46 2543.91 3393.11 4284.01 5190.73 6094.64 6989.87 7884.09 8794.7 9741.44 10738.3 
1880.3 2620.63 3415.39 4265.49 5162.13 6089.98 7031.03 7967.6 8883.56 9764.17 10595.4 
1762.51 2558.74 3407.23 4297.01 5209.87 6129.32 7046.21 7959.72 8874.49 9795.84 10725.7 
1833.61 2609.51 3419.07 4274.43 5173.63 6102.82 7041.84 7972 8883.59 9780.56 10680.5 
1753.28 2591.66 3429.13 4284.53 5169.36 6083.75 7017.02 7952.58 8875.29 9778.61 10668.9 
1750.97 2513.32 3348.44 4247 5181.76 6120.14 7038.24 7931.65 8818.88 9736.38 10726.6 
1682.53 2540.5 3410.64 4305.68 5225.98 6161.42 7095.78 8011.89 8895.8 9739.32 10540.6 
1648.93 2511 3372.04 4251.31 5155.8 6082.17 7020.09 7955.79 8875.1 9765.81 10619.5 
1875.34 2634.19 3408.77 4232.55 5117.92 6054.94 7017.08 7972.29 8896.08 9782.26 10647.5 
1977.29 2683.87 3457.23 4294.34 5178.83 6088.91 7006.32 7923.77 8848.47 9800.96 10809.6 
1855.24 2613.1 3430.57 4291.26 5181.89 6092.99 7016.81 7944.28 8862.58 9754.43 10599 
1784.04 2591.31 3416.33 4266.76 5144.59 6046.38 6965.66 7897.08 8840.85 9805.7 10808.7 
1779.72 2559.89 3394.71 4275.84 5184.37 6099.7 7007.84 7906.92 8808.76 9736.32 10718.3 
1799.29 2581.28 3434.13 4325.24 5225.99 6118.98 7002.13 7888.11 8799.01 9757.65 10778.5 
1882.43 2628.77 3447.86 4319.19 5224.55 6148.09 7075.92 7995.78 8896.52 9767.3 10596.4 
1814.47 2623.29 3470.68 4338.92 5218.52 6107.67 7009.13 7926.76 8863.38 9820.68 10800.4 
6043.66 6120.85 6151.1 6156.89 6155.67 6157.18 6163.66 6172.45 6179.89 6184.99 6191.71 
6277.68 6161.64 6120.47 6121.87 6141.81 6165.41 6184.62 6194.12 6187.14 6152.99 6077 
6133.06 6135.23 6130.72 6125.62 6123.78 6126.44 6132.93 6141.95 6152.92 6166.88 6186.39 
6117.83 6097.35 6115.93 6145.59 6166.28 6169.88 6160 6147.64 6144.68 6157.36 6182.3 
5958.53 6023.94 6080.52 6124.77 6154.49 6169.67 6171.46 6159.83 6131.22 6077.92 5989.83 
6138.08 6064.38 6049.08 6076.27 6125.7 6177.28 6214.36 6225.43 6204.53 6151.02 6069.28 
6121.2 6118 6102.2 6084.57 6072.25 6068.87 6075.41 6090.93 6112.53 6134.62 6148.18 
6198.33 6112.13 6067.97 6066.3 6097.45 6143.6 6184.1 6201.94 6188.94 6147.42 6087.74 
6155.58 6151.75 6148.37 6153.25 6167.22 6184.56 6195.66 6191.3 6167.13 6126.81 6082.76 
6302.72 6159.8 6092.36 6085.88 6116.61 6158.43 6189.08 6194.08 6167.45 6109.86 6025.49 
6183.08 6120.77 6079.28 6071.54 6100.17 6155.03 6214.79 6251.96 6239.6 6157.48 5996.06 
6031.94 6024.96 6027.45 6041.35 6067.18 6101.42 6135.42 6156.76 6153.05 6117.22 6052.19 
6234.03 6161.73 6113.59 6090.52 6088.26 6098.23 6109.96 6114.66 6108.82 6096.56 6089.89 
6098.05 6033.16 6031.03 6065.42 6110.93 6147.22 6162.34 6154.21 6129.82 6102.07 6084.95 
6351.14 6225.6 6146.39 6113.33 6116.65 6141.05 6169.83 6187.94 6183.11 6145.38 6066.28 
6312.09 6149.56 6070.12 6062.4 6101.04 6153.95 6191.7 6195.97 6164.39 6110.17 6056.73 
6083.63 6080.8 6083.4 6093.86 6113.01 6138.24 6163.08 6178.88 6178.28 6159.3 6128.58 
6086.86 6074.88 6075.8 6088.3 6109.72 6135.57 6159.44 6173.25 6167.77 6133.21 6060.12 
6150.72 6131.11 6137.73 6153.09 6165.33 6169.73 6166.9 6158.59 6142.85 6110.69 6045.81 
6149.92 6092.96 6085.59 6107.03 6137.58 6162.06 6172.19 6167.49 6154.52 6144.53 6150.13 
6173.79 6119.81 6087.66 6077.64 6086.34 6107.45 6132.66 6152.71 6158.46 6142.15 6098.55 
6263.49 6173.44 6105.83 6067.76 6059.94 6076.95 6108.5 6141.64 6163.42 6163.64 6137.13 
6092.71 6063.02 6043.91 6041.25 6055.5 6082.66 6116.32 6150.4 6181.79 6212.14 6248.45 
6287.72 6171.47 6094.05 6059.71 6061.02 6083.09 6109.67 6129.12 6138.34 6143.66 6158.52 
6099.46 6093.12 6107.86 6130.95 6150.43 6158.21 6152.45 6138.8 6130.22 6145.12 6204.21 
6154.53 6152.54 6163.82 6173.81 6174.37 6163.84 6145.21 6122.77 6098.36 6068.12 6020.94 
6258.22 6152.17 6104.73 6098.71 6117.58 6146.8 6174.66 6192.32 6193.13 6171.37 6120.76 
6282.76 6141.66 6051.29 6014.2 6023.13 6063.24 6116.03 6163.64 6192.19 6193.58 6165.38 
6296.51 6170.94 6097.06 6077.14 6100.75 6146.49 6187.34 6198.25 6163.47 6081.36 5965.07 
6197.62 6146.44 6103.4 6086.33 6098.35 6129.79 6164.01 6185.22 6185.21 6167.05 6144.56 
6112.95 6075.94 6066.64 6083.69 6120.2 6163.88 6198.67 6207.78 6177.57 6101.2 5981.07 
6195.69 6143.46 6101.15 6071.89 6059.05 6064.61 6086.56 6116.36 6137.55 6126.52 6056.03 
6047.94 6028.67 6034.71 6060.78 6099.52 6141.42 6175.2 6189.04 6172.83 6121.32 6036.95 
6213.35 6100.66 6072.72 6093.67 6129.7 6156.52 6163.66 6154.81 6144.87 6154.81 6205.88 
6155.4 6150.74 6139.78 6129.41 6124.73 6127.22 6134.06 6138.63 6132.21 6106.19 6054.37 
6184.67 6097.34 6050.99 6044.13 6069.66 6115.92 6167.42 6205.51 6209.78 6160.6 6042.95 
6066.28 6068.14 6078.06 6098.51 6130.72 6171.15 6209.72 6230.4 6214.34 6144.44 6010 
6211.77 6121.33 6077.92 6072.88 6090.39 6114.63 6134.8 6146.71 6150.99 6149.52 6142.35 
6168.87 6061.12 6005.72 5995.76 6017.8 6057.24 6101.17 6138.66 6160.09 6157.3 6125.63 
6201.49 6171.41 6145.99 6123.53 6108.49 6106.8 6120.9 6145.61 6165.88 6157.03 6087.45 
5989.3 6092.65 6135.28 6143.15 6137.04 6130.58 6130.55 6138.96 6155.9 6182.22 6221.37 
6200.69 6138.54 6103.48 6087.99 6087.89 6100.72 6122.88 6146.72 6158.91 6141.09 6072.86 
6164.14 6122.98 6096.34 6088.47 6098.51 6121.66 6149.87 6171.34 6168.79 6117.82 5986.95 
6154.32 6109.39 6074.11 6059.51 6073.25 6113.62 6166.61 6207.17 6204.48 6129.57 5963.02 
6051.09 6056.55 6072.51 6097.57 6128.58 6161.08 6189.06 6204.44 6197.57 6159.12 6083.47 
6170.63 6140.29 6133.45 6142.63 6157.78 6168.99 6169.39 6157.27 6136.84 6117.32 6110.4 
6218.06 6160.02 6119.45 6100.48 6103.35 6121.97 6143.76 6152.06 6130.59 6068.44 5963.93 
6136.19 6066.24 6050 6068.89 6103.89 6138.18 6158.9 6157.94 6131.83 6081.21 6009.91 
6255.33 6196.51 6134.03 6088.19 6070.86 6082.79 6114.36 6149.39 6170.52 6164.4 6125.16 
6090.89 6079.4 6084.52 6099.07 6117.81 6136.64 6151.72 6159.14 6155.43 6138.65 6109.57 
6108.53 6082.1 6072.06 6072.52 6077.31 6081.92 6084.87 6087.69 6093.18 6102.4 6111.76 
6205.09 6126.32 6099.07 6106.82 6133.97 6166.04 6189.18 6189.39 6152.46 6064.82 5915.29 
6136.41 6114.08 6098.34 6093.35 6101.41 6119.46 6138.29 6144.65 6125.3 6071.04 5979.29 
6053.97 6057.15 6057.26 6061.42 6075.37 6100.84 6132.89 6158.65 6158.8 6112.27 6003.13 
6074.73 6077.24 6074.09 6073.55 6082.44 6103.39 6132.7 6159.43 6166.03 6130.81 6031.85 
6259.06 6148.23 6083.19 6065.11 6087.2 6135.34 6189.26 6224.69 6216.71 6144.4 5996.07 
6172.29 6112.53 6099.41 6107.02 6114.46 6111.75 6099.66 6083.84 6065.97 6036.44 5972.04 
6157.12 6121.71 6106.4 6105.05 6111.4 6119.53 6125.25 6127.99 6132.18 6147.28 6185.79 
6157.86 6074.55 6032.5 6020.66 6031.74 6059.97 6098.44 6137.1 6162.49 6159.15 6112.33 
6019.75 6069.07 6110.02 6137.19 6153.19 6163.81 6172.98 6179.13 6174.03 6144.29 6074.6 
6168.45 6109.61 6087.42 6090.28 6106.66 6127.08 6145.54 6160.05 6172.07 6184.96 6201.95 
6226.31 6151.98 6110.28 6105.2 6129.07 6164.82 6192.72 6199.25 6184.51 6164.92 6169.85 
6206.05 6154.22 6113.07 6088.96 6085.66 6103.45 6136.88 6172.97 6191.57 6169.06 6085.25 
6228.07 6117.77 6073.42 6077.25 6110.69 6155.04 6193 6210.85 6200.62 6161.35 6098.52 
6098.87 6089.47 6101.84 6123.57 6145.03 6160.7 6169.1 6171 6166.9 6154.44 6126.95 
6087.49 6077.64 6082.03 6090.89 6099.26 6106.36 6113.06 6118.32 6116.17 6094.54 6036.69 
6177.97 6145.26 6130.14 6128.58 6134.53 6141.04 6141.77 6132.51 6112.55 6085.64 6060.02 
6148.17 6121.2 6103.89 6099.22 6108.52 6128.99 6153.38 6172.18 6176.94 6163.5 6133.4 
6083.62 6054.06 6061.77 6093.23 6131.9 6162.85 6176.71 6171.64 6153.19 6132.34 6122.37 
6246.58 6105.41 6036.63 6031.46 6069.63 6124.26 6167.73 6177.53 6140.88 6057.52 5940.2 
6074.3 6131.74 6156.33 6159.21 6151.49 6141.33 6133.31 6129.5 6130.96 6138.67 6152.86 
6175.16 6107.25 6078.8 6082 6108.55 6147.84 6186.5 6209.59 6203.25 6157.52 6068.42 
5948.49 6059.97 6120.47 6141.38 6140.03 6133.97 6134.96 6144.45 6151.54 6134.14 6063.28 
6153.42 6156.92 6139.4 6122.2 6119.45 6135.27 6164 6192.96 6206.06 6187.28 6122.98 
6161.81 6074.39 6029.82 6026.61 6056.19 6103.36 6148.82 6173.4 6163.14 6113.66 6032.36 
6131.4 6135.46 6133.34 6128.63 6128.47 6139.17 6160.71 6182.35 6181.6 6127.52 5988.16 
6221.3 6137.75 6096.42 6094.02 6119.27 6154.62 6180.42 6180.17 6144.99 6075.84 5982.43 
6199.37 6144.86 6088.46 6049.42 6039.12 6057.17 6091.04 6119.75 6120.28 6074.83 5976.57 
6233.14 6156.16 6109.86 6093.34 6099.85 6118.54 6137.7 6148.31 6146.22 6132.3 6110.32 
6167.69 6111.33 6061.65 6038.62 6050.3 6090.68 6141.32 6176.41 6170.33 6105.49 5978.63 
6103.11 6128.97 6134.95 6125.58 6110.67 6101.23 6104.16 6118.41 6134.61 6138.83 6119.39 
6154.79 6105.94 6091.77 6102.7 6129.26 6161.88 6190.32 6203.04 6187.27 6129.78 6018.64 
6176.45 6150.29 6132.69 6125.36 6129.53 6143.63 6161.44 6171.61 6158.98 6107.78 6005.65 
6160.33 6131.27 6119.49 6119.32 6128.27 6144.7 6165.68 6185.78 6197.2 6190.8 6157.7 
6153.53 6115.9 6084.72 6068.9 6073.67 6098.05 6133.85 6166.66 6178.92 6154.3 6082.23 
6127.54 6107.99 6099.83 6094.05 6090.76 6095.16 6111.38 6136.66 6158.25 6154.6 6100.4 
6254.54 6151.5 6095.93 6080.87 6092.94 6116.38 6136.82 6143.54 6129.74 6091.11 6023.84 
6115.21 6121.98 6134.05 6141.96 6141.04 6131.99 6119.29 6107.87 6099.09 6087.51 6059.91 
6237.23 6190.42 6157.95 6132.76 6113.31 6102.4 6104.75 6124.36 6162.55 6217.26 6283.49 
6078.81 6125.75 6120.17 6093.87 6069.88 6059.52 6063.8 6077.62 6094.44 6109.35 6119.53 
6179.11 6121.57 6089.2 6077.29 6082.45 6100.3 6123.62 6141.98 6143.4 6117.75 6060.43 
6185.03 6127.7 6106.55 6108.07 6123.36 6146.39 6170.63 6186.38 6180.7 6140.44 6057.53 
6208.39 6145.81 6104.68 6082.81 6080.12 6095.66 6124.46 6155.72 6173.37 6159.21 6097.81 
6199.65 6114.42 6087.81 6097.19 6123.28 6152.47 6176.04 6186.84 6175.18 6125.85 6017.95 
6269.94 6147.26 6089.62 6083.53 6109.69 6147.13 6177.79 6189.9 6179.21 6147.49 6099.12 
6080.41 6057.14 6068.27 6096.61 6129.09 6156.33 6171.51 6170.1 6151.05 6119.06 6086.83 
6216.83 6152.03 6113.59 6098.19 6101.71 6118.9 6142.65 6163.24 6168.31 6143.84 6076.36 
6071.82 6092.86 6123.04 6144.93 6151.6 6145.8 6136.48 6134.11 6146.41 6175.75 6218.77 
6204.19 6098.83 6062.24 6068.54 6095.1 6124.34 6143.6 6143.63 6116.68 6054.98 5950.41 
6101.23 6069.82 6068.52 6083.96 6105.32 6125.46 6140.92 6151.41 6159.23 6169.15 6188.32 
6269.92 6129.48 6058.81 6044.39 6071.3 6122.14 6176.92 6214.46 6215.22 6164.57 6055.31 
6297.92 6196.74 6110.68 6057.53 6046.8 6074.97 6125.2 6171.56 6186.46 6148.49 6048.33 
6118.09 6088.98 6069.88 6067.87 6082.38 6107.28 6133.86 6153.34 6158 6140.85 6094.76 
6165.87 6093.86 6061.51 6062.76 6085.72 6116.66 6143.99 6160.89 6165.9 6161.59 6152.04 
6101.97 6094.28 6095.23 6105.95 6125.48 6149.09 6168.52 6173.69 6155.39 6107.56 6028.52 
6082.09 6030.25 6033.96 6071.46 6120.3 6160.87 6180.13 6174.65 6151.92 6129.04 6128.64 
6213.3 6120.4 6081.66 6083.85 6109.9 6143.46 6171.47 6184.71 6176.8 6143.25 6081.25 
6061.79 6084.9 6068.06 6045.06 6038.45 6055.52 6088.9 6121.88 6136.64 6122.91 6084.31 
6194.06 6110.57 6066.69 6050.59 6055.75 6078.08 6111.69 6145.9 6164.94 6151.05 6089.87 
6225.02 6160.62 6110.67 6082.53 6076.79 6087.15 6103.2 6115.24 6119.3 6120.34 6132.21 
6101.89 6080.69 6082.1 6095.35 6110.03 6119.86 6124.36 6128.19 6138.98 6164.7 6211.71 
6256.69 6125.1 6076.82 6079.45 6104.37 6131.42 6151.06 6163.4 6174.59 6191.46 6216.07 
6175.35 6074.16 6019.03 6005.49 6024.8 6063.81 6105.62 6131.5 6124.07 6071.12 5969.01 
6186.23 6114.15 6078.3 6066.19 6069.43 6083.15 6104.34 6129.99 6155.8 6175.86 6183.13 
6173.75 6100.65 6052.73 6031.57 6033.57 6051.82 6078.7 6108.71 6140.96 6180.57 6238.81 
6165.91 6125.13 6108.85 6112.39 6129.22 6150.69 6167.62 6173.68 6169.24 6163.84 6175.94 
6166.52 6147.44 6121.05 6102.19 6100.67 6117.68 6145.96 6173.02 6185.92 6175.15 6136.3 
6064.5 6025.07 6048.26 6095.76 6137.28 6155.82 6149.11 6127.42 6109.01 6114.87 6163.84 
6141.67 6103.93 6109.55 6133.82 6155.26 6161.12 6149.58 6128.04 6108.54 6101.97 6113.21 
6136.58 6105.49 6093.94 6093.18 6098.53 6108.15 6121.33 6136.6 6149.86 6153.01 6133.3 
6222.49 6119.15 6070.37 6062.51 6080.99 6110.69 6137.35 6149.75 6141.68 6112.99 6068.67 
6314.03 6201.98 6125.6 6087.26 6081.53 6096.03 6115.34 6127.35 6130.23 6137.43 6178.34 
6308.67 6205.72 6149.04 6127.95 6127.97 6135.24 6139.48 6134.72 6117.75 6085.59 6033.17 
6181.73 6165.66 6140.4 6111.71 6090.16 6085.98 6102.85 6133.2 6157.39 6147.89 6077.36 
6139.51 6122.62 6103.86 6094.42 6098.34 6112.98 6131.4 6145.76 6150.24 6142.66 6124.38 
6188.64 6143.03 6109.17 6092.73 6094.87 6111.69 6134.96 6153.84 6157.31 6136.69 6087.8 
6229.8 6150.1 6096.09 6073.37 6079.34 6104.2 6134.03 6154.45 6153.79 6124.66 6063.86 
6101.89 6059.83 6044.45 6057.03 6089.66 6128.97 6160.85 6174.36 6163.74 6127.9 6068.36 
6057.48 6080.59 6081.35 6076.66 6080.34 6099.29 6130.58 6160.69 6167.43 6124.59 6008.56 
6207.96 6167.68 6144.69 6128.46 6115.77 6108.67 6110.08 6119.25 6128.83 6125.06 6091.12 
6150.08 6157.88 6169.23 6182.95 6194.35 6197.43 6187.91 6165.93 6136.91 6110.24 6096.01 
6257.71 6118.68 6048.39 6034.82 6058.43 6097.23 6131.94 6149.53 6144.05 6114.54 6061.24 
6174.03 6151.41 6114.68 6087.05 6083.79 6106.43 6142.15 6168.98 6165.1 6119.21 6037.9 
6275.25 6194.35 6154.47 6141.14 6143.63 6154.06 6166.23 6174.96 6176.04 6166.48 6144.66 
6102.55 6104.63 6108.15 6120.57 6139.47 6156.59 6163.64 6157.5 6142.72 6130.31 6133.61 
6199.62 6184.37 6170.56 6168.11 6177.73 6192.87 6203.12 6197.85 6169.01 6112.66 6029.17 
6020.48 6040.89 6067.5 6092.52 6111.53 6122.9 6126.73 6123.8 6115.32 6103.42 6091.93 
6117.26 6115 6103.53 6085.77 6071.41 6071.23 6090.13 6121.6 6145.89 6132.98 6049.95 
6277.11 6172.22 6124.94 6115.86 6129.33 6152.37 6173.2 6180.55 6164.15 6116.2 6032.89 
6214.45 6150.5 6122.29 6111.46 6108.72 6112.34 6123.48 6140.53 6155.31 6152.77 6114.62 
6055.39 6104.22 6143.37 6178.28 6208.07 6226.74 6226.28 6200.57 6148.61 6076.08 5994.73 
6089.81 6089.26 6091.1 6105.34 6135.4 6176.03 6213.16 6225.79 6190.09 6084.96 5897.8 
6133.77 6158.64 6161.44 6150.8 6136.61 6128.25 6132.07 6149.08 6173.31 6191.8 6186.76 
6145.63 6082 6062.38 6067.45 6080.62 6093.06 6104.12 6117.65 6136.25 6156.52 6167.74 
6192.13 6144.88 6110.69 6093.39 6097.71 6125.58 6171.91 6221.09 6245.92 6209.78 6072.34 
6234.11 6184.8 6155.65 6144.14 6142.39 6142.06 6137.95 6129.05 6117.3 6104.99 6092.5 
6136.16 6089.35 6070.83 6072.8 6087.99 6110.11 6133.56 6152.58 6160.7 6150.86 6116.49 
6157.18 6086.79 6055.91 6057 6078.87 6109.69 6138.84 6157.23 6157.26 6133.04 6081.64 
6276.04 6122.14 6048.15 6038.75 6070.67 6117.31 6154.41 6165.44 6145.11 6099.8 6044.72 
6116.46 6147.45 6148.77 6136.59 6124.8 6121.89 6129.37 6141.66 6147.25 6130.7 6075.22 
6167.92 6085.96 6042.55 6038.18 6064.61 6107.74 6151.57 6182 6189.64 6171.15 6129.09 
6198.05 6152.22 6112.11 6088.55 6082.99 6090.23 6103.24 6117.97 6136.94 6170.09 6233.06 
6187.8 6183.9 6178.99 6173.66 6166.74 6156.06 6140.34 6121.65 6107.87 6113.92 6161.04 
6242.54 6144.5 6107.98 6113.97 6143.04 6177.96 6204.92 6213.22 6194.04 6138.87 6038.63 
6041.45 6066.78 6062.87 6053.99 6058.63 6085.04 6129.28 6175.92 6201.21 6177.71 6079.8 
6074.27 6075.16 6081.08 6092.72 6112.16 6138.85 6167.24 6186.93 6185.52 6152.9 6085.16 
6270.93 6163.75 6105.79 6089.99 6103.15 6127.96 6146.34 6143.54 6111.88 6053.18 5978.92 
6259.85 6195.58 6145.56 6112.32 6098.2 6103.45 6124.44 6152.53 6174.29 6173.2 6132.58 
6249.53 6184.35 6137.46 6108.42 6093.96 6089.52 6090.46 6092.69 6092.51 6086.15 6069.42 
6065.49 6125.28 6149.7 6150.58 6141.3 6132.94 6131.09 6134.19 6133.52 6114.9 6061.64 
6263.28 6209.63 6144.95 6090.75 6065.9 6079.68 6127.02 6187.04 6225.39 6199.85 6068.01 
6092.69 6086.01 6077.02 6083.14 6105.96 6135.05 6155.19 6154.49 6130.44 6092.09 6057.99 
6201.7 6220.94 6204.63 6174.8 6151.19 6143.51 6148.83 6155.09 6148.74 6123.2 6084.35 
6100.3 6072.18 6080.64 6104.03 6127.55 6144.26 6153.72 6158.76 6161.67 6161.15 6150.74 
6233.44 6130.81 6098.22 6108.1 6132.98 6152.06 6155.14 6142.89 6123.62 6107.88 6102.88 
6195.17 6119.95 6101.18 6117.26 6146.97 6171.6 6177.21 6156.63 6110.98 6049.63 5988.35 
6289.25 6197.83 6137.18 6104.58 6096.9 6107.88 6126.67 6138.89 6129.89 6089.34 6015.18 
6146.6 6160.98 6136.4 6102.78 6085.69 6097.47 6132.52 6168.13 6170.48 6103.89 5940.53 
6293.4 6181.61 6121.82 6095.79 6088.15 6087.78 6088.09 6086.84 6085.75 6090.25 6108.89 
6160.24 6139.31 6121.16 6116.3 6125.79 6143.46 6160.18 6168.42 6165.71 6156.3 6150.42 
6160.99 6139.69 6126.62 6122.15 6126.26 6137.72 6153.7 6169.63 6178.87 6172.09 6136.81 
6057.41 6081.25 6101.68 6117.5 6128.47 6134.74 6136.19 6132.68 6125.52 6120.03 6128.11 
6150.38 6053.82 6023.36 6032.26 6056.56 6080.44 6097.79 6110.24 6122.78 6139.35 6159.96 
6169.5 6117.06 6100.52 6101.91 6108.1 6113.87 6121.46 6137.27 6167.11 6212.26 6267.75 
6046.14 6100.57 6131.98 6145.7 6149.04 6148.57 6148.18 6148.95 6150.81 6155.3 6168.27 
6218.02 6134.18 6092.45 6080.43 6089.25 6111.08 6136.33 6151.97 6141.37 6085.91 5967.73 
6045.7 6093.18 6096.06 6089.27 6095.4 6120.37 6153.96 6174.84 6158.49 6085.87 5950.33 
6069.38 6012.16 6019.65 6067.78 6128.49 6176.22 6194.18 6178.75 6140.47 6101.21 6087.97 
6127.8 6089.49 6073.23 6072.29 6080.58 6093.87 6109.49 6124.51 6132.88 6123.08 6077.36 
6194.72 6116.01 6091.68 6101.85 6125.57 6145.49 6151.26 6140.87 6119.36 6095.45 6077.18 
6282.74 6168.26 6097.18 6070.52 6081.16 6115.43 6155.96 6185.62 6191.69 6169.42 6124.1 
6122.72 6120.71 6128.59 6137.21 6143.25 6147.75 6153.12 6160.48 6168.42 6173.71 6173.76 
6118.7 6134.47 6127.84 6105.8 6081.78 6070.53 6081.58 6113.65 6152.37 6172.6 6144.97 
6025 6108.12 6150.23 6159.23 6148.12 6131.5 6121.19 6122.47 6132.75 6143.48 6144.75 
6157.84 6123.15 6109.41 6109.86 6119.32 6133.45 6147.79 6156.64 6151.99 6122.64 6054.19 
6211.55 6138.63 6109.96 6110.25 6125.65 6145.15 6161.08 6168.66 6164.49 6144.56 6102.37 
6114.59 6101.24 6088.55 6081.33 6083.76 6096.62 6115.76 6132.11 6133.01 6104.12 6031.48 
6077.21 6099.64 6118.27 6135.67 6151.22 6162.15 6165.27 6158.93 6144.44 6126.59 6113.06 
6158.67 6176.4 6166.89 6146.53 6128.9 6121.2 6123.02 6127.7 6125.64 6108.18 6070.78 
6127.31 6133.46 6138.38 6147.48 6161.37 6175.86 6183.04 6173.28 6138.05 6072.85 5979.81 
6077.74 6085.49 6079.05 6072.08 6076.92 6099.26 6135.04 6170.66 6186.72 6163.98 6089.76 
6211.36 6208.91 6161.82 6103.76 6059.33 6041.09 6049.03 6072.33 6093.27 6092.39 6054.35 
6111.34 6102.83 6097.96 6106.64 6130.09 6161.66 6189.93 6203.14 6193.48 6160.03 6109.53 
6229.58 6133.82 6095.16 6096.09 6120.23 6153.46 6183.51 6199.07 6189.38 6145.25 6061.26 
6072.17 6058.66 6068.71 6094.48 6127.15 6156.72 6173.99 6174.05 6160.08 6145.22 6151.29 
6206.17 6084.17 6015.39 6000.32 6028.5 6081.11 6136.3 6175.49 6188.4 6175.11 6144.58 
6070.05 6080.07 6067.96 6054.44 6056.03 6080.03 6121.58 6164.21 6184.09 6157.46 6068.93 
6092.53 6102.22 6111.49 6123.48 6139.19 6157.4 6175.8 6192.58 6207.63 6222.49 6239.02 
6106.47 6046.58 6033.06 6049.96 6084.3 6125.73 6164.66 6190.56 6191.77 6157.64 6082.32 
6097.02 6064.97 6048.89 6050.53 6068.43 6096.36 6123.45 6136.26 6121.87 6071.04 5980.16 
6167.88 6152.73 6131.43 6108.93 6094.72 6091.15 6091.04 6088.2 6095.15 6157.02 6350.6 
6156.28 6153.98 6146.05 6134.72 6122.88 6111.64 6099.24 6083.49 6067.76 6067.54 6113.03 
6261.62 6130.78 6086.41 6103.84 6147.59 6183.39 6188.6 6159.67 6115.93 6098.57 6163.41 
6280.46 6130.52 6088.93 6109.68 6141.63 6148.07 6118.46 6069.86 6039.47 6072.6 6210.03 
6277.68 6216.35 6175.11 6150.99 6135.91 6120.09 6099.03 6079.74 6081.39 6128.88 6241.74 
6246.93 6185.92 6150.99 6127.32 6108.73 6098.15 6100.6 6114.56 6128.54 6125.36 6091.44 
6223.28 6106.18 6096.75 6135.5 6171.43 6175.78 6146.11 6101.1 6069.5 6078.1 6142.68 
6244.16 6132.33 6076.41 6071.88 6096.76 6123.02 6130.98 6121.3 6119.78 6172.09 6329.44 
6196.69 6068.64 6047.87 6086.52 6138.25 6171.29 6171.78 6142.18 6099.5 6073.27 6099.93 
5943.26 6051.92 6105.25 6136.95 6160.25 6171.74 6163.09 6133.49 6095.85 6073.83 6092.03 
6273.17 6119.71 6065.78 6081.45 6125.46 6160.63 6167.44 6150.45 6134.26 6149.69 6215.5 
6190.41 6142.37 6116.41 6113.8 6127.09 6140.27 6135.57 6105.42 6063.35 6046.35 6104.33 
6246.49 6145.24 6095.15 6070.69 6063.4 6072.29 6093.86 6117.84 6130.48 6121.95 6092.95 
6125.37 6143.13 6152.03 6159.87 6162.25 6150.21 6120.09 6081.31 6057.89 6081.87 6180.44 
6350.57 6206.58 6133.86 6119.01 6136.38 6157.8 6162.99 6145.79 6114.25 6086.65 6087.2 
6152.44 6082.62 6077.79 6098.54 6113.6 6108.14 6086.6 6069.59 6085.44 6158.39 6296.83 
6217.67 6169.56 6164 6184.34 6205.58 6205.68 6176.81 6130.54 6093.13 6092.33 6141.56 
6332.48 6162.34 6079.52 6076.02 6121.01 6173.77 6201.33 6191.19 6152.44 6105.66 6068.04 
6135.96 6114.28 6122.5 6149.93 6175.46 6179.03 6154.14 6113.97 6087.29 6106.33 6193.49 
6138.53 6107.68 6106.14 6120.98 6140.63 6157.82 6169.36 6172.54 6160.49 6120.15 6035.35 
6097.23 6146.36 6141.72 6131.53 6134.28 6144.06 6146.05 6133.2 6115.54 6118.45 6172.15 
6115.17 6156.55 6175.22 6176.88 6168.03 6154.97 6144.19 6142.16 6153.55 6178.59 6211.72 
6196.69 6142.86 6090.04 6053.66 6041.78 6053.2 6076.73 6092.9 6079.71 6021.24 5916.17 
6179.67 6078.06 6050.86 6074.17 6114.42 6142.35 6143.45 6122.33 6100.07 6105.24 6161.15 
6095.11 6044.25 6045.68 6073.72 6107.58 6132.15 6139.12 6128.92 6112.25 6109.37 6145.84 
6194.33 6099.7 6076.1 6089.41 6109.22 6114.43 6097.52 6067.77 6050.32 6076.92 6167.87 
6308.89 6134.71 6065.65 6054.86 6063.68 6070.13 6069.48 6069.03 6081.01 6116.07 6178.69 
6119.32 6079.07 6058.77 6059.25 6083.31 6127.89 6179.26 6214.08 6206.78 6139.8 6012.03 
6133.2 6116.7 6111.03 6111.38 6105.79 6087.23 6061.55 6046.37 6061.11 6113.73 6191.6 
6277.92 6186.25 6122.44 6100.04 6107.78 6116.96 6101.91 6062.39 6034.11 6080.21 6266.54 
6249.71 6215.65 6203.03 6183.53 6149.52 6114 6097.75 6112.1 6148.01 6178.96 6176.23 
6091.27 6105.88 6129.35 6151.2 6166.03 6170.15 6161.81 6145.59 6137.68 6167.79 6274.61 
6243.94 6224.11 6195.06 6171.72 6153.11 6130.57 6101.23 6078.44 6092.45 6180.15 6368.84 
6357.96 6120.61 6030.55 6046.62 6114.61 6177.46 6192.57 6149.79 6080.05 6046.41 6118.2 
6285.01 6118.68 6062.53 6076.95 6113.89 6134.83 6123.23 6088.17 6058.91 6073.38 6164.6 
6231.42 6185.77 6120.15 6074.32 6064.76 6085.07 6116.1 6139.9 6150.33 6155.34 6170.65 
6268.17 6227.11 6185.53 6148.3 6125.78 6124.61 6141.73 6164.1 6172.75 6147.74 6071.11 
6209.75 6154.78 6115.09 6092.75 6085.56 6087.62 6093.74 6103.82 6123.41 6159.62 6215.13 
6218.22 6127.01 6106.32 6124.73 6148.07 6154.36 6143.36 6135.54 6160.36 6239.15 6370.99 
6279.05 6138.52 6089.88 6098.55 6132.38 6165.95 6184.59 6184.38 6166.38 6127.44 6053.42 
6281.25 6214.72 6153.47 6113.4 6100.43 6110.33 6133.03 6157.24 6172.05 6164.96 6119.51 
6186.45 6129.97 6112.41 6125.48 6148.86 6160.02 6147.5 6120.9 6112.13 6166.51 6327.63 
6211.46 6208.74 6195.08 6174.55 6155.72 6146.49 6149.94 6164.08 6184.95 6210.09 6239.17 
6232.5 6168.64 6140.99 6141.75 6154.66 6159.46 6141.8 6103.5 6066.45 6066.66 6140.02 
6259.02 6169 6145.36 6164.7 6191.79 6196.17 6167.04 6119.22 6087.67 6113.72 6229.47 
6203.34 6078.74 6047.12 6077.39 6132.34 6177.46 6191.61 6174.05 6143.19 6126.82 6148.24 
6102.13 6080.05 6078.88 6091.11 6108.3 6123.12 6129.63 6123.36 6102.11 6067.09 6022.77 
6282.95 6204.29 6149.82 6113.91 6093.81 6089.82 6101.65 6124.4 6147.93 6161.04 6158.41 
6371.96 6243.01 6190.97 6183.19 6185.68 6170.72 6126.57 6064.79 6020.41 6042.89 6180.59 
6186.31 6114.07 6076.46 6073.16 6095.56 6127.25 6148.53 6144.67 6114.23 6072.55 6046.78 
6195.37 6127.74 6085.04 6084.99 6116.36 6151.05 6162.48 6142.82 6112.4 6117.81 6219.63 
6323.25 6166.45 6092.73 6086.1 6116.17 6148.15 6156.33 6136.02 6109.1 6120.76 6228.09 
6310.62 6191.6 6139.64 6133.52 6147.25 6158.11 6153.03 6131.2 6101.91 6078.47 6070.31 
6245.36 6171.68 6150.78 6143.14 6126.7 6096.6 6062.09 6041.68 6056.8 6123.97 6247.26 
6208.45 6136.2 6107.77 6108.72 6123.97 6137.93 6138.06 6119.18 6084.4 6040.84 5992.13 
6128.9 6079.1 6079.95 6106 6128.11 6125.24 6095.25 6058.44 6050.63 6107.33 6246 
6283.08 6180.35 6135.6 6127.49 6134.8 6141.45 6140.36 6134.64 6135.39 6156.86 6210.61 
6161.3 6111.17 6100.45 6095.32 6081.69 6063.56 6053.95 6064.49 6099.8 6159.1 6242.99 
6184.25 6134.13 6112.41 6110.96 6118.07 6123.17 6122.39 6121.52 6133.93 6173.19 6243.48 
6203.61 6143.4 6130.87 6140.2 6149.43 6145.2 6125.74 6100.66 6087.08 6102.53 6157.1 
6309.54 6140.29 6074.81 6082.27 6126.49 6173.91 6199.25 6190.94 6157.47 6131.87 6169.55 
6207.3 6151.15 6096.53 6075.93 6097.18 6143.9 6187.12 6202.57 6186.34 6162.26 6178 
6252.39 6142.92 6113.75 6132.58 6160.61 6167.39 6142.27 6096.34 6053.85 6037.71 6057.01 
6204.58 6159.53 6135.04 6118.38 6104.34 6093.38 6088.63 6093.49 6110.7 6142.01 6187.82 
6075.81 6036.36 6029.54 6051.78 6087.51 6119.63 6138.51 6145.64 6151.12 6167.61 6204.38 
6241.98 6188.28 6171.98 6172.67 6168.66 6147.76 6113.93 6085.43 6084.18 6121.44 6187.2 
6399.75 6189.21 6090.8 6059 6058.03 6068.64 6083.39 6097.59 6104.7 6099.41 6084.89 
6118.61 6186.61 6179.33 6136.21 6099.18 6097.69 6136.83 6193.5 6222.66 6172.6 6003.96 
6156.99 6149.3 6118.45 6097.29 6098.7 6115.35 6129.55 6128.29 6114.81 6108.98 6134.95 
6288.41 6224.76 6179.95 6158.68 6152.62 6147.58 6132.81 6108.51 6088.44 6096.38 6157.77 
6187.49 6088.65 6063.8 6087.55 6126.61 6154.36 6159.15 6143.81 6119.05 6096.57 6086.5 
6141.76 6096.43 6077.03 6092.24 6128.18 6159.65 6165.84 6143.24 6110.75 6105.95 6174.98 
6273.63 6199.63 6158.13 6137.79 6128.74 6126.63 6132.38 6146.44 6159.99 6147.68 6067.27 
6200 6215.81 6206.83 6185.77 6161.72 6138.7 6117.07 6097.14 6082.64 6082.11 6106.87 
6173.91 6160.91 6134.43 6101.81 6079.64 6084.02 6118.33 6164.8 6186.33 6140.13 5998.91 
6253.54 6109.72 6075.6 6094.55 6119.66 6125.43 6109.65 6086.17 6072.71 6078.86 6098.64 
6163.67 6158.37 6154.34 6163.62 6181.42 6192.35 6182.03 6149.34 6113.26 6109.73 6177.95 
6240.66 6150.14 6085.53 6064.1 6080.76 6110.73 6124.29 6106.71 6072.73 6067.18 6150.25 
6220.96 6122.8 6092.62 6105.52 6131.79 6150.28 6154.22 6149.15 6146.68 6159.67 6201.34 
6145.51 6108.52 6099.59 6112.71 6124.65 6113.86 6077.28 6038.15 6042.42 6146.13 6398.9 
6156.54 6143.56 6138.87 6131.4 6117.13 6101.66 6094.35 6098.43 6104.41 6091.63 6037.29 
6367.61 6108.76 6021.21 6040.74 6101.17 6151.92 6168.35 6152.16 6122.88 6103.85 6108.27 
6184.3 6121.23 6103.97 6116.17 6136.82 6147.27 6137.14 6109.21 6082.78 6093.4 6186.73 
6205.2 6195.89 6177.78 6152.79 6128.85 6114.45 6111.15 6109.95 6095.87 6060.07 6013.34 
6146.28 6092.97 6081.71 6101.54 6132.58 6155.65 6159.84 6146.42 6129.22 6132.71 6188.26 
6337.74 6200.69 6119.91 6085.05 6083.14 6098.55 6116 6126.11 6130.83 6145.26 6193.54 
6238.73 6154.04 6103.63 6083.77 6082.26 6085.12 6083.66 6080.44 6092.82 6152.8 6301.88 
6323.76 6151.11 6070.43 6069.97 6111.83 6152.49 6163.84 6144.4 6116.37 6111.67 6155.42 
6285.22 6180.97 6100.77 6061.75 6067.5 6105.39 6148.56 6165.27 6134.96 6064.63 5996.54 
6068 6118.65 6144.54 6152.81 6148.55 6137.32 6125.12 6117.73 6121.95 6148.36 6212.88 
6126.57 6024.87 6041.73 6110.2 6169.22 6185.73 6160.91 6119.84 6092.09 6094.42 6124.02 
6130.2 6100.06 6093.16 6097.37 6101.75 6099.26 6088.98 6077.36 6078.68 6114.5 6211.78 
6213.23 6178.08 6138.72 6105.32 6087.9 6092.86 6118.66 6153.15 6175.08 6160.87 6094.65 
6052.16 6130.3 6148.29 6145.66 6145.33 6147.13 6137.62 6109.52 6078.13 6084.15 6180.33 
6184.98 6085.78 6060.51 6074.33 6095.7 6105.78 6100.69 6088.09 6082.04 6098.93 6155.05 
6311.54 6164.33 6107.74 6103.31 6118.49 6134.1 6143.51 6146.25 6139.35 6110.02 6031.73 
6342.51 6210.74 6159.12 6152.99 6159.97 6161.37 6153.73 6140.97 6122.89 6087.75 6013.84 
6128.7 6133.93 6106.08 6081.41 6078.66 6098.02 6125.47 6141.55 6132.45 6099.72 6064.4 
6211.76 6149.01 6097.59 6071.41 6070.38 6085.98 6107.46 6125.58 6133.19 6123.98 6091.29 
6234.14 6119.4 6103.93 6131.75 6159.81 6168.4 6158.7 6139.87 6113.15 6062.25 5955.5 
6289.84 6193.14 6134.66 6109 6104.97 6109.97 6115.12 6117.93 6120.86 6127.06 6136.59 
6310.02 6176.01 6115.07 6109.06 6132.2 6158.89 6171.13 6162.78 6139.05 6111.08 6088.07 
6226.53 6148.83 6108.73 6102.71 6115.47 6130.22 6136.61 6133.76 6128.82 6132.82 6156.05 
6392.3 6239.32 6158.85 6126.41 6118.01 6118.57 6124.52 6138.73 6159.81 6171.94 6141.45 
6126.39 6093.12 6100.71 6132.17 6161.19 6163.22 6129.71 6078.52 6053.76 6113.11 6306.88 
6296.33 6113.27 6061.84 6084.87 6124.5 6138.19 6111.19 6061.81 6036.46 6093.35 6278.57 
6221.16 6133.64 6107.44 6111.98 6125.43 6133.53 6129.15 6113.1 6094.86 6091.36 6123.27 
6393.59 6187.96 6084.56 6069.62 6106.31 6152.62 6177.32 6170.46 6146.86 6142.2 6202.11 
6189.27 6122.06 6092.39 6089.44 6100.32 6115.86 6132.85 6151.42 6168.38 6170.18 6129.69 
6234.22 6192.32 6154.86 6122.06 6098.58 6090.45 6100.06 6121.46 6137.62 6120.39 6033.52 
6285.19 6148.77 6059.75 6031.6 6055.43 6109.55 6167.82 6205.96 6208.23 6176.13 6137.06 
6217.15 6170.51 6134 6105.93 6089.26 6084.11 6085.3 6086.47 6087.3 6098.08 6137.46 
6212.31 6186.14 6162.04 6148.3 6148.68 6159.13 6168.26 6162.32 6132.73 6082.2 6026.12 
6171.93 6138.88 6129.55 6139.87 6162.16 6185.76 6199.17 6194.05 6170.35 6140.91 6132.99 
6236.22 6212.31 6212.85 6216.28 6205.43 6175.97 6137.36 6106.52 6098.03 6116.24 6153.01 
6280.01 6165.78 6102.2 6099 6136.61 6175.11 6175.69 6126.08 6058.34 6050.23 6207.82 
6281.81 6198.35 6123.61 6092.38 6105.28 6136.61 6155.47 6148.05 6128.49 6132.55 6198.3 
6313.86 6157.2 6083.63 6069.84 6085.5 6103.4 6108.23 6100.87 6096.25 6114.81 6170.53 
6239.77 6123.79 6079.74 6099.03 6145.51 6177.6 6170.17 6130.19 6102.04 6159.24 6383.08 
6198.18 6095.92 6034.99 6020.39 6041.28 6078.21 6112.42 6132.15 6133.23 6114.53 6072.06 
6181.12 6159.21 6148.02 6142 6140.87 6148.92 6169.51 6196.61 6208.14 6167.38 6034.78 
6249.26 6141.78 6086.01 6076.39 6097.59 6130.62 6157.71 6165.89 6150.73 6120.78 6101.06 
6253.52 6119.45 6090.95 6115.49 6148.17 6162.19 6152.91 6135.11 6134.84 6178.38 6281.87 
6173.87 6092.57 6100.48 6151.78 6193.49 6189.56 6136.07 6062.13 6017.58 6053.57 6203.99 
6267.6 6107.82 6028.55 6022.75 6061.87 6110.23 6141.67 6150.47 6151.11 6168.13 6221.84 
6052.6 6085.97 6133.32 6156.8 6154.08 6144.71 6148.71 6168.71 6184.04 6158.04 6053.54 
6344.72 6147.01 6101.54 6130.62 6166.32 6169.35 6136.3 6092.78 6075.56 6110.86 6198.12 
6230.48 6178.49 6147.33 6131.72 6121.42 6108.08 6091.72 6084.16 6107.18 6185.16 6334.17 
6255.98 6173.42 6106.48 6071.76 6067.97 6083.99 6106.31 6126.04 6145.11 6180.14 6260.45 
6296.03 6180.52 6113.13 6092.22 6105.75 6132.41 6148.41 6139.55 6114.08 6109.91 6190.02 
6154.01 6097.75 6084.73 6103.46 6130.42 6144.05 6136.17 6115.78 6103.72 6121 6176.49 
6165 6113.93 6087.41 6084.96 6099.67 6119.47 6131.5 6127.8 6109.6 6087.72 6078.5 
6187.23 6161.83 6127.59 6087.4 6050.72 6030.69 6037.04 6068.76 6111.18 6140.6 6135.16 
6413.79 6185.07 6093.31 6091.26 6130.8 6172.15 6189.65 6173.4 6127.23 6065.24 6008.32 
6426.23 6224.76 6126.5 6109.41 6133.74 6157.86 6157.06 6134.55 6116.43 6131.52 6186.19 
6287.03 6179.33 6125.83 6119.94 6135.69 6148.16 6148.34 6144.28 6149.89 6170.69 6197.12 
6246.25 6130.27 6079.7 6080.37 6108.5 6137.59 6147.52 6132.56 6104.68 6089.41 6114.99 
6209.05 6169.31 6165.94 6182.3 6193.87 6182.34 6145.57 6100.74 6081.5 6131.38 6295.51 
6308.44 6226.78 6157.56 6122.14 6116.87 6121.97 6116.53 6093.77 6071.16 6091.19 6211.63 
6277.27 6200.98 6136.04 6110.3 6121.21 6146.67 6162.38 6157.51 6141.78 6140.89 6182.51 
6361.38 6214.69 6153.89 6145.18 6154.97 6159.26 6148.8 6130.17 6124.39 6163.79 6286.71 
6307.27 6184.02 6148.28 6164.3 6192.45 6202.8 6185.33 6153.08 6136.36 6169.75 6276.7 
6197 6132.96 6110.21 6106.72 6107.66 6105.6 6098.98 6091.63 6094.33 6127.66 6223.2 
6470.58 6248.65 6136.95 6105.4 6118.53 6142.63 6153.2 6141.01 6113.88 6092.43 6100.11 
6119.91 6114.28 6123.28 6135.32 6137.46 6123.58 6098.68 6077.09 6075.21 6102.84 6157.36 
6199.29 6125.23 6104.91 6114.85 6134.27 6146.96 6144.09 6126.64 6105.84 6100.94 6134.63 
6316.71 6132.52 6072.03 6078.69 6099.39 6100.06 6073.36 6037.24 6026.37 6079.89 6228.81 
6218.78 6058.3 6049.84 6111.09 6167.31 6177.51 6144.88 6106.06 6103.69 6154.74 6229.82 
6221.98 6124.93 6094.51 6112.96 6149.02 6172.45 6166.29 6133.6 6097.84 6097.72 6177.89 
6252.96 6154.34 6107.9 6113.17 6153.92 6200.19 6221.6 6205.55 6169.05 6155.47 6215.26 
6029.75 6138.03 6152.62 6118.94 6085.6 6084.78 6121.82 6178.93 6230.2 6259.83 6273.86 
6195.86 6172.64 6152.51 6135.43 6130.96 6145.76 6174.33 6198.86 6198.46 6163.22 6105.37 
6204.14 6162.29 6135.88 6139.18 6157.86 6163.29 6134.77 6078.03 6030.93 6054.57 6214.9 
6070.48 6085.45 6104.29 6120.62 6126.3 6119.42 6107.26 6103.63 6123.8 6180.94 6286.02 
6163.59 6146.31 6147.66 6154.77 6156.41 6148.76 6135.29 6122.09 6112.14 6101.06 6075.92 
6273.4 6166.26 6119.9 6107.13 6108.56 6114.5 6122.79 6133.83 6145.1 6147.77 6126.77 
6144.66 6137.56 6118.82 6099.97 6090.36 6094.21 6107.83 6120.59 6121.1 6106.12 6086.77 
6326.45 6141.07 6072.16 6074.58 6106.54 6137.58 6153.31 6154.64 6151.35 6152.61 6159.5 
6305.07 6205.09 6154.09 6140.22 6141.91 6137.68 6116.4 6084.9 6069.63 6110.38 6246.68 
6296.04 6176.64 6114.82 6111.66 6140.51 6166.53 6166.24 6137.25 6095.35 6062.86 6056.59 
6391.43 6193.07 6089.67 6062.57 6082.22 6121.4 6161.83 6191.25 6194.62 6146.75 6013.23 
6140.66 6184.42 6179.44 6142.68 6098.8 6070.34 6069.3 6094.38 6134.82 6178 6216.21 
6208.26 6112.81 6096.88 6117.3 6145 6166.19 6177.24 6178.71 6173.3 6168.28 6179.24 
6211.4 6143.72 6102.81 6084.44 6082.8 6092.09 6107.49 6123.86 6132.41 6118.02 6060.22 
6217.39 6219.66 6193.63 6157.36 6125.64 6108.69 6112.02 6135.75 6172.54 6205.36 6207.63 
6226.78 6116.7 6100.88 6125.06 6146.15 6140.66 6109.43 6075.27 6071.64 6125.02 6237.82 
6355.59 6187.79 6104.88 6080.2 6086.75 6104.49 6124 6144.58 6167.41 6186.95 6185.35 
6307.45 6203.15 6126.31 6088.91 6082.79 6090.97 6100.09 6108.72 6129.11 6182.84 6293.34 
6158.94 6142.39 6133.62 6136.03 6145.02 6152.63 6152.28 6141.95 6125.13 6110.08 6108.03 
6169.92 6152.69 6133.71 6132.29 6150.24 6176.41 6195.58 6196.68 6176.09 6134.12 6067.39 
6268.42 6127.12 6093.68 6130.98 6186.1 6213.74 6195.15 6144.98 6103.41 6117.04 6216.48 
6184.81 6127.31 6101.44 6110.38 6137.4 6156.83 6149.75 6115.17 6070.29 6040.35 6044.81 
6302.75 6154.49 6081.76 6068.77 6089.65 6116.92 6132.31 6133.48 6131.92 6142.5 6170.65 
6118.76 6106.46 6077.58 6049.07 6041.86 6065.39 6109.25 6145.54 6139.9 6065.25 5911.9 
6172.56 6172.76 6146.87 6122.12 6115.37 6127.34 6144.76 6148.69 6124.23 6066.99 5983.91 
6275.93 6125.51 6087.03 6111.91 6145.2 6148.95 6116.16 6069.31 6045.87 6079.3 6185.33 
6275.05 6187.08 6146.49 6141.31 6148.96 6148.28 6129.63 6099.88 6080.57 6098.92 6174.13 
6363.47 6203.68 6134.34 6120.38 6130.4 6139.95 6134.54 6111.72 6080.02 6053.37 6041.89 
6281.93 6139.46 6104.81 6142.34 6197.4 6223.07 6201 6145.68 6090.31 6062.34 6062.28 
6248.79 6162.63 6117.75 6105.33 6109.36 6114.59 6112.16 6102.3 6094.47 6104.74 6150.68 
6244.57 6134.95 6097.63 6105.71 6122.68 6121.47 6098.15 6072.22 6073.53 6123.07 6218.9 
6283.18 6167.44 6107.33 6102.22 6124.89 6139.04 6122.05 6081.97 6060.77 6122.38 6331.13 
6403.23 6152.51 6046.33 6043.03 6085.95 6125.09 6134.58 6119.16 6107.83 6138.32 6239.64 
6192.52 6156.31 6126.56 6105.05 6095.73 6099.91 6114.05 6131.22 6144.34 6148.59 6141.11 
6145.38 6128.32 6121.6 6133.24 6156.18 6174.19 6171.78 6144.7 6106.51 6087.88 6128.04 
6189.39 6166.61 6151.26 6143.33 6138.52 6131.85 6122.26 6115.03 6119.64 6142.93 6180.25 
6292.12 6087.52 6041.25 6087.86 6156.37 6193.99 6182.42 6138.8 6099.73 6094.48 6119.95 
6099.88 6084.75 6097.24 6118.81 6138.24 6149.57 6149.42 6136.59 6115.01 6098.22 6111.72 
6159.15 6102.43 6097.52 6118.75 6139.13 6138.65 6110.49 6065.68 6035.27 6067.46 6216.98 
6197.58 6146.26 6128.19 6127.88 6130.2 6127.08 6118.7 6109.09 6099.31 6081.99 6040.17 
6230.85 6155.33 6119.1 6102.15 6092.57 6086.58 6085.74 6092.43 6106.56 6126.5 6154.85 
6223.3 6194.23 6153.31 6127.32 6128.78 6148.24 6161.54 6148.65 6113.45 6092.44 6146.1 
6308.1 6186.43 6090.33 6044.01 6044.61 6068.35 6087.2 6087.1 6077.79 6088.75 6153.24 
6105.29 6102.75 6091.22 6089.19 6103.4 6131.16 6163.86 6191.56 6207.64 6211.41 6206.8 
6357.86 6151.19 6055.47 6058.56 6111.93 6161.95 6177.45 6160.19 6135.91 6134.43 6172.05 
6391.97 6217.89 6104.82 6051.98 6044.81 6062.88 6088.87 6114.43 6139.92 6168.43 6197.52 
6127.87 6145.1 6146.7 6142.29 6136.35 6127.15 6109.64 6084 6067.16 6101.44 6253.05 
6284.47 6119.12 6074.76 6099.12 6131.81 6131.54 6091.9 6040.41 6022.77 6080.57 6231.99 
6234.98 6117.92 6079.41 6085.6 6106.3 6122.96 6129.72 6128.92 6125.13 6121.6 6120.42 
6280.2 6174.8 6121.8 6104.76 6106.94 6118.14 6134.17 6151.59 6163.24 6158.88 6131.32 
